Printing 280 rows from table , null
+------------+-----------------------------------------------------+---------------------------------------------------------+
| LO_REVENUE |                LO_ORDERDATEYEARLEVEL                |                  LO_PARTKEYBRAND1LEVEL                  |
+------------+-----------------------------------------------------+---------------------------------------------------------+
|  568030008 | <http://lod2.eu/schemas/rdfh#lo_orderdateYear1992>  | <http://lod2.eu/schemas/rdfh#lo_partkeyBrand1MFGR-1210> |
+------------+-----------------------------------------------------+---------------------------------------------------------+
|  552505432 | <http://lod2.eu/schemas/rdfh#lo_orderdateYear1992>  | <http://lod2.eu/schemas/rdfh#lo_partkeyBrand1MFGR-1211> |
+------------+-----------------------------------------------------+---------------------------------------------------------+
|  683486709 | <http://lod2.eu/schemas/rdfh#lo_orderdateYear1992>  | <http://lod2.eu/schemas/rdfh#lo_partkeyBrand1MFGR-1212> |
+------------+-----------------------------------------------------+---------------------------------------------------------+
|  615323918 | <http://lod2.eu/schemas/rdfh#lo_orderdateYear1992>  | <http://lod2.eu/schemas/rdfh#lo_partkeyBrand1MFGR-1213> |
+------------+-----------------------------------------------------+---------------------------------------------------------+
|  616842823 | <http://lod2.eu/schemas/rdfh#lo_orderdateYear1992>  | <http://lod2.eu/schemas/rdfh#lo_partkeyBrand1MFGR-1214> |
+------------+-----------------------------------------------------+---------------------------------------------------------+
|  648939249 | <http://lod2.eu/schemas/rdfh#lo_orderdateYear1992>  | <http://lod2.eu/schemas/rdfh#lo_partkeyBrand1MFGR-1215> |
+------------+-----------------------------------------------------+---------------------------------------------------------+
|  643585438 | <http://lod2.eu/schemas/rdfh#lo_orderdateYear1992>  | <http://lod2.eu/schemas/rdfh#lo_partkeyBrand1MFGR-1216> |
+------------+-----------------------------------------------------+---------------------------------------------------------+
|  835229424 | <http://lod2.eu/schemas/rdfh#lo_orderdateYear1992>  | <http://lod2.eu/schemas/rdfh#lo_partkeyBrand1MFGR-1217> |
+------------+-----------------------------------------------------+---------------------------------------------------------+
|  606804083 | <http://lod2.eu/schemas/rdfh#lo_orderdateYear1992>  | <http://lod2.eu/schemas/rdfh#lo_partkeyBrand1MFGR-1218> |
+------------+-----------------------------------------------------+---------------------------------------------------------+
|  563125277 | <http://lod2.eu/schemas/rdfh#lo_orderdateYear1992>  | <http://lod2.eu/schemas/rdfh#lo_partkeyBrand1MFGR-1219> |
+------------+-----------------------------------------------------+---------------------------------------------------------+
|  667692830 | <http://lod2.eu/schemas/rdfh#lo_orderdateYear1992>  | <http://lod2.eu/schemas/rdfh#lo_partkeyBrand1MFGR-121>  |
+------------+-----------------------------------------------------+---------------------------------------------------------+
|  532641178 | <http://lod2.eu/schemas/rdfh#lo_orderdateYear1992>  | <http://lod2.eu/schemas/rdfh#lo_partkeyBrand1MFGR-1220> |
+------------+-----------------------------------------------------+---------------------------------------------------------+
|  580700081 | <http://lod2.eu/schemas/rdfh#lo_orderdateYear1992>  | <http://lod2.eu/schemas/rdfh#lo_partkeyBrand1MFGR-1221> |
+------------+-----------------------------------------------------+---------------------------------------------------------+
|  708154271 | <http://lod2.eu/schemas/rdfh#lo_orderdateYear1992>  | <http://lod2.eu/schemas/rdfh#lo_partkeyBrand1MFGR-1222> |
+------------+-----------------------------------------------------+---------------------------------------------------------+
|  550780875 | <http://lod2.eu/schemas/rdfh#lo_orderdateYear1992>  | <http://lod2.eu/schemas/rdfh#lo_partkeyBrand1MFGR-1223> |
+------------+-----------------------------------------------------+---------------------------------------------------------+
|  666115790 | <http://lod2.eu/schemas/rdfh#lo_orderdateYear1992>  | <http://lod2.eu/schemas/rdfh#lo_partkeyBrand1MFGR-1224> |
+------------+-----------------------------------------------------+---------------------------------------------------------+
|  563126392 | <http://lod2.eu/schemas/rdfh#lo_orderdateYear1992>  | <http://lod2.eu/schemas/rdfh#lo_partkeyBrand1MFGR-1225> |
+------------+-----------------------------------------------------+---------------------------------------------------------+
|  635218940 | <http://lod2.eu/schemas/rdfh#lo_orderdateYear1992>  | <http://lod2.eu/schemas/rdfh#lo_partkeyBrand1MFGR-1226> |
+------------+-----------------------------------------------------+---------------------------------------------------------+
|  572245240 | <http://lod2.eu/schemas/rdfh#lo_orderdateYear1992>  | <http://lod2.eu/schemas/rdfh#lo_partkeyBrand1MFGR-1227> |
+------------+-----------------------------------------------------+---------------------------------------------------------+
|  550885740 | <http://lod2.eu/schemas/rdfh#lo_orderdateYear1992>  | <http://lod2.eu/schemas/rdfh#lo_partkeyBrand1MFGR-1228> |
+------------+-----------------------------------------------------+---------------------------------------------------------+
|  587150187 | <http://lod2.eu/schemas/rdfh#lo_orderdateYear1992>  | <http://lod2.eu/schemas/rdfh#lo_partkeyBrand1MFGR-1229> |
+------------+-----------------------------------------------------+---------------------------------------------------------+
|  726185813 | <http://lod2.eu/schemas/rdfh#lo_orderdateYear1992>  | <http://lod2.eu/schemas/rdfh#lo_partkeyBrand1MFGR-122>  |
+------------+-----------------------------------------------------+---------------------------------------------------------+
|  570770198 | <http://lod2.eu/schemas/rdfh#lo_orderdateYear1992>  | <http://lod2.eu/schemas/rdfh#lo_partkeyBrand1MFGR-1230> |
+------------+-----------------------------------------------------+---------------------------------------------------------+
|  505686238 | <http://lod2.eu/schemas/rdfh#lo_orderdateYear1992>  | <http://lod2.eu/schemas/rdfh#lo_partkeyBrand1MFGR-1231> |
+------------+-----------------------------------------------------+---------------------------------------------------------+
|  659161892 | <http://lod2.eu/schemas/rdfh#lo_orderdateYear1992>  | <http://lod2.eu/schemas/rdfh#lo_partkeyBrand1MFGR-1232> |
+------------+-----------------------------------------------------+---------------------------------------------------------+
|  683613372 | <http://lod2.eu/schemas/rdfh#lo_orderdateYear1992>  | <http://lod2.eu/schemas/rdfh#lo_partkeyBrand1MFGR-1233> |
+------------+-----------------------------------------------------+---------------------------------------------------------+
|  596447019 | <http://lod2.eu/schemas/rdfh#lo_orderdateYear1992>  | <http://lod2.eu/schemas/rdfh#lo_partkeyBrand1MFGR-1234> |
+------------+-----------------------------------------------------+---------------------------------------------------------+
|  584148212 | <http://lod2.eu/schemas/rdfh#lo_orderdateYear1992>  | <http://lod2.eu/schemas/rdfh#lo_partkeyBrand1MFGR-1235> |
+------------+-----------------------------------------------------+---------------------------------------------------------+
|  608850090 | <http://lod2.eu/schemas/rdfh#lo_orderdateYear1992>  | <http://lod2.eu/schemas/rdfh#lo_partkeyBrand1MFGR-1236> |
+------------+-----------------------------------------------------+---------------------------------------------------------+
|  528499174 | <http://lod2.eu/schemas/rdfh#lo_orderdateYear1992>  | <http://lod2.eu/schemas/rdfh#lo_partkeyBrand1MFGR-1237> |
+------------+-----------------------------------------------------+---------------------------------------------------------+
|  562479392 | <http://lod2.eu/schemas/rdfh#lo_orderdateYear1992>  | <http://lod2.eu/schemas/rdfh#lo_partkeyBrand1MFGR-1238> |
+------------+-----------------------------------------------------+---------------------------------------------------------+
|  577189974 | <http://lod2.eu/schemas/rdfh#lo_orderdateYear1992>  | <http://lod2.eu/schemas/rdfh#lo_partkeyBrand1MFGR-1239> |
+------------+-----------------------------------------------------+---------------------------------------------------------+
|  755098322 | <http://lod2.eu/schemas/rdfh#lo_orderdateYear1992>  | <http://lod2.eu/schemas/rdfh#lo_partkeyBrand1MFGR-123>  |
+------------+-----------------------------------------------------+---------------------------------------------------------+
|  746865248 | <http://lod2.eu/schemas/rdfh#lo_orderdateYear1992>  | <http://lod2.eu/schemas/rdfh#lo_partkeyBrand1MFGR-1240> |
+------------+-----------------------------------------------------+---------------------------------------------------------+
|  649797080 | <http://lod2.eu/schemas/rdfh#lo_orderdateYear1992>  | <http://lod2.eu/schemas/rdfh#lo_partkeyBrand1MFGR-124>  |
+------------+-----------------------------------------------------+---------------------------------------------------------+
|  645919025 | <http://lod2.eu/schemas/rdfh#lo_orderdateYear1992>  | <http://lod2.eu/schemas/rdfh#lo_partkeyBrand1MFGR-125>  |
+------------+-----------------------------------------------------+---------------------------------------------------------+
|  584842614 | <http://lod2.eu/schemas/rdfh#lo_orderdateYear1992>  | <http://lod2.eu/schemas/rdfh#lo_partkeyBrand1MFGR-126>  |
+------------+-----------------------------------------------------+---------------------------------------------------------+
|  597628870 | <http://lod2.eu/schemas/rdfh#lo_orderdateYear1992>  | <http://lod2.eu/schemas/rdfh#lo_partkeyBrand1MFGR-127>  |
+------------+-----------------------------------------------------+---------------------------------------------------------+
|  605194974 | <http://lod2.eu/schemas/rdfh#lo_orderdateYear1992>  | <http://lod2.eu/schemas/rdfh#lo_partkeyBrand1MFGR-128>  |
+------------+-----------------------------------------------------+---------------------------------------------------------+
|  614832897 | <http://lod2.eu/schemas/rdfh#lo_orderdateYear1992>  | <http://lod2.eu/schemas/rdfh#lo_partkeyBrand1MFGR-129>  |
+------------+-----------------------------------------------------+---------------------------------------------------------+
|  665441570 | <http://lod2.eu/schemas/rdfh#lo_orderdateYear1993>  | <http://lod2.eu/schemas/rdfh#lo_partkeyBrand1MFGR-1210> |
+------------+-----------------------------------------------------+---------------------------------------------------------+
|  574899865 | <http://lod2.eu/schemas/rdfh#lo_orderdateYear1993>  | <http://lod2.eu/schemas/rdfh#lo_partkeyBrand1MFGR-1211> |
+------------+-----------------------------------------------------+---------------------------------------------------------+
|  622843007 | <http://lod2.eu/schemas/rdfh#lo_orderdateYear1993>  | <http://lod2.eu/schemas/rdfh#lo_partkeyBrand1MFGR-1212> |
+------------+-----------------------------------------------------+---------------------------------------------------------+
|  537628554 | <http://lod2.eu/schemas/rdfh#lo_orderdateYear1993>  | <http://lod2.eu/schemas/rdfh#lo_partkeyBrand1MFGR-1213> |
+------------+-----------------------------------------------------+---------------------------------------------------------+
|  599670502 | <http://lod2.eu/schemas/rdfh#lo_orderdateYear1993>  | <http://lod2.eu/schemas/rdfh#lo_partkeyBrand1MFGR-1214> |
+------------+-----------------------------------------------------+---------------------------------------------------------+
|  620609133 | <http://lod2.eu/schemas/rdfh#lo_orderdateYear1993>  | <http://lod2.eu/schemas/rdfh#lo_partkeyBrand1MFGR-1215> |
+------------+-----------------------------------------------------+---------------------------------------------------------+
|  582264380 | <http://lod2.eu/schemas/rdfh#lo_orderdateYear1993>  | <http://lod2.eu/schemas/rdfh#lo_partkeyBrand1MFGR-1216> |
+------------+-----------------------------------------------------+---------------------------------------------------------+
|  676795070 | <http://lod2.eu/schemas/rdfh#lo_orderdateYear1993>  | <http://lod2.eu/schemas/rdfh#lo_partkeyBrand1MFGR-1217> |
+------------+-----------------------------------------------------+---------------------------------------------------------+
|  589771285 | <http://lod2.eu/schemas/rdfh#lo_orderdateYear1993>  | <http://lod2.eu/schemas/rdfh#lo_partkeyBrand1MFGR-1218> |
+------------+-----------------------------------------------------+---------------------------------------------------------+
|  585699783 | <http://lod2.eu/schemas/rdfh#lo_orderdateYear1993>  | <http://lod2.eu/schemas/rdfh#lo_partkeyBrand1MFGR-1219> |
+------------+-----------------------------------------------------+---------------------------------------------------------+
|  665505903 | <http://lod2.eu/schemas/rdfh#lo_orderdateYear1993>  | <http://lod2.eu/schemas/rdfh#lo_partkeyBrand1MFGR-121>  |
+------------+-----------------------------------------------------+---------------------------------------------------------+
|  466499798 | <http://lod2.eu/schemas/rdfh#lo_orderdateYear1993>  | <http://lod2.eu/schemas/rdfh#lo_partkeyBrand1MFGR-1220> |
+------------+-----------------------------------------------------+---------------------------------------------------------+
|  521363146 | <http://lod2.eu/schemas/rdfh#lo_orderdateYear1993>  | <http://lod2.eu/schemas/rdfh#lo_partkeyBrand1MFGR-1221> |
+------------+-----------------------------------------------------+---------------------------------------------------------+
|  659926699 | <http://lod2.eu/schemas/rdfh#lo_orderdateYear1993>  | <http://lod2.eu/schemas/rdfh#lo_partkeyBrand1MFGR-1222> |
+------------+-----------------------------------------------------+---------------------------------------------------------+
|  594230859 | <http://lod2.eu/schemas/rdfh#lo_orderdateYear1993>  | <http://lod2.eu/schemas/rdfh#lo_partkeyBrand1MFGR-1223> |
+------------+-----------------------------------------------------+---------------------------------------------------------+
|  793732090 | <http://lod2.eu/schemas/rdfh#lo_orderdateYear1993>  | <http://lod2.eu/schemas/rdfh#lo_partkeyBrand1MFGR-1224> |
+------------+-----------------------------------------------------+---------------------------------------------------------+
|  549938447 | <http://lod2.eu/schemas/rdfh#lo_orderdateYear1993>  | <http://lod2.eu/schemas/rdfh#lo_partkeyBrand1MFGR-1225> |
+------------+-----------------------------------------------------+---------------------------------------------------------+
|  642279785 | <http://lod2.eu/schemas/rdfh#lo_orderdateYear1993>  | <http://lod2.eu/schemas/rdfh#lo_partkeyBrand1MFGR-1226> |
+------------+-----------------------------------------------------+---------------------------------------------------------+
|  602400666 | <http://lod2.eu/schemas/rdfh#lo_orderdateYear1993>  | <http://lod2.eu/schemas/rdfh#lo_partkeyBrand1MFGR-1227> |
+------------+-----------------------------------------------------+---------------------------------------------------------+
|  719167762 | <http://lod2.eu/schemas/rdfh#lo_orderdateYear1993>  | <http://lod2.eu/schemas/rdfh#lo_partkeyBrand1MFGR-1228> |
+------------+-----------------------------------------------------+---------------------------------------------------------+
|  592683823 | <http://lod2.eu/schemas/rdfh#lo_orderdateYear1993>  | <http://lod2.eu/schemas/rdfh#lo_partkeyBrand1MFGR-1229> |
+------------+-----------------------------------------------------+---------------------------------------------------------+
|  777985797 | <http://lod2.eu/schemas/rdfh#lo_orderdateYear1993>  | <http://lod2.eu/schemas/rdfh#lo_partkeyBrand1MFGR-122>  |
+------------+-----------------------------------------------------+---------------------------------------------------------+
|  611418892 | <http://lod2.eu/schemas/rdfh#lo_orderdateYear1993>  | <http://lod2.eu/schemas/rdfh#lo_partkeyBrand1MFGR-1230> |
+------------+-----------------------------------------------------+---------------------------------------------------------+
|  529316086 | <http://lod2.eu/schemas/rdfh#lo_orderdateYear1993>  | <http://lod2.eu/schemas/rdfh#lo_partkeyBrand1MFGR-1231> |
+------------+-----------------------------------------------------+---------------------------------------------------------+
|  690397017 | <http://lod2.eu/schemas/rdfh#lo_orderdateYear1993>  | <http://lod2.eu/schemas/rdfh#lo_partkeyBrand1MFGR-1232> |
+------------+-----------------------------------------------------+---------------------------------------------------------+
|  594584747 | <http://lod2.eu/schemas/rdfh#lo_orderdateYear1993>  | <http://lod2.eu/schemas/rdfh#lo_partkeyBrand1MFGR-1233> |
+------------+-----------------------------------------------------+---------------------------------------------------------+
|  721612619 | <http://lod2.eu/schemas/rdfh#lo_orderdateYear1993>  | <http://lod2.eu/schemas/rdfh#lo_partkeyBrand1MFGR-1234> |
+------------+-----------------------------------------------------+---------------------------------------------------------+
|  638832639 | <http://lod2.eu/schemas/rdfh#lo_orderdateYear1993>  | <http://lod2.eu/schemas/rdfh#lo_partkeyBrand1MFGR-1235> |
+------------+-----------------------------------------------------+---------------------------------------------------------+
|  506928496 | <http://lod2.eu/schemas/rdfh#lo_orderdateYear1993>  | <http://lod2.eu/schemas/rdfh#lo_partkeyBrand1MFGR-1236> |
+------------+-----------------------------------------------------+---------------------------------------------------------+
|  557938125 | <http://lod2.eu/schemas/rdfh#lo_orderdateYear1993>  | <http://lod2.eu/schemas/rdfh#lo_partkeyBrand1MFGR-1237> |
+------------+-----------------------------------------------------+---------------------------------------------------------+
|  489449419 | <http://lod2.eu/schemas/rdfh#lo_orderdateYear1993>  | <http://lod2.eu/schemas/rdfh#lo_partkeyBrand1MFGR-1238> |
+------------+-----------------------------------------------------+---------------------------------------------------------+
|  626675065 | <http://lod2.eu/schemas/rdfh#lo_orderdateYear1993>  | <http://lod2.eu/schemas/rdfh#lo_partkeyBrand1MFGR-1239> |
+------------+-----------------------------------------------------+---------------------------------------------------------+
|  669865826 | <http://lod2.eu/schemas/rdfh#lo_orderdateYear1993>  | <http://lod2.eu/schemas/rdfh#lo_partkeyBrand1MFGR-123>  |
+------------+-----------------------------------------------------+---------------------------------------------------------+
|  730419745 | <http://lod2.eu/schemas/rdfh#lo_orderdateYear1993>  | <http://lod2.eu/schemas/rdfh#lo_partkeyBrand1MFGR-1240> |
+------------+-----------------------------------------------------+---------------------------------------------------------+
|  622534569 | <http://lod2.eu/schemas/rdfh#lo_orderdateYear1993>  | <http://lod2.eu/schemas/rdfh#lo_partkeyBrand1MFGR-124>  |
+------------+-----------------------------------------------------+---------------------------------------------------------+
|  610593057 | <http://lod2.eu/schemas/rdfh#lo_orderdateYear1993>  | <http://lod2.eu/schemas/rdfh#lo_partkeyBrand1MFGR-125>  |
+------------+-----------------------------------------------------+---------------------------------------------------------+
|  646904457 | <http://lod2.eu/schemas/rdfh#lo_orderdateYear1993>  | <http://lod2.eu/schemas/rdfh#lo_partkeyBrand1MFGR-126>  |
+------------+-----------------------------------------------------+---------------------------------------------------------+
|  665004915 | <http://lod2.eu/schemas/rdfh#lo_orderdateYear1993>  | <http://lod2.eu/schemas/rdfh#lo_partkeyBrand1MFGR-127>  |
+------------+-----------------------------------------------------+---------------------------------------------------------+
|  745828978 | <http://lod2.eu/schemas/rdfh#lo_orderdateYear1993>  | <http://lod2.eu/schemas/rdfh#lo_partkeyBrand1MFGR-128>  |
+------------+-----------------------------------------------------+---------------------------------------------------------+
|  562984217 | <http://lod2.eu/schemas/rdfh#lo_orderdateYear1993>  | <http://lod2.eu/schemas/rdfh#lo_partkeyBrand1MFGR-129>  |
+------------+-----------------------------------------------------+---------------------------------------------------------+
|  685700687 | <http://lod2.eu/schemas/rdfh#lo_orderdateYear1994>  | <http://lod2.eu/schemas/rdfh#lo_partkeyBrand1MFGR-1210> |
+------------+-----------------------------------------------------+---------------------------------------------------------+
|  630535956 | <http://lod2.eu/schemas/rdfh#lo_orderdateYear1994>  | <http://lod2.eu/schemas/rdfh#lo_partkeyBrand1MFGR-1211> |
+------------+-----------------------------------------------------+---------------------------------------------------------+
|  645472737 | <http://lod2.eu/schemas/rdfh#lo_orderdateYear1994>  | <http://lod2.eu/schemas/rdfh#lo_partkeyBrand1MFGR-1212> |
+------------+-----------------------------------------------------+---------------------------------------------------------+
|  496881467 | <http://lod2.eu/schemas/rdfh#lo_orderdateYear1994>  | <http://lod2.eu/schemas/rdfh#lo_partkeyBrand1MFGR-1213> |
+------------+-----------------------------------------------------+---------------------------------------------------------+
|  612419617 | <http://lod2.eu/schemas/rdfh#lo_orderdateYear1994>  | <http://lod2.eu/schemas/rdfh#lo_partkeyBrand1MFGR-1214> |
+------------+-----------------------------------------------------+---------------------------------------------------------+
|  613483718 | <http://lod2.eu/schemas/rdfh#lo_orderdateYear1994>  | <http://lod2.eu/schemas/rdfh#lo_partkeyBrand1MFGR-1215> |
+------------+-----------------------------------------------------+---------------------------------------------------------+
|  617308453 | <http://lod2.eu/schemas/rdfh#lo_orderdateYear1994>  | <http://lod2.eu/schemas/rdfh#lo_partkeyBrand1MFGR-1216> |
+------------+-----------------------------------------------------+---------------------------------------------------------+
|  667483758 | <http://lod2.eu/schemas/rdfh#lo_orderdateYear1994>  | <http://lod2.eu/schemas/rdfh#lo_partkeyBrand1MFGR-1217> |
+------------+-----------------------------------------------------+---------------------------------------------------------+
|  552667659 | <http://lod2.eu/schemas/rdfh#lo_orderdateYear1994>  | <http://lod2.eu/schemas/rdfh#lo_partkeyBrand1MFGR-1218> |
+------------+-----------------------------------------------------+---------------------------------------------------------+
|  538198807 | <http://lod2.eu/schemas/rdfh#lo_orderdateYear1994>  | <http://lod2.eu/schemas/rdfh#lo_partkeyBrand1MFGR-1219> |
+------------+-----------------------------------------------------+---------------------------------------------------------+
|  656155146 | <http://lod2.eu/schemas/rdfh#lo_orderdateYear1994>  | <http://lod2.eu/schemas/rdfh#lo_partkeyBrand1MFGR-121>  |
+------------+-----------------------------------------------------+---------------------------------------------------------+
|  511932695 | <http://lod2.eu/schemas/rdfh#lo_orderdateYear1994>  | <http://lod2.eu/schemas/rdfh#lo_partkeyBrand1MFGR-1220> |
+------------+-----------------------------------------------------+---------------------------------------------------------+
|  547157771 | <http://lod2.eu/schemas/rdfh#lo_orderdateYear1994>  | <http://lod2.eu/schemas/rdfh#lo_partkeyBrand1MFGR-1221> |
+------------+-----------------------------------------------------+---------------------------------------------------------+
|  550635694 | <http://lod2.eu/schemas/rdfh#lo_orderdateYear1994>  | <http://lod2.eu/schemas/rdfh#lo_partkeyBrand1MFGR-1222> |
+------------+-----------------------------------------------------+---------------------------------------------------------+
|  501827133 | <http://lod2.eu/schemas/rdfh#lo_orderdateYear1994>  | <http://lod2.eu/schemas/rdfh#lo_partkeyBrand1MFGR-1223> |
+------------+-----------------------------------------------------+---------------------------------------------------------+
|  723810219 | <http://lod2.eu/schemas/rdfh#lo_orderdateYear1994>  | <http://lod2.eu/schemas/rdfh#lo_partkeyBrand1MFGR-1224> |
+------------+-----------------------------------------------------+---------------------------------------------------------+
|  501363149 | <http://lod2.eu/schemas/rdfh#lo_orderdateYear1994>  | <http://lod2.eu/schemas/rdfh#lo_partkeyBrand1MFGR-1225> |
+------------+-----------------------------------------------------+---------------------------------------------------------+
|  568169373 | <http://lod2.eu/schemas/rdfh#lo_orderdateYear1994>  | <http://lod2.eu/schemas/rdfh#lo_partkeyBrand1MFGR-1226> |
+------------+-----------------------------------------------------+---------------------------------------------------------+
|  553443907 | <http://lod2.eu/schemas/rdfh#lo_orderdateYear1994>  | <http://lod2.eu/schemas/rdfh#lo_partkeyBrand1MFGR-1227> |
+------------+-----------------------------------------------------+---------------------------------------------------------+
|  475284326 | <http://lod2.eu/schemas/rdfh#lo_orderdateYear1994>  | <http://lod2.eu/schemas/rdfh#lo_partkeyBrand1MFGR-1228> |
+------------+-----------------------------------------------------+---------------------------------------------------------+
|  641371289 | <http://lod2.eu/schemas/rdfh#lo_orderdateYear1994>  | <http://lod2.eu/schemas/rdfh#lo_partkeyBrand1MFGR-1229> |
+------------+-----------------------------------------------------+---------------------------------------------------------+
|  615424897 | <http://lod2.eu/schemas/rdfh#lo_orderdateYear1994>  | <http://lod2.eu/schemas/rdfh#lo_partkeyBrand1MFGR-122>  |
+------------+-----------------------------------------------------+---------------------------------------------------------+
|  563001857 | <http://lod2.eu/schemas/rdfh#lo_orderdateYear1994>  | <http://lod2.eu/schemas/rdfh#lo_partkeyBrand1MFGR-1230> |
+------------+-----------------------------------------------------+---------------------------------------------------------+
|  558960930 | <http://lod2.eu/schemas/rdfh#lo_orderdateYear1994>  | <http://lod2.eu/schemas/rdfh#lo_partkeyBrand1MFGR-1231> |
+------------+-----------------------------------------------------+---------------------------------------------------------+
|  609120342 | <http://lod2.eu/schemas/rdfh#lo_orderdateYear1994>  | <http://lod2.eu/schemas/rdfh#lo_partkeyBrand1MFGR-1232> |
+------------+-----------------------------------------------------+---------------------------------------------------------+
|  639189421 | <http://lod2.eu/schemas/rdfh#lo_orderdateYear1994>  | <http://lod2.eu/schemas/rdfh#lo_partkeyBrand1MFGR-1233> |
+------------+-----------------------------------------------------+---------------------------------------------------------+
|  635021247 | <http://lod2.eu/schemas/rdfh#lo_orderdateYear1994>  | <http://lod2.eu/schemas/rdfh#lo_partkeyBrand1MFGR-1234> |
+------------+-----------------------------------------------------+---------------------------------------------------------+
|  611832776 | <http://lod2.eu/schemas/rdfh#lo_orderdateYear1994>  | <http://lod2.eu/schemas/rdfh#lo_partkeyBrand1MFGR-1235> |
+------------+-----------------------------------------------------+---------------------------------------------------------+
|  642980782 | <http://lod2.eu/schemas/rdfh#lo_orderdateYear1994>  | <http://lod2.eu/schemas/rdfh#lo_partkeyBrand1MFGR-1236> |
+------------+-----------------------------------------------------+---------------------------------------------------------+
|  605570052 | <http://lod2.eu/schemas/rdfh#lo_orderdateYear1994>  | <http://lod2.eu/schemas/rdfh#lo_partkeyBrand1MFGR-1237> |
+------------+-----------------------------------------------------+---------------------------------------------------------+
|  520323291 | <http://lod2.eu/schemas/rdfh#lo_orderdateYear1994>  | <http://lod2.eu/schemas/rdfh#lo_partkeyBrand1MFGR-1238> |
+------------+-----------------------------------------------------+---------------------------------------------------------+
|  604578088 | <http://lod2.eu/schemas/rdfh#lo_orderdateYear1994>  | <http://lod2.eu/schemas/rdfh#lo_partkeyBrand1MFGR-1239> |
+------------+-----------------------------------------------------+---------------------------------------------------------+
|  586263120 | <http://lod2.eu/schemas/rdfh#lo_orderdateYear1994>  | <http://lod2.eu/schemas/rdfh#lo_partkeyBrand1MFGR-123>  |
+------------+-----------------------------------------------------+---------------------------------------------------------+
|  826205447 | <http://lod2.eu/schemas/rdfh#lo_orderdateYear1994>  | <http://lod2.eu/schemas/rdfh#lo_partkeyBrand1MFGR-1240> |
+------------+-----------------------------------------------------+---------------------------------------------------------+
|  614092509 | <http://lod2.eu/schemas/rdfh#lo_orderdateYear1994>  | <http://lod2.eu/schemas/rdfh#lo_partkeyBrand1MFGR-124>  |
+------------+-----------------------------------------------------+---------------------------------------------------------+
|  561077226 | <http://lod2.eu/schemas/rdfh#lo_orderdateYear1994>  | <http://lod2.eu/schemas/rdfh#lo_partkeyBrand1MFGR-125>  |
+------------+-----------------------------------------------------+---------------------------------------------------------+
|  641538925 | <http://lod2.eu/schemas/rdfh#lo_orderdateYear1994>  | <http://lod2.eu/schemas/rdfh#lo_partkeyBrand1MFGR-126>  |
+------------+-----------------------------------------------------+---------------------------------------------------------+
|  765116214 | <http://lod2.eu/schemas/rdfh#lo_orderdateYear1994>  | <http://lod2.eu/schemas/rdfh#lo_partkeyBrand1MFGR-127>  |
+------------+-----------------------------------------------------+---------------------------------------------------------+
|  589369164 | <http://lod2.eu/schemas/rdfh#lo_orderdateYear1994>  | <http://lod2.eu/schemas/rdfh#lo_partkeyBrand1MFGR-128>  |
+------------+-----------------------------------------------------+---------------------------------------------------------+
|  535649006 | <http://lod2.eu/schemas/rdfh#lo_orderdateYear1994>  | <http://lod2.eu/schemas/rdfh#lo_partkeyBrand1MFGR-129>  |
+------------+-----------------------------------------------------+---------------------------------------------------------+
|  514656574 | <http://lod2.eu/schemas/rdfh#lo_orderdateYear1995>  | <http://lod2.eu/schemas/rdfh#lo_partkeyBrand1MFGR-1210> |
+------------+-----------------------------------------------------+---------------------------------------------------------+
|  602015212 | <http://lod2.eu/schemas/rdfh#lo_orderdateYear1995>  | <http://lod2.eu/schemas/rdfh#lo_partkeyBrand1MFGR-1211> |
+------------+-----------------------------------------------------+---------------------------------------------------------+
|  603074506 | <http://lod2.eu/schemas/rdfh#lo_orderdateYear1995>  | <http://lod2.eu/schemas/rdfh#lo_partkeyBrand1MFGR-1212> |
+------------+-----------------------------------------------------+---------------------------------------------------------+
|  536000654 | <http://lod2.eu/schemas/rdfh#lo_orderdateYear1995>  | <http://lod2.eu/schemas/rdfh#lo_partkeyBrand1MFGR-1213> |
+------------+-----------------------------------------------------+---------------------------------------------------------+
|  562296487 | <http://lod2.eu/schemas/rdfh#lo_orderdateYear1995>  | <http://lod2.eu/schemas/rdfh#lo_partkeyBrand1MFGR-1214> |
+------------+-----------------------------------------------------+---------------------------------------------------------+
|  560291443 | <http://lod2.eu/schemas/rdfh#lo_orderdateYear1995>  | <http://lod2.eu/schemas/rdfh#lo_partkeyBrand1MFGR-1215> |
+------------+-----------------------------------------------------+---------------------------------------------------------+
|  733201650 | <http://lod2.eu/schemas/rdfh#lo_orderdateYear1995>  | <http://lod2.eu/schemas/rdfh#lo_partkeyBrand1MFGR-1216> |
+------------+-----------------------------------------------------+---------------------------------------------------------+
|  766560189 | <http://lod2.eu/schemas/rdfh#lo_orderdateYear1995>  | <http://lod2.eu/schemas/rdfh#lo_partkeyBrand1MFGR-1217> |
+------------+-----------------------------------------------------+---------------------------------------------------------+
|  642707967 | <http://lod2.eu/schemas/rdfh#lo_orderdateYear1995>  | <http://lod2.eu/schemas/rdfh#lo_partkeyBrand1MFGR-1218> |
+------------+-----------------------------------------------------+---------------------------------------------------------+
|  526933737 | <http://lod2.eu/schemas/rdfh#lo_orderdateYear1995>  | <http://lod2.eu/schemas/rdfh#lo_partkeyBrand1MFGR-1219> |
+------------+-----------------------------------------------------+---------------------------------------------------------+
|  564932693 | <http://lod2.eu/schemas/rdfh#lo_orderdateYear1995>  | <http://lod2.eu/schemas/rdfh#lo_partkeyBrand1MFGR-121>  |
+------------+-----------------------------------------------------+---------------------------------------------------------+
|  585930518 | <http://lod2.eu/schemas/rdfh#lo_orderdateYear1995>  | <http://lod2.eu/schemas/rdfh#lo_partkeyBrand1MFGR-1220> |
+------------+-----------------------------------------------------+---------------------------------------------------------+
|  530120003 | <http://lod2.eu/schemas/rdfh#lo_orderdateYear1995>  | <http://lod2.eu/schemas/rdfh#lo_partkeyBrand1MFGR-1221> |
+------------+-----------------------------------------------------+---------------------------------------------------------+
|  666863553 | <http://lod2.eu/schemas/rdfh#lo_orderdateYear1995>  | <http://lod2.eu/schemas/rdfh#lo_partkeyBrand1MFGR-1222> |
+------------+-----------------------------------------------------+---------------------------------------------------------+
|  641169155 | <http://lod2.eu/schemas/rdfh#lo_orderdateYear1995>  | <http://lod2.eu/schemas/rdfh#lo_partkeyBrand1MFGR-1223> |
+------------+-----------------------------------------------------+---------------------------------------------------------+
|  703416819 | <http://lod2.eu/schemas/rdfh#lo_orderdateYear1995>  | <http://lod2.eu/schemas/rdfh#lo_partkeyBrand1MFGR-1224> |
+------------+-----------------------------------------------------+---------------------------------------------------------+
|  555536546 | <http://lod2.eu/schemas/rdfh#lo_orderdateYear1995>  | <http://lod2.eu/schemas/rdfh#lo_partkeyBrand1MFGR-1225> |
+------------+-----------------------------------------------------+---------------------------------------------------------+
|  664045591 | <http://lod2.eu/schemas/rdfh#lo_orderdateYear1995>  | <http://lod2.eu/schemas/rdfh#lo_partkeyBrand1MFGR-1226> |
+------------+-----------------------------------------------------+---------------------------------------------------------+
|  581628958 | <http://lod2.eu/schemas/rdfh#lo_orderdateYear1995>  | <http://lod2.eu/schemas/rdfh#lo_partkeyBrand1MFGR-1227> |
+------------+-----------------------------------------------------+---------------------------------------------------------+
|  687814225 | <http://lod2.eu/schemas/rdfh#lo_orderdateYear1995>  | <http://lod2.eu/schemas/rdfh#lo_partkeyBrand1MFGR-1228> |
+------------+-----------------------------------------------------+---------------------------------------------------------+
|  683773925 | <http://lod2.eu/schemas/rdfh#lo_orderdateYear1995>  | <http://lod2.eu/schemas/rdfh#lo_partkeyBrand1MFGR-1229> |
+------------+-----------------------------------------------------+---------------------------------------------------------+
|  536402691 | <http://lod2.eu/schemas/rdfh#lo_orderdateYear1995>  | <http://lod2.eu/schemas/rdfh#lo_partkeyBrand1MFGR-122>  |
+------------+-----------------------------------------------------+---------------------------------------------------------+
|  579595422 | <http://lod2.eu/schemas/rdfh#lo_orderdateYear1995>  | <http://lod2.eu/schemas/rdfh#lo_partkeyBrand1MFGR-1230> |
+------------+-----------------------------------------------------+---------------------------------------------------------+
|  580677285 | <http://lod2.eu/schemas/rdfh#lo_orderdateYear1995>  | <http://lod2.eu/schemas/rdfh#lo_partkeyBrand1MFGR-1231> |
+------------+-----------------------------------------------------+---------------------------------------------------------+
|  754888206 | <http://lod2.eu/schemas/rdfh#lo_orderdateYear1995>  | <http://lod2.eu/schemas/rdfh#lo_partkeyBrand1MFGR-1232> |
+------------+-----------------------------------------------------+---------------------------------------------------------+
|  529519219 | <http://lod2.eu/schemas/rdfh#lo_orderdateYear1995>  | <http://lod2.eu/schemas/rdfh#lo_partkeyBrand1MFGR-1233> |
+------------+-----------------------------------------------------+---------------------------------------------------------+
|  651091002 | <http://lod2.eu/schemas/rdfh#lo_orderdateYear1995>  | <http://lod2.eu/schemas/rdfh#lo_partkeyBrand1MFGR-1234> |
+------------+-----------------------------------------------------+---------------------------------------------------------+
|  666334343 | <http://lod2.eu/schemas/rdfh#lo_orderdateYear1995>  | <http://lod2.eu/schemas/rdfh#lo_partkeyBrand1MFGR-1235> |
+------------+-----------------------------------------------------+---------------------------------------------------------+
|  647244672 | <http://lod2.eu/schemas/rdfh#lo_orderdateYear1995>  | <http://lod2.eu/schemas/rdfh#lo_partkeyBrand1MFGR-1236> |
+------------+-----------------------------------------------------+---------------------------------------------------------+
|  589898863 | <http://lod2.eu/schemas/rdfh#lo_orderdateYear1995>  | <http://lod2.eu/schemas/rdfh#lo_partkeyBrand1MFGR-1237> |
+------------+-----------------------------------------------------+---------------------------------------------------------+
|  513659003 | <http://lod2.eu/schemas/rdfh#lo_orderdateYear1995>  | <http://lod2.eu/schemas/rdfh#lo_partkeyBrand1MFGR-1238> |
+------------+-----------------------------------------------------+---------------------------------------------------------+
|  630727618 | <http://lod2.eu/schemas/rdfh#lo_orderdateYear1995>  | <http://lod2.eu/schemas/rdfh#lo_partkeyBrand1MFGR-1239> |
+------------+-----------------------------------------------------+---------------------------------------------------------+
|  665711987 | <http://lod2.eu/schemas/rdfh#lo_orderdateYear1995>  | <http://lod2.eu/schemas/rdfh#lo_partkeyBrand1MFGR-123>  |
+------------+-----------------------------------------------------+---------------------------------------------------------+
|  779785177 | <http://lod2.eu/schemas/rdfh#lo_orderdateYear1995>  | <http://lod2.eu/schemas/rdfh#lo_partkeyBrand1MFGR-1240> |
+------------+-----------------------------------------------------+---------------------------------------------------------+
|  549471242 | <http://lod2.eu/schemas/rdfh#lo_orderdateYear1995>  | <http://lod2.eu/schemas/rdfh#lo_partkeyBrand1MFGR-124>  |
+------------+-----------------------------------------------------+---------------------------------------------------------+
|  410181243 | <http://lod2.eu/schemas/rdfh#lo_orderdateYear1995>  | <http://lod2.eu/schemas/rdfh#lo_partkeyBrand1MFGR-125>  |
+------------+-----------------------------------------------------+---------------------------------------------------------+
|  540121966 | <http://lod2.eu/schemas/rdfh#lo_orderdateYear1995>  | <http://lod2.eu/schemas/rdfh#lo_partkeyBrand1MFGR-126>  |
+------------+-----------------------------------------------------+---------------------------------------------------------+
|  673853587 | <http://lod2.eu/schemas/rdfh#lo_orderdateYear1995>  | <http://lod2.eu/schemas/rdfh#lo_partkeyBrand1MFGR-127>  |
+------------+-----------------------------------------------------+---------------------------------------------------------+
|  601863471 | <http://lod2.eu/schemas/rdfh#lo_orderdateYear1995>  | <http://lod2.eu/schemas/rdfh#lo_partkeyBrand1MFGR-128>  |
+------------+-----------------------------------------------------+---------------------------------------------------------+
|  536371229 | <http://lod2.eu/schemas/rdfh#lo_orderdateYear1995>  | <http://lod2.eu/schemas/rdfh#lo_partkeyBrand1MFGR-129>  |
+------------+-----------------------------------------------------+---------------------------------------------------------+
|  595542754 | <http://lod2.eu/schemas/rdfh#lo_orderdateYear1996>  | <http://lod2.eu/schemas/rdfh#lo_partkeyBrand1MFGR-1210> |
+------------+-----------------------------------------------------+---------------------------------------------------------+
|  731875461 | <http://lod2.eu/schemas/rdfh#lo_orderdateYear1996>  | <http://lod2.eu/schemas/rdfh#lo_partkeyBrand1MFGR-1211> |
+------------+-----------------------------------------------------+---------------------------------------------------------+
|  606629750 | <http://lod2.eu/schemas/rdfh#lo_orderdateYear1996>  | <http://lod2.eu/schemas/rdfh#lo_partkeyBrand1MFGR-1212> |
+------------+-----------------------------------------------------+---------------------------------------------------------+
|  622169494 | <http://lod2.eu/schemas/rdfh#lo_orderdateYear1996>  | <http://lod2.eu/schemas/rdfh#lo_partkeyBrand1MFGR-1213> |
+------------+-----------------------------------------------------+---------------------------------------------------------+
|  540875196 | <http://lod2.eu/schemas/rdfh#lo_orderdateYear1996>  | <http://lod2.eu/schemas/rdfh#lo_partkeyBrand1MFGR-1214> |
+------------+-----------------------------------------------------+---------------------------------------------------------+
|  634117697 | <http://lod2.eu/schemas/rdfh#lo_orderdateYear1996>  | <http://lod2.eu/schemas/rdfh#lo_partkeyBrand1MFGR-1215> |
+------------+-----------------------------------------------------+---------------------------------------------------------+
|  660828416 | <http://lod2.eu/schemas/rdfh#lo_orderdateYear1996>  | <http://lod2.eu/schemas/rdfh#lo_partkeyBrand1MFGR-1216> |
+------------+-----------------------------------------------------+---------------------------------------------------------+
|  685095585 | <http://lod2.eu/schemas/rdfh#lo_orderdateYear1996>  | <http://lod2.eu/schemas/rdfh#lo_partkeyBrand1MFGR-1217> |
+------------+-----------------------------------------------------+---------------------------------------------------------+
|  518528207 | <http://lod2.eu/schemas/rdfh#lo_orderdateYear1996>  | <http://lod2.eu/schemas/rdfh#lo_partkeyBrand1MFGR-1218> |
+------------+-----------------------------------------------------+---------------------------------------------------------+
|  555762739 | <http://lod2.eu/schemas/rdfh#lo_orderdateYear1996>  | <http://lod2.eu/schemas/rdfh#lo_partkeyBrand1MFGR-1219> |
+------------+-----------------------------------------------------+---------------------------------------------------------+
|  647098045 | <http://lod2.eu/schemas/rdfh#lo_orderdateYear1996>  | <http://lod2.eu/schemas/rdfh#lo_partkeyBrand1MFGR-121>  |
+------------+-----------------------------------------------------+---------------------------------------------------------+
|  606140570 | <http://lod2.eu/schemas/rdfh#lo_orderdateYear1996>  | <http://lod2.eu/schemas/rdfh#lo_partkeyBrand1MFGR-1220> |
+------------+-----------------------------------------------------+---------------------------------------------------------+
|  585610045 | <http://lod2.eu/schemas/rdfh#lo_orderdateYear1996>  | <http://lod2.eu/schemas/rdfh#lo_partkeyBrand1MFGR-1221> |
+------------+-----------------------------------------------------+---------------------------------------------------------+
|  504108232 | <http://lod2.eu/schemas/rdfh#lo_orderdateYear1996>  | <http://lod2.eu/schemas/rdfh#lo_partkeyBrand1MFGR-1222> |
+------------+-----------------------------------------------------+---------------------------------------------------------+
|  618574345 | <http://lod2.eu/schemas/rdfh#lo_orderdateYear1996>  | <http://lod2.eu/schemas/rdfh#lo_partkeyBrand1MFGR-1223> |
+------------+-----------------------------------------------------+---------------------------------------------------------+
|  781443820 | <http://lod2.eu/schemas/rdfh#lo_orderdateYear1996>  | <http://lod2.eu/schemas/rdfh#lo_partkeyBrand1MFGR-1224> |
+------------+-----------------------------------------------------+---------------------------------------------------------+
|  631090018 | <http://lod2.eu/schemas/rdfh#lo_orderdateYear1996>  | <http://lod2.eu/schemas/rdfh#lo_partkeyBrand1MFGR-1225> |
+------------+-----------------------------------------------------+---------------------------------------------------------+
|  726889790 | <http://lod2.eu/schemas/rdfh#lo_orderdateYear1996>  | <http://lod2.eu/schemas/rdfh#lo_partkeyBrand1MFGR-1226> |
+------------+-----------------------------------------------------+---------------------------------------------------------+
|  518373679 | <http://lod2.eu/schemas/rdfh#lo_orderdateYear1996>  | <http://lod2.eu/schemas/rdfh#lo_partkeyBrand1MFGR-1227> |
+------------+-----------------------------------------------------+---------------------------------------------------------+
|  603695897 | <http://lod2.eu/schemas/rdfh#lo_orderdateYear1996>  | <http://lod2.eu/schemas/rdfh#lo_partkeyBrand1MFGR-1228> |
+------------+-----------------------------------------------------+---------------------------------------------------------+
|  615060386 | <http://lod2.eu/schemas/rdfh#lo_orderdateYear1996>  | <http://lod2.eu/schemas/rdfh#lo_partkeyBrand1MFGR-1229> |
+------------+-----------------------------------------------------+---------------------------------------------------------+
|  627830441 | <http://lod2.eu/schemas/rdfh#lo_orderdateYear1996>  | <http://lod2.eu/schemas/rdfh#lo_partkeyBrand1MFGR-122>  |
+------------+-----------------------------------------------------+---------------------------------------------------------+
|  573470062 | <http://lod2.eu/schemas/rdfh#lo_orderdateYear1996>  | <http://lod2.eu/schemas/rdfh#lo_partkeyBrand1MFGR-1230> |
+------------+-----------------------------------------------------+---------------------------------------------------------+
|  562430152 | <http://lod2.eu/schemas/rdfh#lo_orderdateYear1996>  | <http://lod2.eu/schemas/rdfh#lo_partkeyBrand1MFGR-1231> |
+------------+-----------------------------------------------------+---------------------------------------------------------+
|  714332490 | <http://lod2.eu/schemas/rdfh#lo_orderdateYear1996>  | <http://lod2.eu/schemas/rdfh#lo_partkeyBrand1MFGR-1232> |
+------------+-----------------------------------------------------+---------------------------------------------------------+
|  538853702 | <http://lod2.eu/schemas/rdfh#lo_orderdateYear1996>  | <http://lod2.eu/schemas/rdfh#lo_partkeyBrand1MFGR-1233> |
+------------+-----------------------------------------------------+---------------------------------------------------------+
|  724594584 | <http://lod2.eu/schemas/rdfh#lo_orderdateYear1996>  | <http://lod2.eu/schemas/rdfh#lo_partkeyBrand1MFGR-1234> |
+------------+-----------------------------------------------------+---------------------------------------------------------+
|  623234488 | <http://lod2.eu/schemas/rdfh#lo_orderdateYear1996>  | <http://lod2.eu/schemas/rdfh#lo_partkeyBrand1MFGR-1235> |
+------------+-----------------------------------------------------+---------------------------------------------------------+
|  630860194 | <http://lod2.eu/schemas/rdfh#lo_orderdateYear1996>  | <http://lod2.eu/schemas/rdfh#lo_partkeyBrand1MFGR-1236> |
+------------+-----------------------------------------------------+---------------------------------------------------------+
|  532629466 | <http://lod2.eu/schemas/rdfh#lo_orderdateYear1996>  | <http://lod2.eu/schemas/rdfh#lo_partkeyBrand1MFGR-1237> |
+------------+-----------------------------------------------------+---------------------------------------------------------+
|  487116475 | <http://lod2.eu/schemas/rdfh#lo_orderdateYear1996>  | <http://lod2.eu/schemas/rdfh#lo_partkeyBrand1MFGR-1238> |
+------------+-----------------------------------------------------+---------------------------------------------------------+
|  583815824 | <http://lod2.eu/schemas/rdfh#lo_orderdateYear1996>  | <http://lod2.eu/schemas/rdfh#lo_partkeyBrand1MFGR-1239> |
+------------+-----------------------------------------------------+---------------------------------------------------------+
|  587953406 | <http://lod2.eu/schemas/rdfh#lo_orderdateYear1996>  | <http://lod2.eu/schemas/rdfh#lo_partkeyBrand1MFGR-123>  |
+------------+-----------------------------------------------------+---------------------------------------------------------+
|  835393032 | <http://lod2.eu/schemas/rdfh#lo_orderdateYear1996>  | <http://lod2.eu/schemas/rdfh#lo_partkeyBrand1MFGR-1240> |
+------------+-----------------------------------------------------+---------------------------------------------------------+
|  658011660 | <http://lod2.eu/schemas/rdfh#lo_orderdateYear1996>  | <http://lod2.eu/schemas/rdfh#lo_partkeyBrand1MFGR-124>  |
+------------+-----------------------------------------------------+---------------------------------------------------------+
|  535273070 | <http://lod2.eu/schemas/rdfh#lo_orderdateYear1996>  | <http://lod2.eu/schemas/rdfh#lo_partkeyBrand1MFGR-125>  |
+------------+-----------------------------------------------------+---------------------------------------------------------+
|  583509608 | <http://lod2.eu/schemas/rdfh#lo_orderdateYear1996>  | <http://lod2.eu/schemas/rdfh#lo_partkeyBrand1MFGR-126>  |
+------------+-----------------------------------------------------+---------------------------------------------------------+
|  546939417 | <http://lod2.eu/schemas/rdfh#lo_orderdateYear1996>  | <http://lod2.eu/schemas/rdfh#lo_partkeyBrand1MFGR-127>  |
+------------+-----------------------------------------------------+---------------------------------------------------------+
|  564236915 | <http://lod2.eu/schemas/rdfh#lo_orderdateYear1996>  | <http://lod2.eu/schemas/rdfh#lo_partkeyBrand1MFGR-128>  |
+------------+-----------------------------------------------------+---------------------------------------------------------+
|  569420842 | <http://lod2.eu/schemas/rdfh#lo_orderdateYear1996>  | <http://lod2.eu/schemas/rdfh#lo_partkeyBrand1MFGR-129>  |
+------------+-----------------------------------------------------+---------------------------------------------------------+
|  668802804 | <http://lod2.eu/schemas/rdfh#lo_orderdateYear1997>  | <http://lod2.eu/schemas/rdfh#lo_partkeyBrand1MFGR-1210> |
+------------+-----------------------------------------------------+---------------------------------------------------------+
|  590431516 | <http://lod2.eu/schemas/rdfh#lo_orderdateYear1997>  | <http://lod2.eu/schemas/rdfh#lo_partkeyBrand1MFGR-1211> |
+------------+-----------------------------------------------------+---------------------------------------------------------+
|  657789687 | <http://lod2.eu/schemas/rdfh#lo_orderdateYear1997>  | <http://lod2.eu/schemas/rdfh#lo_partkeyBrand1MFGR-1212> |
+------------+-----------------------------------------------------+---------------------------------------------------------+
|  607511809 | <http://lod2.eu/schemas/rdfh#lo_orderdateYear1997>  | <http://lod2.eu/schemas/rdfh#lo_partkeyBrand1MFGR-1213> |
+------------+-----------------------------------------------------+---------------------------------------------------------+
|  546360098 | <http://lod2.eu/schemas/rdfh#lo_orderdateYear1997>  | <http://lod2.eu/schemas/rdfh#lo_partkeyBrand1MFGR-1214> |
+------------+-----------------------------------------------------+---------------------------------------------------------+
|  654248336 | <http://lod2.eu/schemas/rdfh#lo_orderdateYear1997>  | <http://lod2.eu/schemas/rdfh#lo_partkeyBrand1MFGR-1215> |
+------------+-----------------------------------------------------+---------------------------------------------------------+
|  643872640 | <http://lod2.eu/schemas/rdfh#lo_orderdateYear1997>  | <http://lod2.eu/schemas/rdfh#lo_partkeyBrand1MFGR-1216> |
+------------+-----------------------------------------------------+---------------------------------------------------------+
|  655017521 | <http://lod2.eu/schemas/rdfh#lo_orderdateYear1997>  | <http://lod2.eu/schemas/rdfh#lo_partkeyBrand1MFGR-1217> |
+------------+-----------------------------------------------------+---------------------------------------------------------+
|  613229890 | <http://lod2.eu/schemas/rdfh#lo_orderdateYear1997>  | <http://lod2.eu/schemas/rdfh#lo_partkeyBrand1MFGR-1218> |
+------------+-----------------------------------------------------+---------------------------------------------------------+
|  563752353 | <http://lod2.eu/schemas/rdfh#lo_orderdateYear1997>  | <http://lod2.eu/schemas/rdfh#lo_partkeyBrand1MFGR-1219> |
+------------+-----------------------------------------------------+---------------------------------------------------------+
|  631830367 | <http://lod2.eu/schemas/rdfh#lo_orderdateYear1997>  | <http://lod2.eu/schemas/rdfh#lo_partkeyBrand1MFGR-121>  |
+------------+-----------------------------------------------------+---------------------------------------------------------+
|  565845397 | <http://lod2.eu/schemas/rdfh#lo_orderdateYear1997>  | <http://lod2.eu/schemas/rdfh#lo_partkeyBrand1MFGR-1220> |
+------------+-----------------------------------------------------+---------------------------------------------------------+
|  619004020 | <http://lod2.eu/schemas/rdfh#lo_orderdateYear1997>  | <http://lod2.eu/schemas/rdfh#lo_partkeyBrand1MFGR-1221> |
+------------+-----------------------------------------------------+---------------------------------------------------------+
|  645620430 | <http://lod2.eu/schemas/rdfh#lo_orderdateYear1997>  | <http://lod2.eu/schemas/rdfh#lo_partkeyBrand1MFGR-1222> |
+------------+-----------------------------------------------------+---------------------------------------------------------+
|  493459824 | <http://lod2.eu/schemas/rdfh#lo_orderdateYear1997>  | <http://lod2.eu/schemas/rdfh#lo_partkeyBrand1MFGR-1223> |
+------------+-----------------------------------------------------+---------------------------------------------------------+
|  721915261 | <http://lod2.eu/schemas/rdfh#lo_orderdateYear1997>  | <http://lod2.eu/schemas/rdfh#lo_partkeyBrand1MFGR-1224> |
+------------+-----------------------------------------------------+---------------------------------------------------------+
|  588092176 | <http://lod2.eu/schemas/rdfh#lo_orderdateYear1997>  | <http://lod2.eu/schemas/rdfh#lo_partkeyBrand1MFGR-1225> |
+------------+-----------------------------------------------------+---------------------------------------------------------+
|  660816107 | <http://lod2.eu/schemas/rdfh#lo_orderdateYear1997>  | <http://lod2.eu/schemas/rdfh#lo_partkeyBrand1MFGR-1226> |
+------------+-----------------------------------------------------+---------------------------------------------------------+
|  593503484 | <http://lod2.eu/schemas/rdfh#lo_orderdateYear1997>  | <http://lod2.eu/schemas/rdfh#lo_partkeyBrand1MFGR-1227> |
+------------+-----------------------------------------------------+---------------------------------------------------------+
|  568070353 | <http://lod2.eu/schemas/rdfh#lo_orderdateYear1997>  | <http://lod2.eu/schemas/rdfh#lo_partkeyBrand1MFGR-1228> |
+------------+-----------------------------------------------------+---------------------------------------------------------+
|  603174395 | <http://lod2.eu/schemas/rdfh#lo_orderdateYear1997>  | <http://lod2.eu/schemas/rdfh#lo_partkeyBrand1MFGR-1229> |
+------------+-----------------------------------------------------+---------------------------------------------------------+
|  629108650 | <http://lod2.eu/schemas/rdfh#lo_orderdateYear1997>  | <http://lod2.eu/schemas/rdfh#lo_partkeyBrand1MFGR-122>  |
+------------+-----------------------------------------------------+---------------------------------------------------------+
|  630192313 | <http://lod2.eu/schemas/rdfh#lo_orderdateYear1997>  | <http://lod2.eu/schemas/rdfh#lo_partkeyBrand1MFGR-1230> |
+------------+-----------------------------------------------------+---------------------------------------------------------+
|  608082993 | <http://lod2.eu/schemas/rdfh#lo_orderdateYear1997>  | <http://lod2.eu/schemas/rdfh#lo_partkeyBrand1MFGR-1231> |
+------------+-----------------------------------------------------+---------------------------------------------------------+
|  743199484 | <http://lod2.eu/schemas/rdfh#lo_orderdateYear1997>  | <http://lod2.eu/schemas/rdfh#lo_partkeyBrand1MFGR-1232> |
+------------+-----------------------------------------------------+---------------------------------------------------------+
|  630175869 | <http://lod2.eu/schemas/rdfh#lo_orderdateYear1997>  | <http://lod2.eu/schemas/rdfh#lo_partkeyBrand1MFGR-1233> |
+------------+-----------------------------------------------------+---------------------------------------------------------+
|  725502031 | <http://lod2.eu/schemas/rdfh#lo_orderdateYear1997>  | <http://lod2.eu/schemas/rdfh#lo_partkeyBrand1MFGR-1234> |
+------------+-----------------------------------------------------+---------------------------------------------------------+
|  573174345 | <http://lod2.eu/schemas/rdfh#lo_orderdateYear1997>  | <http://lod2.eu/schemas/rdfh#lo_partkeyBrand1MFGR-1235> |
+------------+-----------------------------------------------------+---------------------------------------------------------+
|  559478622 | <http://lod2.eu/schemas/rdfh#lo_orderdateYear1997>  | <http://lod2.eu/schemas/rdfh#lo_partkeyBrand1MFGR-1236> |
+------------+-----------------------------------------------------+---------------------------------------------------------+
|  712715807 | <http://lod2.eu/schemas/rdfh#lo_orderdateYear1997>  | <http://lod2.eu/schemas/rdfh#lo_partkeyBrand1MFGR-1237> |
+------------+-----------------------------------------------------+---------------------------------------------------------+
|  482196735 | <http://lod2.eu/schemas/rdfh#lo_orderdateYear1997>  | <http://lod2.eu/schemas/rdfh#lo_partkeyBrand1MFGR-1238> |
+------------+-----------------------------------------------------+---------------------------------------------------------+
|  688093278 | <http://lod2.eu/schemas/rdfh#lo_orderdateYear1997>  | <http://lod2.eu/schemas/rdfh#lo_partkeyBrand1MFGR-1239> |
+------------+-----------------------------------------------------+---------------------------------------------------------+
|  548241836 | <http://lod2.eu/schemas/rdfh#lo_orderdateYear1997>  | <http://lod2.eu/schemas/rdfh#lo_partkeyBrand1MFGR-123>  |
+------------+-----------------------------------------------------+---------------------------------------------------------+
|  641815881 | <http://lod2.eu/schemas/rdfh#lo_orderdateYear1997>  | <http://lod2.eu/schemas/rdfh#lo_partkeyBrand1MFGR-1240> |
+------------+-----------------------------------------------------+---------------------------------------------------------+
|  530165809 | <http://lod2.eu/schemas/rdfh#lo_orderdateYear1997>  | <http://lod2.eu/schemas/rdfh#lo_partkeyBrand1MFGR-124>  |
+------------+-----------------------------------------------------+---------------------------------------------------------+
|  534222886 | <http://lod2.eu/schemas/rdfh#lo_orderdateYear1997>  | <http://lod2.eu/schemas/rdfh#lo_partkeyBrand1MFGR-125>  |
+------------+-----------------------------------------------------+---------------------------------------------------------+
|  638908636 | <http://lod2.eu/schemas/rdfh#lo_orderdateYear1997>  | <http://lod2.eu/schemas/rdfh#lo_partkeyBrand1MFGR-126>  |
+------------+-----------------------------------------------------+---------------------------------------------------------+
|  618720153 | <http://lod2.eu/schemas/rdfh#lo_orderdateYear1997>  | <http://lod2.eu/schemas/rdfh#lo_partkeyBrand1MFGR-127>  |
+------------+-----------------------------------------------------+---------------------------------------------------------+
|  571249318 | <http://lod2.eu/schemas/rdfh#lo_orderdateYear1997>  | <http://lod2.eu/schemas/rdfh#lo_partkeyBrand1MFGR-128>  |
+------------+-----------------------------------------------------+---------------------------------------------------------+
|  584183981 | <http://lod2.eu/schemas/rdfh#lo_orderdateYear1997>  | <http://lod2.eu/schemas/rdfh#lo_partkeyBrand1MFGR-129>  |
+------------+-----------------------------------------------------+---------------------------------------------------------+
|  335711347 | <http://lod2.eu/schemas/rdfh#lo_orderdateYear1998>  | <http://lod2.eu/schemas/rdfh#lo_partkeyBrand1MFGR-1210> |
+------------+-----------------------------------------------------+---------------------------------------------------------+
|  381413406 | <http://lod2.eu/schemas/rdfh#lo_orderdateYear1998>  | <http://lod2.eu/schemas/rdfh#lo_partkeyBrand1MFGR-1211> |
+------------+-----------------------------------------------------+---------------------------------------------------------+
|  416853200 | <http://lod2.eu/schemas/rdfh#lo_orderdateYear1998>  | <http://lod2.eu/schemas/rdfh#lo_partkeyBrand1MFGR-1212> |
+------------+-----------------------------------------------------+---------------------------------------------------------+
|  274528518 | <http://lod2.eu/schemas/rdfh#lo_orderdateYear1998>  | <http://lod2.eu/schemas/rdfh#lo_partkeyBrand1MFGR-1213> |
+------------+-----------------------------------------------------+---------------------------------------------------------+
|  321318693 | <http://lod2.eu/schemas/rdfh#lo_orderdateYear1998>  | <http://lod2.eu/schemas/rdfh#lo_partkeyBrand1MFGR-1214> |
+------------+-----------------------------------------------------+---------------------------------------------------------+
|  358404443 | <http://lod2.eu/schemas/rdfh#lo_orderdateYear1998>  | <http://lod2.eu/schemas/rdfh#lo_partkeyBrand1MFGR-1215> |
+------------+-----------------------------------------------------+---------------------------------------------------------+
|  393639127 | <http://lod2.eu/schemas/rdfh#lo_orderdateYear1998>  | <http://lod2.eu/schemas/rdfh#lo_partkeyBrand1MFGR-1216> |
+------------+-----------------------------------------------------+---------------------------------------------------------+
|  363930927 | <http://lod2.eu/schemas/rdfh#lo_orderdateYear1998>  | <http://lod2.eu/schemas/rdfh#lo_partkeyBrand1MFGR-1217> |
+------------+-----------------------------------------------------+---------------------------------------------------------+
|  364725752 | <http://lod2.eu/schemas/rdfh#lo_orderdateYear1998>  | <http://lod2.eu/schemas/rdfh#lo_partkeyBrand1MFGR-1218> |
+------------+-----------------------------------------------------+---------------------------------------------------------+
|  364338047 | <http://lod2.eu/schemas/rdfh#lo_orderdateYear1998>  | <http://lod2.eu/schemas/rdfh#lo_partkeyBrand1MFGR-1219> |
+------------+-----------------------------------------------------+---------------------------------------------------------+
|  381464693 | <http://lod2.eu/schemas/rdfh#lo_orderdateYear1998>  | <http://lod2.eu/schemas/rdfh#lo_partkeyBrand1MFGR-121>  |
+------------+-----------------------------------------------------+---------------------------------------------------------+
|  316099532 | <http://lod2.eu/schemas/rdfh#lo_orderdateYear1998>  | <http://lod2.eu/schemas/rdfh#lo_partkeyBrand1MFGR-1220> |
+------------+-----------------------------------------------------+---------------------------------------------------------+
|  318731612 | <http://lod2.eu/schemas/rdfh#lo_orderdateYear1998>  | <http://lod2.eu/schemas/rdfh#lo_partkeyBrand1MFGR-1221> |
+------------+-----------------------------------------------------+---------------------------------------------------------+
|  326961363 | <http://lod2.eu/schemas/rdfh#lo_orderdateYear1998>  | <http://lod2.eu/schemas/rdfh#lo_partkeyBrand1MFGR-1222> |
+------------+-----------------------------------------------------+---------------------------------------------------------+
|  368606558 | <http://lod2.eu/schemas/rdfh#lo_orderdateYear1998>  | <http://lod2.eu/schemas/rdfh#lo_partkeyBrand1MFGR-1223> |
+------------+-----------------------------------------------------+---------------------------------------------------------+
|  395545815 | <http://lod2.eu/schemas/rdfh#lo_orderdateYear1998>  | <http://lod2.eu/schemas/rdfh#lo_partkeyBrand1MFGR-1224> |
+------------+-----------------------------------------------------+---------------------------------------------------------+
|  385398450 | <http://lod2.eu/schemas/rdfh#lo_orderdateYear1998>  | <http://lod2.eu/schemas/rdfh#lo_partkeyBrand1MFGR-1225> |
+------------+-----------------------------------------------------+---------------------------------------------------------+
|  409641268 | <http://lod2.eu/schemas/rdfh#lo_orderdateYear1998>  | <http://lod2.eu/schemas/rdfh#lo_partkeyBrand1MFGR-1226> |
+------------+-----------------------------------------------------+---------------------------------------------------------+
|  303716004 | <http://lod2.eu/schemas/rdfh#lo_orderdateYear1998>  | <http://lod2.eu/schemas/rdfh#lo_partkeyBrand1MFGR-1227> |
+------------+-----------------------------------------------------+---------------------------------------------------------+
|  332407803 | <http://lod2.eu/schemas/rdfh#lo_orderdateYear1998>  | <http://lod2.eu/schemas/rdfh#lo_partkeyBrand1MFGR-1228> |
+------------+-----------------------------------------------------+---------------------------------------------------------+
|  368823103 | <http://lod2.eu/schemas/rdfh#lo_orderdateYear1998>  | <http://lod2.eu/schemas/rdfh#lo_partkeyBrand1MFGR-1229> |
+------------+-----------------------------------------------------+---------------------------------------------------------+
|  392273087 | <http://lod2.eu/schemas/rdfh#lo_orderdateYear1998>  | <http://lod2.eu/schemas/rdfh#lo_partkeyBrand1MFGR-122>  |
+------------+-----------------------------------------------------+---------------------------------------------------------+
|  353565310 | <http://lod2.eu/schemas/rdfh#lo_orderdateYear1998>  | <http://lod2.eu/schemas/rdfh#lo_partkeyBrand1MFGR-1230> |
+------------+-----------------------------------------------------+---------------------------------------------------------+
|  346221257 | <http://lod2.eu/schemas/rdfh#lo_orderdateYear1998>  | <http://lod2.eu/schemas/rdfh#lo_partkeyBrand1MFGR-1231> |
+------------+-----------------------------------------------------+---------------------------------------------------------+
|  372917351 | <http://lod2.eu/schemas/rdfh#lo_orderdateYear1998>  | <http://lod2.eu/schemas/rdfh#lo_partkeyBrand1MFGR-1232> |
+------------+-----------------------------------------------------+---------------------------------------------------------+
|  332307316 | <http://lod2.eu/schemas/rdfh#lo_orderdateYear1998>  | <http://lod2.eu/schemas/rdfh#lo_partkeyBrand1MFGR-1233> |
+------------+-----------------------------------------------------+---------------------------------------------------------+
|  444282537 | <http://lod2.eu/schemas/rdfh#lo_orderdateYear1998>  | <http://lod2.eu/schemas/rdfh#lo_partkeyBrand1MFGR-1234> |
+------------+-----------------------------------------------------+---------------------------------------------------------+
|  361972429 | <http://lod2.eu/schemas/rdfh#lo_orderdateYear1998>  | <http://lod2.eu/schemas/rdfh#lo_partkeyBrand1MFGR-1235> |
+------------+-----------------------------------------------------+---------------------------------------------------------+
|  320125331 | <http://lod2.eu/schemas/rdfh#lo_orderdateYear1998>  | <http://lod2.eu/schemas/rdfh#lo_partkeyBrand1MFGR-1236> |
+------------+-----------------------------------------------------+---------------------------------------------------------+
|  309277110 | <http://lod2.eu/schemas/rdfh#lo_orderdateYear1998>  | <http://lod2.eu/schemas/rdfh#lo_partkeyBrand1MFGR-1237> |
+------------+-----------------------------------------------------+---------------------------------------------------------+
|  252431495 | <http://lod2.eu/schemas/rdfh#lo_orderdateYear1998>  | <http://lod2.eu/schemas/rdfh#lo_partkeyBrand1MFGR-1238> |
+------------+-----------------------------------------------------+---------------------------------------------------------+
|  400175060 | <http://lod2.eu/schemas/rdfh#lo_orderdateYear1998>  | <http://lod2.eu/schemas/rdfh#lo_partkeyBrand1MFGR-1239> |
+------------+-----------------------------------------------------+---------------------------------------------------------+
|  410871005 | <http://lod2.eu/schemas/rdfh#lo_orderdateYear1998>  | <http://lod2.eu/schemas/rdfh#lo_partkeyBrand1MFGR-123>  |
+------------+-----------------------------------------------------+---------------------------------------------------------+
|  344323596 | <http://lod2.eu/schemas/rdfh#lo_orderdateYear1998>  | <http://lod2.eu/schemas/rdfh#lo_partkeyBrand1MFGR-1240> |
+------------+-----------------------------------------------------+---------------------------------------------------------+
|  309643619 | <http://lod2.eu/schemas/rdfh#lo_orderdateYear1998>  | <http://lod2.eu/schemas/rdfh#lo_partkeyBrand1MFGR-124>  |
+------------+-----------------------------------------------------+---------------------------------------------------------+
|  302823619 | <http://lod2.eu/schemas/rdfh#lo_orderdateYear1998>  | <http://lod2.eu/schemas/rdfh#lo_partkeyBrand1MFGR-125>  |
+------------+-----------------------------------------------------+---------------------------------------------------------+
|  272220344 | <http://lod2.eu/schemas/rdfh#lo_orderdateYear1998>  | <http://lod2.eu/schemas/rdfh#lo_partkeyBrand1MFGR-126>  |
+------------+-----------------------------------------------------+---------------------------------------------------------+
|  358767854 | <http://lod2.eu/schemas/rdfh#lo_orderdateYear1998>  | <http://lod2.eu/schemas/rdfh#lo_partkeyBrand1MFGR-127>  |
+------------+-----------------------------------------------------+---------------------------------------------------------+
|  338572996 | <http://lod2.eu/schemas/rdfh#lo_orderdateYear1998>  | <http://lod2.eu/schemas/rdfh#lo_partkeyBrand1MFGR-128>  |
+------------+-----------------------------------------------------+---------------------------------------------------------+
|  319373807 | <http://lod2.eu/schemas/rdfh#lo_orderdateYear1998>  | <http://lod2.eu/schemas/rdfh#lo_partkeyBrand1MFGR-129>  |
+------------+-----------------------------------------------------+---------------------------------------------------------+


Execution Time: 1218

