Printing 56 rows from table , null
+------------+-----------------------------------------------------+---------------------------------------------------------+
| LO_REVENUE |                LO_ORDERDATEYEARLEVEL                |                  LO_PARTKEYBRAND1LEVEL                  |
+------------+-----------------------------------------------------+---------------------------------------------------------+
|  727631613 | <http://lod2.eu/schemas/rdfh#lo_orderdateYear1992>  | <http://lod2.eu/schemas/rdfh#lo_partkeyBrand1MFGR-2221> |
+------------+-----------------------------------------------------+---------------------------------------------------------+
|  741272033 | <http://lod2.eu/schemas/rdfh#lo_orderdateYear1992>  | <http://lod2.eu/schemas/rdfh#lo_partkeyBrand1MFGR-2222> |
+------------+-----------------------------------------------------+---------------------------------------------------------+
|  626168815 | <http://lod2.eu/schemas/rdfh#lo_orderdateYear1992>  | <http://lod2.eu/schemas/rdfh#lo_partkeyBrand1MFGR-2223> |
+------------+-----------------------------------------------------+---------------------------------------------------------+
|  598180490 | <http://lod2.eu/schemas/rdfh#lo_orderdateYear1992>  | <http://lod2.eu/schemas/rdfh#lo_partkeyBrand1MFGR-2224> |
+------------+-----------------------------------------------------+---------------------------------------------------------+
|  736184437 | <http://lod2.eu/schemas/rdfh#lo_orderdateYear1992>  | <http://lod2.eu/schemas/rdfh#lo_partkeyBrand1MFGR-2225> |
+------------+-----------------------------------------------------+---------------------------------------------------------+
|  638772457 | <http://lod2.eu/schemas/rdfh#lo_orderdateYear1992>  | <http://lod2.eu/schemas/rdfh#lo_partkeyBrand1MFGR-2226> |
+------------+-----------------------------------------------------+---------------------------------------------------------+
|  868256671 | <http://lod2.eu/schemas/rdfh#lo_orderdateYear1992>  | <http://lod2.eu/schemas/rdfh#lo_partkeyBrand1MFGR-2227> |
+------------+-----------------------------------------------------+---------------------------------------------------------+
|  853943224 | <http://lod2.eu/schemas/rdfh#lo_orderdateYear1992>  | <http://lod2.eu/schemas/rdfh#lo_partkeyBrand1MFGR-2228> |
+------------+-----------------------------------------------------+---------------------------------------------------------+
|  611457984 | <http://lod2.eu/schemas/rdfh#lo_orderdateYear1993>  | <http://lod2.eu/schemas/rdfh#lo_partkeyBrand1MFGR-2221> |
+------------+-----------------------------------------------------+---------------------------------------------------------+
|  718452843 | <http://lod2.eu/schemas/rdfh#lo_orderdateYear1993>  | <http://lod2.eu/schemas/rdfh#lo_partkeyBrand1MFGR-2222> |
+------------+-----------------------------------------------------+---------------------------------------------------------+
|  746758314 | <http://lod2.eu/schemas/rdfh#lo_orderdateYear1993>  | <http://lod2.eu/schemas/rdfh#lo_partkeyBrand1MFGR-2223> |
+------------+-----------------------------------------------------+---------------------------------------------------------+
|  726921617 | <http://lod2.eu/schemas/rdfh#lo_orderdateYear1993>  | <http://lod2.eu/schemas/rdfh#lo_partkeyBrand1MFGR-2224> |
+------------+-----------------------------------------------------+---------------------------------------------------------+
|  628016218 | <http://lod2.eu/schemas/rdfh#lo_orderdateYear1993>  | <http://lod2.eu/schemas/rdfh#lo_partkeyBrand1MFGR-2225> |
+------------+-----------------------------------------------------+---------------------------------------------------------+
|  758547923 | <http://lod2.eu/schemas/rdfh#lo_orderdateYear1993>  | <http://lod2.eu/schemas/rdfh#lo_partkeyBrand1MFGR-2226> |
+------------+-----------------------------------------------------+---------------------------------------------------------+
|  728174804 | <http://lod2.eu/schemas/rdfh#lo_orderdateYear1993>  | <http://lod2.eu/schemas/rdfh#lo_partkeyBrand1MFGR-2227> |
+------------+-----------------------------------------------------+---------------------------------------------------------+
|  745199939 | <http://lod2.eu/schemas/rdfh#lo_orderdateYear1993>  | <http://lod2.eu/schemas/rdfh#lo_partkeyBrand1MFGR-2228> |
+------------+-----------------------------------------------------+---------------------------------------------------------+
|  722018144 | <http://lod2.eu/schemas/rdfh#lo_orderdateYear1994>  | <http://lod2.eu/schemas/rdfh#lo_partkeyBrand1MFGR-2221> |
+------------+-----------------------------------------------------+---------------------------------------------------------+
|  743224189 | <http://lod2.eu/schemas/rdfh#lo_orderdateYear1994>  | <http://lod2.eu/schemas/rdfh#lo_partkeyBrand1MFGR-2222> |
+------------+-----------------------------------------------------+---------------------------------------------------------+
|  761380664 | <http://lod2.eu/schemas/rdfh#lo_orderdateYear1994>  | <http://lod2.eu/schemas/rdfh#lo_partkeyBrand1MFGR-2223> |
+------------+-----------------------------------------------------+---------------------------------------------------------+
|  692231505 | <http://lod2.eu/schemas/rdfh#lo_orderdateYear1994>  | <http://lod2.eu/schemas/rdfh#lo_partkeyBrand1MFGR-2224> |
+------------+-----------------------------------------------------+---------------------------------------------------------+
|  730894538 | <http://lod2.eu/schemas/rdfh#lo_orderdateYear1994>  | <http://lod2.eu/schemas/rdfh#lo_partkeyBrand1MFGR-2225> |
+------------+-----------------------------------------------------+---------------------------------------------------------+
|  815403522 | <http://lod2.eu/schemas/rdfh#lo_orderdateYear1994>  | <http://lod2.eu/schemas/rdfh#lo_partkeyBrand1MFGR-2226> |
+------------+-----------------------------------------------------+---------------------------------------------------------+
|  764799163 | <http://lod2.eu/schemas/rdfh#lo_orderdateYear1994>  | <http://lod2.eu/schemas/rdfh#lo_partkeyBrand1MFGR-2227> |
+------------+-----------------------------------------------------+---------------------------------------------------------+
|  942698329 | <http://lod2.eu/schemas/rdfh#lo_orderdateYear1994>  | <http://lod2.eu/schemas/rdfh#lo_partkeyBrand1MFGR-2228> |
+------------+-----------------------------------------------------+---------------------------------------------------------+
|  672713827 | <http://lod2.eu/schemas/rdfh#lo_orderdateYear1995>  | <http://lod2.eu/schemas/rdfh#lo_partkeyBrand1MFGR-2221> |
+------------+-----------------------------------------------------+---------------------------------------------------------+
|  794459636 | <http://lod2.eu/schemas/rdfh#lo_orderdateYear1995>  | <http://lod2.eu/schemas/rdfh#lo_partkeyBrand1MFGR-2222> |
+------------+-----------------------------------------------------+---------------------------------------------------------+
|  701528123 | <http://lod2.eu/schemas/rdfh#lo_orderdateYear1995>  | <http://lod2.eu/schemas/rdfh#lo_partkeyBrand1MFGR-2223> |
+------------+-----------------------------------------------------+---------------------------------------------------------+
|  734640923 | <http://lod2.eu/schemas/rdfh#lo_orderdateYear1995>  | <http://lod2.eu/schemas/rdfh#lo_partkeyBrand1MFGR-2224> |
+------------+-----------------------------------------------------+---------------------------------------------------------+
|  821518075 | <http://lod2.eu/schemas/rdfh#lo_orderdateYear1995>  | <http://lod2.eu/schemas/rdfh#lo_partkeyBrand1MFGR-2225> |
+------------+-----------------------------------------------------+---------------------------------------------------------+
|  853401620 | <http://lod2.eu/schemas/rdfh#lo_orderdateYear1995>  | <http://lod2.eu/schemas/rdfh#lo_partkeyBrand1MFGR-2226> |
+------------+-----------------------------------------------------+---------------------------------------------------------+
|  714363315 | <http://lod2.eu/schemas/rdfh#lo_orderdateYear1995>  | <http://lod2.eu/schemas/rdfh#lo_partkeyBrand1MFGR-2227> |
+------------+-----------------------------------------------------+---------------------------------------------------------+
|  762185746 | <http://lod2.eu/schemas/rdfh#lo_orderdateYear1995>  | <http://lod2.eu/schemas/rdfh#lo_partkeyBrand1MFGR-2228> |
+------------+-----------------------------------------------------+---------------------------------------------------------+
|  782960624 | <http://lod2.eu/schemas/rdfh#lo_orderdateYear1996>  | <http://lod2.eu/schemas/rdfh#lo_partkeyBrand1MFGR-2221> |
+------------+-----------------------------------------------------+---------------------------------------------------------+
|  711305796 | <http://lod2.eu/schemas/rdfh#lo_orderdateYear1996>  | <http://lod2.eu/schemas/rdfh#lo_partkeyBrand1MFGR-2222> |
+------------+-----------------------------------------------------+---------------------------------------------------------+
|  678327632 | <http://lod2.eu/schemas/rdfh#lo_orderdateYear1996>  | <http://lod2.eu/schemas/rdfh#lo_partkeyBrand1MFGR-2223> |
+------------+-----------------------------------------------------+---------------------------------------------------------+
|  737341506 | <http://lod2.eu/schemas/rdfh#lo_orderdateYear1996>  | <http://lod2.eu/schemas/rdfh#lo_partkeyBrand1MFGR-2224> |
+------------+-----------------------------------------------------+---------------------------------------------------------+
|  637345890 | <http://lod2.eu/schemas/rdfh#lo_orderdateYear1996>  | <http://lod2.eu/schemas/rdfh#lo_partkeyBrand1MFGR-2225> |
+------------+-----------------------------------------------------+---------------------------------------------------------+
|  773019225 | <http://lod2.eu/schemas/rdfh#lo_orderdateYear1996>  | <http://lod2.eu/schemas/rdfh#lo_partkeyBrand1MFGR-2226> |
+------------+-----------------------------------------------------+---------------------------------------------------------+
|  780752389 | <http://lod2.eu/schemas/rdfh#lo_orderdateYear1996>  | <http://lod2.eu/schemas/rdfh#lo_partkeyBrand1MFGR-2227> |
+------------+-----------------------------------------------------+---------------------------------------------------------+
|  604737616 | <http://lod2.eu/schemas/rdfh#lo_orderdateYear1996>  | <http://lod2.eu/schemas/rdfh#lo_partkeyBrand1MFGR-2228> |
+------------+-----------------------------------------------------+---------------------------------------------------------+
|  761422655 | <http://lod2.eu/schemas/rdfh#lo_orderdateYear1997>  | <http://lod2.eu/schemas/rdfh#lo_partkeyBrand1MFGR-2221> |
+------------+-----------------------------------------------------+---------------------------------------------------------+
|  721049917 | <http://lod2.eu/schemas/rdfh#lo_orderdateYear1997>  | <http://lod2.eu/schemas/rdfh#lo_partkeyBrand1MFGR-2222> |
+------------+-----------------------------------------------------+---------------------------------------------------------+
|  772577795 | <http://lod2.eu/schemas/rdfh#lo_orderdateYear1997>  | <http://lod2.eu/schemas/rdfh#lo_partkeyBrand1MFGR-2223> |
+------------+-----------------------------------------------------+---------------------------------------------------------+
|  651857112 | <http://lod2.eu/schemas/rdfh#lo_orderdateYear1997>  | <http://lod2.eu/schemas/rdfh#lo_partkeyBrand1MFGR-2224> |
+------------+-----------------------------------------------------+---------------------------------------------------------+
|  725514405 | <http://lod2.eu/schemas/rdfh#lo_orderdateYear1997>  | <http://lod2.eu/schemas/rdfh#lo_partkeyBrand1MFGR-2225> |
+------------+-----------------------------------------------------+---------------------------------------------------------+
|  768637418 | <http://lod2.eu/schemas/rdfh#lo_orderdateYear1997>  | <http://lod2.eu/schemas/rdfh#lo_partkeyBrand1MFGR-2226> |
+------------+-----------------------------------------------------+---------------------------------------------------------+
|  716875017 | <http://lod2.eu/schemas/rdfh#lo_orderdateYear1997>  | <http://lod2.eu/schemas/rdfh#lo_partkeyBrand1MFGR-2227> |
+------------+-----------------------------------------------------+---------------------------------------------------------+
|  814292702 | <http://lod2.eu/schemas/rdfh#lo_orderdateYear1997>  | <http://lod2.eu/schemas/rdfh#lo_partkeyBrand1MFGR-2228> |
+------------+-----------------------------------------------------+---------------------------------------------------------+
|  406421352 | <http://lod2.eu/schemas/rdfh#lo_orderdateYear1998>  | <http://lod2.eu/schemas/rdfh#lo_partkeyBrand1MFGR-2221> |
+------------+-----------------------------------------------------+---------------------------------------------------------+
|  410467506 | <http://lod2.eu/schemas/rdfh#lo_orderdateYear1998>  | <http://lod2.eu/schemas/rdfh#lo_partkeyBrand1MFGR-2222> |
+------------+-----------------------------------------------------+---------------------------------------------------------+
|  429233482 | <http://lod2.eu/schemas/rdfh#lo_orderdateYear1998>  | <http://lod2.eu/schemas/rdfh#lo_partkeyBrand1MFGR-2223> |
+------------+-----------------------------------------------------+---------------------------------------------------------+
|  397976786 | <http://lod2.eu/schemas/rdfh#lo_orderdateYear1998>  | <http://lod2.eu/schemas/rdfh#lo_partkeyBrand1MFGR-2224> |
+------------+-----------------------------------------------------+---------------------------------------------------------+
|  442503354 | <http://lod2.eu/schemas/rdfh#lo_orderdateYear1998>  | <http://lod2.eu/schemas/rdfh#lo_partkeyBrand1MFGR-2225> |
+------------+-----------------------------------------------------+---------------------------------------------------------+
|  506406124 | <http://lod2.eu/schemas/rdfh#lo_orderdateYear1998>  | <http://lod2.eu/schemas/rdfh#lo_partkeyBrand1MFGR-2226> |
+------------+-----------------------------------------------------+---------------------------------------------------------+
|  426447866 | <http://lod2.eu/schemas/rdfh#lo_orderdateYear1998>  | <http://lod2.eu/schemas/rdfh#lo_partkeyBrand1MFGR-2227> |
+------------+-----------------------------------------------------+---------------------------------------------------------+
|  480891082 | <http://lod2.eu/schemas/rdfh#lo_orderdateYear1998>  | <http://lod2.eu/schemas/rdfh#lo_partkeyBrand1MFGR-2228> |
+------------+-----------------------------------------------------+---------------------------------------------------------+


Execution Time: 107

