Printing 280 rows from table , null
+--------------+-----------------------------------------------------+---------------------------------------------------------+
|  LO_REVENUE  |                LO_ORDERDATEYEARLEVEL                |                  LO_PARTKEYBRAND1LEVEL                  |
+--------------+-----------------------------------------------------+---------------------------------------------------------+
|  13001303186 | <http://lod2.eu/schemas/rdfh#lo_orderdateYear1992>  | <http://lod2.eu/schemas/rdfh#lo_partkeyBrand1MFGR-1210> |
+--------------+-----------------------------------------------------+---------------------------------------------------------+
|  13805417452 | <http://lod2.eu/schemas/rdfh#lo_orderdateYear1992>  | <http://lod2.eu/schemas/rdfh#lo_partkeyBrand1MFGR-1211> |
+--------------+-----------------------------------------------------+---------------------------------------------------------+
|  12776234014 | <http://lod2.eu/schemas/rdfh#lo_orderdateYear1992>  | <http://lod2.eu/schemas/rdfh#lo_partkeyBrand1MFGR-1212> |
+--------------+-----------------------------------------------------+---------------------------------------------------------+
|  13433864328 | <http://lod2.eu/schemas/rdfh#lo_orderdateYear1992>  | <http://lod2.eu/schemas/rdfh#lo_partkeyBrand1MFGR-1213> |
+--------------+-----------------------------------------------------+---------------------------------------------------------+
|  13581771711 | <http://lod2.eu/schemas/rdfh#lo_orderdateYear1992>  | <http://lod2.eu/schemas/rdfh#lo_partkeyBrand1MFGR-1214> |
+--------------+-----------------------------------------------------+---------------------------------------------------------+
|  13053257221 | <http://lod2.eu/schemas/rdfh#lo_orderdateYear1992>  | <http://lod2.eu/schemas/rdfh#lo_partkeyBrand1MFGR-1215> |
+--------------+-----------------------------------------------------+---------------------------------------------------------+
|  13434550494 | <http://lod2.eu/schemas/rdfh#lo_orderdateYear1992>  | <http://lod2.eu/schemas/rdfh#lo_partkeyBrand1MFGR-1216> |
+--------------+-----------------------------------------------------+---------------------------------------------------------+
|  14000667157 | <http://lod2.eu/schemas/rdfh#lo_orderdateYear1992>  | <http://lod2.eu/schemas/rdfh#lo_partkeyBrand1MFGR-1217> |
+--------------+-----------------------------------------------------+---------------------------------------------------------+
|  13682184743 | <http://lod2.eu/schemas/rdfh#lo_orderdateYear1992>  | <http://lod2.eu/schemas/rdfh#lo_partkeyBrand1MFGR-1218> |
+--------------+-----------------------------------------------------+---------------------------------------------------------+
|  12490304616 | <http://lod2.eu/schemas/rdfh#lo_orderdateYear1992>  | <http://lod2.eu/schemas/rdfh#lo_partkeyBrand1MFGR-1219> |
+--------------+-----------------------------------------------------+---------------------------------------------------------+
|  12672281651 | <http://lod2.eu/schemas/rdfh#lo_orderdateYear1992>  | <http://lod2.eu/schemas/rdfh#lo_partkeyBrand1MFGR-121>  |
+--------------+-----------------------------------------------------+---------------------------------------------------------+
|  12695654353 | <http://lod2.eu/schemas/rdfh#lo_orderdateYear1992>  | <http://lod2.eu/schemas/rdfh#lo_partkeyBrand1MFGR-1220> |
+--------------+-----------------------------------------------------+---------------------------------------------------------+
|  13943039313 | <http://lod2.eu/schemas/rdfh#lo_orderdateYear1992>  | <http://lod2.eu/schemas/rdfh#lo_partkeyBrand1MFGR-1221> |
+--------------+-----------------------------------------------------+---------------------------------------------------------+
|  12816003837 | <http://lod2.eu/schemas/rdfh#lo_orderdateYear1992>  | <http://lod2.eu/schemas/rdfh#lo_partkeyBrand1MFGR-1222> |
+--------------+-----------------------------------------------------+---------------------------------------------------------+
|  12731556625 | <http://lod2.eu/schemas/rdfh#lo_orderdateYear1992>  | <http://lod2.eu/schemas/rdfh#lo_partkeyBrand1MFGR-1223> |
+--------------+-----------------------------------------------------+---------------------------------------------------------+
|  14196465733 | <http://lod2.eu/schemas/rdfh#lo_orderdateYear1992>  | <http://lod2.eu/schemas/rdfh#lo_partkeyBrand1MFGR-1224> |
+--------------+-----------------------------------------------------+---------------------------------------------------------+
|  13099594674 | <http://lod2.eu/schemas/rdfh#lo_orderdateYear1992>  | <http://lod2.eu/schemas/rdfh#lo_partkeyBrand1MFGR-1225> |
+--------------+-----------------------------------------------------+---------------------------------------------------------+
|  13837724673 | <http://lod2.eu/schemas/rdfh#lo_orderdateYear1992>  | <http://lod2.eu/schemas/rdfh#lo_partkeyBrand1MFGR-1226> |
+--------------+-----------------------------------------------------+---------------------------------------------------------+
|  12835260089 | <http://lod2.eu/schemas/rdfh#lo_orderdateYear1992>  | <http://lod2.eu/schemas/rdfh#lo_partkeyBrand1MFGR-1227> |
+--------------+-----------------------------------------------------+---------------------------------------------------------+
|  14013848875 | <http://lod2.eu/schemas/rdfh#lo_orderdateYear1992>  | <http://lod2.eu/schemas/rdfh#lo_partkeyBrand1MFGR-1228> |
+--------------+-----------------------------------------------------+---------------------------------------------------------+
|  12783094897 | <http://lod2.eu/schemas/rdfh#lo_orderdateYear1992>  | <http://lod2.eu/schemas/rdfh#lo_partkeyBrand1MFGR-1229> |
+--------------+-----------------------------------------------------+---------------------------------------------------------+
|  13848761978 | <http://lod2.eu/schemas/rdfh#lo_orderdateYear1992>  | <http://lod2.eu/schemas/rdfh#lo_partkeyBrand1MFGR-122>  |
+--------------+-----------------------------------------------------+---------------------------------------------------------+
|  12758829878 | <http://lod2.eu/schemas/rdfh#lo_orderdateYear1992>  | <http://lod2.eu/schemas/rdfh#lo_partkeyBrand1MFGR-1230> |
+--------------+-----------------------------------------------------+---------------------------------------------------------+
|  13706848098 | <http://lod2.eu/schemas/rdfh#lo_orderdateYear1992>  | <http://lod2.eu/schemas/rdfh#lo_partkeyBrand1MFGR-1231> |
+--------------+-----------------------------------------------------+---------------------------------------------------------+
|  15111172085 | <http://lod2.eu/schemas/rdfh#lo_orderdateYear1992>  | <http://lod2.eu/schemas/rdfh#lo_partkeyBrand1MFGR-1232> |
+--------------+-----------------------------------------------------+---------------------------------------------------------+
|  12788789701 | <http://lod2.eu/schemas/rdfh#lo_orderdateYear1992>  | <http://lod2.eu/schemas/rdfh#lo_partkeyBrand1MFGR-1233> |
+--------------+-----------------------------------------------------+---------------------------------------------------------+
|  12886732429 | <http://lod2.eu/schemas/rdfh#lo_orderdateYear1992>  | <http://lod2.eu/schemas/rdfh#lo_partkeyBrand1MFGR-1234> |
+--------------+-----------------------------------------------------+---------------------------------------------------------+
|  14200745630 | <http://lod2.eu/schemas/rdfh#lo_orderdateYear1992>  | <http://lod2.eu/schemas/rdfh#lo_partkeyBrand1MFGR-1235> |
+--------------+-----------------------------------------------------+---------------------------------------------------------+
|  13699711844 | <http://lod2.eu/schemas/rdfh#lo_orderdateYear1992>  | <http://lod2.eu/schemas/rdfh#lo_partkeyBrand1MFGR-1236> |
+--------------+-----------------------------------------------------+---------------------------------------------------------+
|  13494301997 | <http://lod2.eu/schemas/rdfh#lo_orderdateYear1992>  | <http://lod2.eu/schemas/rdfh#lo_partkeyBrand1MFGR-1237> |
+--------------+-----------------------------------------------------+---------------------------------------------------------+
|  11955509041 | <http://lod2.eu/schemas/rdfh#lo_orderdateYear1992>  | <http://lod2.eu/schemas/rdfh#lo_partkeyBrand1MFGR-1238> |
+--------------+-----------------------------------------------------+---------------------------------------------------------+
|  12522692893 | <http://lod2.eu/schemas/rdfh#lo_orderdateYear1992>  | <http://lod2.eu/schemas/rdfh#lo_partkeyBrand1MFGR-1239> |
+--------------+-----------------------------------------------------+---------------------------------------------------------+
|  13190480233 | <http://lod2.eu/schemas/rdfh#lo_orderdateYear1992>  | <http://lod2.eu/schemas/rdfh#lo_partkeyBrand1MFGR-123>  |
+--------------+-----------------------------------------------------+---------------------------------------------------------+
|  13900238799 | <http://lod2.eu/schemas/rdfh#lo_orderdateYear1992>  | <http://lod2.eu/schemas/rdfh#lo_partkeyBrand1MFGR-1240> |
+--------------+-----------------------------------------------------+---------------------------------------------------------+
|  13128373576 | <http://lod2.eu/schemas/rdfh#lo_orderdateYear1992>  | <http://lod2.eu/schemas/rdfh#lo_partkeyBrand1MFGR-124>  |
+--------------+-----------------------------------------------------+---------------------------------------------------------+
|  12889269530 | <http://lod2.eu/schemas/rdfh#lo_orderdateYear1992>  | <http://lod2.eu/schemas/rdfh#lo_partkeyBrand1MFGR-125>  |
+--------------+-----------------------------------------------------+---------------------------------------------------------+
|  12072098894 | <http://lod2.eu/schemas/rdfh#lo_orderdateYear1992>  | <http://lod2.eu/schemas/rdfh#lo_partkeyBrand1MFGR-126>  |
+--------------+-----------------------------------------------------+---------------------------------------------------------+
|  13326968200 | <http://lod2.eu/schemas/rdfh#lo_orderdateYear1992>  | <http://lod2.eu/schemas/rdfh#lo_partkeyBrand1MFGR-127>  |
+--------------+-----------------------------------------------------+---------------------------------------------------------+
|  13205227869 | <http://lod2.eu/schemas/rdfh#lo_orderdateYear1992>  | <http://lod2.eu/schemas/rdfh#lo_partkeyBrand1MFGR-128>  |
+--------------+-----------------------------------------------------+---------------------------------------------------------+
|  12060639481 | <http://lod2.eu/schemas/rdfh#lo_orderdateYear1992>  | <http://lod2.eu/schemas/rdfh#lo_partkeyBrand1MFGR-129>  |
+--------------+-----------------------------------------------------+---------------------------------------------------------+
|  12846153574 | <http://lod2.eu/schemas/rdfh#lo_orderdateYear1993>  | <http://lod2.eu/schemas/rdfh#lo_partkeyBrand1MFGR-1210> |
+--------------+-----------------------------------------------------+---------------------------------------------------------+
|  13319472884 | <http://lod2.eu/schemas/rdfh#lo_orderdateYear1993>  | <http://lod2.eu/schemas/rdfh#lo_partkeyBrand1MFGR-1211> |
+--------------+-----------------------------------------------------+---------------------------------------------------------+
|  12656867131 | <http://lod2.eu/schemas/rdfh#lo_orderdateYear1993>  | <http://lod2.eu/schemas/rdfh#lo_partkeyBrand1MFGR-1212> |
+--------------+-----------------------------------------------------+---------------------------------------------------------+
|  12958664957 | <http://lod2.eu/schemas/rdfh#lo_orderdateYear1993>  | <http://lod2.eu/schemas/rdfh#lo_partkeyBrand1MFGR-1213> |
+--------------+-----------------------------------------------------+---------------------------------------------------------+
|  12996106178 | <http://lod2.eu/schemas/rdfh#lo_orderdateYear1993>  | <http://lod2.eu/schemas/rdfh#lo_partkeyBrand1MFGR-1214> |
+--------------+-----------------------------------------------------+---------------------------------------------------------+
|  13749400474 | <http://lod2.eu/schemas/rdfh#lo_orderdateYear1993>  | <http://lod2.eu/schemas/rdfh#lo_partkeyBrand1MFGR-1215> |
+--------------+-----------------------------------------------------+---------------------------------------------------------+
|  13156279495 | <http://lod2.eu/schemas/rdfh#lo_orderdateYear1993>  | <http://lod2.eu/schemas/rdfh#lo_partkeyBrand1MFGR-1216> |
+--------------+-----------------------------------------------------+---------------------------------------------------------+
|  14133397051 | <http://lod2.eu/schemas/rdfh#lo_orderdateYear1993>  | <http://lod2.eu/schemas/rdfh#lo_partkeyBrand1MFGR-1217> |
+--------------+-----------------------------------------------------+---------------------------------------------------------+
|  13300752041 | <http://lod2.eu/schemas/rdfh#lo_orderdateYear1993>  | <http://lod2.eu/schemas/rdfh#lo_partkeyBrand1MFGR-1218> |
+--------------+-----------------------------------------------------+---------------------------------------------------------+
|  13188526927 | <http://lod2.eu/schemas/rdfh#lo_orderdateYear1993>  | <http://lod2.eu/schemas/rdfh#lo_partkeyBrand1MFGR-1219> |
+--------------+-----------------------------------------------------+---------------------------------------------------------+
|  12913064170 | <http://lod2.eu/schemas/rdfh#lo_orderdateYear1993>  | <http://lod2.eu/schemas/rdfh#lo_partkeyBrand1MFGR-121>  |
+--------------+-----------------------------------------------------+---------------------------------------------------------+
|  13151060231 | <http://lod2.eu/schemas/rdfh#lo_orderdateYear1993>  | <http://lod2.eu/schemas/rdfh#lo_partkeyBrand1MFGR-1220> |
+--------------+-----------------------------------------------------+---------------------------------------------------------+
|  13520271743 | <http://lod2.eu/schemas/rdfh#lo_orderdateYear1993>  | <http://lod2.eu/schemas/rdfh#lo_partkeyBrand1MFGR-1221> |
+--------------+-----------------------------------------------------+---------------------------------------------------------+
|  13204649517 | <http://lod2.eu/schemas/rdfh#lo_orderdateYear1993>  | <http://lod2.eu/schemas/rdfh#lo_partkeyBrand1MFGR-1222> |
+--------------+-----------------------------------------------------+---------------------------------------------------------+
|  12611021328 | <http://lod2.eu/schemas/rdfh#lo_orderdateYear1993>  | <http://lod2.eu/schemas/rdfh#lo_partkeyBrand1MFGR-1223> |
+--------------+-----------------------------------------------------+---------------------------------------------------------+
|  13706017203 | <http://lod2.eu/schemas/rdfh#lo_orderdateYear1993>  | <http://lod2.eu/schemas/rdfh#lo_partkeyBrand1MFGR-1224> |
+--------------+-----------------------------------------------------+---------------------------------------------------------+
|  13193613398 | <http://lod2.eu/schemas/rdfh#lo_orderdateYear1993>  | <http://lod2.eu/schemas/rdfh#lo_partkeyBrand1MFGR-1225> |
+--------------+-----------------------------------------------------+---------------------------------------------------------+
|  13364868408 | <http://lod2.eu/schemas/rdfh#lo_orderdateYear1993>  | <http://lod2.eu/schemas/rdfh#lo_partkeyBrand1MFGR-1226> |
+--------------+-----------------------------------------------------+---------------------------------------------------------+
|  12526434796 | <http://lod2.eu/schemas/rdfh#lo_orderdateYear1993>  | <http://lod2.eu/schemas/rdfh#lo_partkeyBrand1MFGR-1227> |
+--------------+-----------------------------------------------------+---------------------------------------------------------+
|  13885781315 | <http://lod2.eu/schemas/rdfh#lo_orderdateYear1993>  | <http://lod2.eu/schemas/rdfh#lo_partkeyBrand1MFGR-1228> |
+--------------+-----------------------------------------------------+---------------------------------------------------------+
|  12645170012 | <http://lod2.eu/schemas/rdfh#lo_orderdateYear1993>  | <http://lod2.eu/schemas/rdfh#lo_partkeyBrand1MFGR-1229> |
+--------------+-----------------------------------------------------+---------------------------------------------------------+
|  13669006986 | <http://lod2.eu/schemas/rdfh#lo_orderdateYear1993>  | <http://lod2.eu/schemas/rdfh#lo_partkeyBrand1MFGR-122>  |
+--------------+-----------------------------------------------------+---------------------------------------------------------+
|  12882547721 | <http://lod2.eu/schemas/rdfh#lo_orderdateYear1993>  | <http://lod2.eu/schemas/rdfh#lo_partkeyBrand1MFGR-1230> |
+--------------+-----------------------------------------------------+---------------------------------------------------------+
|  13242258104 | <http://lod2.eu/schemas/rdfh#lo_orderdateYear1993>  | <http://lod2.eu/schemas/rdfh#lo_partkeyBrand1MFGR-1231> |
+--------------+-----------------------------------------------------+---------------------------------------------------------+
|  14625381340 | <http://lod2.eu/schemas/rdfh#lo_orderdateYear1993>  | <http://lod2.eu/schemas/rdfh#lo_partkeyBrand1MFGR-1232> |
+--------------+-----------------------------------------------------+---------------------------------------------------------+
|  13028652414 | <http://lod2.eu/schemas/rdfh#lo_orderdateYear1993>  | <http://lod2.eu/schemas/rdfh#lo_partkeyBrand1MFGR-1233> |
+--------------+-----------------------------------------------------+---------------------------------------------------------+
|  13523711079 | <http://lod2.eu/schemas/rdfh#lo_orderdateYear1993>  | <http://lod2.eu/schemas/rdfh#lo_partkeyBrand1MFGR-1234> |
+--------------+-----------------------------------------------------+---------------------------------------------------------+
|  13980638401 | <http://lod2.eu/schemas/rdfh#lo_orderdateYear1993>  | <http://lod2.eu/schemas/rdfh#lo_partkeyBrand1MFGR-1235> |
+--------------+-----------------------------------------------------+---------------------------------------------------------+
|  13835021719 | <http://lod2.eu/schemas/rdfh#lo_orderdateYear1993>  | <http://lod2.eu/schemas/rdfh#lo_partkeyBrand1MFGR-1236> |
+--------------+-----------------------------------------------------+---------------------------------------------------------+
|  13741524787 | <http://lod2.eu/schemas/rdfh#lo_orderdateYear1993>  | <http://lod2.eu/schemas/rdfh#lo_partkeyBrand1MFGR-1237> |
+--------------+-----------------------------------------------------+---------------------------------------------------------+
|  11844760060 | <http://lod2.eu/schemas/rdfh#lo_orderdateYear1993>  | <http://lod2.eu/schemas/rdfh#lo_partkeyBrand1MFGR-1238> |
+--------------+-----------------------------------------------------+---------------------------------------------------------+
|  12403455915 | <http://lod2.eu/schemas/rdfh#lo_orderdateYear1993>  | <http://lod2.eu/schemas/rdfh#lo_partkeyBrand1MFGR-1239> |
+--------------+-----------------------------------------------------+---------------------------------------------------------+
|  12745953219 | <http://lod2.eu/schemas/rdfh#lo_orderdateYear1993>  | <http://lod2.eu/schemas/rdfh#lo_partkeyBrand1MFGR-123>  |
+--------------+-----------------------------------------------------+---------------------------------------------------------+
|  13728834792 | <http://lod2.eu/schemas/rdfh#lo_orderdateYear1993>  | <http://lod2.eu/schemas/rdfh#lo_partkeyBrand1MFGR-1240> |
+--------------+-----------------------------------------------------+---------------------------------------------------------+
|  13700145770 | <http://lod2.eu/schemas/rdfh#lo_orderdateYear1993>  | <http://lod2.eu/schemas/rdfh#lo_partkeyBrand1MFGR-124>  |
+--------------+-----------------------------------------------------+---------------------------------------------------------+
|  12732068011 | <http://lod2.eu/schemas/rdfh#lo_orderdateYear1993>  | <http://lod2.eu/schemas/rdfh#lo_partkeyBrand1MFGR-125>  |
+--------------+-----------------------------------------------------+---------------------------------------------------------+
|  13033573314 | <http://lod2.eu/schemas/rdfh#lo_orderdateYear1993>  | <http://lod2.eu/schemas/rdfh#lo_partkeyBrand1MFGR-126>  |
+--------------+-----------------------------------------------------+---------------------------------------------------------+
|  13878439267 | <http://lod2.eu/schemas/rdfh#lo_orderdateYear1993>  | <http://lod2.eu/schemas/rdfh#lo_partkeyBrand1MFGR-127>  |
+--------------+-----------------------------------------------------+---------------------------------------------------------+
|  13234183624 | <http://lod2.eu/schemas/rdfh#lo_orderdateYear1993>  | <http://lod2.eu/schemas/rdfh#lo_partkeyBrand1MFGR-128>  |
+--------------+-----------------------------------------------------+---------------------------------------------------------+
|  12216872884 | <http://lod2.eu/schemas/rdfh#lo_orderdateYear1993>  | <http://lod2.eu/schemas/rdfh#lo_partkeyBrand1MFGR-129>  |
+--------------+-----------------------------------------------------+---------------------------------------------------------+
|  13415972840 | <http://lod2.eu/schemas/rdfh#lo_orderdateYear1994>  | <http://lod2.eu/schemas/rdfh#lo_partkeyBrand1MFGR-1210> |
+--------------+-----------------------------------------------------+---------------------------------------------------------+
|  13796394107 | <http://lod2.eu/schemas/rdfh#lo_orderdateYear1994>  | <http://lod2.eu/schemas/rdfh#lo_partkeyBrand1MFGR-1211> |
+--------------+-----------------------------------------------------+---------------------------------------------------------+
|  13066189489 | <http://lod2.eu/schemas/rdfh#lo_orderdateYear1994>  | <http://lod2.eu/schemas/rdfh#lo_partkeyBrand1MFGR-1212> |
+--------------+-----------------------------------------------------+---------------------------------------------------------+
|  13171981606 | <http://lod2.eu/schemas/rdfh#lo_orderdateYear1994>  | <http://lod2.eu/schemas/rdfh#lo_partkeyBrand1MFGR-1213> |
+--------------+-----------------------------------------------------+---------------------------------------------------------+
|  13014609731 | <http://lod2.eu/schemas/rdfh#lo_orderdateYear1994>  | <http://lod2.eu/schemas/rdfh#lo_partkeyBrand1MFGR-1214> |
+--------------+-----------------------------------------------------+---------------------------------------------------------+
|  13505619415 | <http://lod2.eu/schemas/rdfh#lo_orderdateYear1994>  | <http://lod2.eu/schemas/rdfh#lo_partkeyBrand1MFGR-1215> |
+--------------+-----------------------------------------------------+---------------------------------------------------------+
|  13154008183 | <http://lod2.eu/schemas/rdfh#lo_orderdateYear1994>  | <http://lod2.eu/schemas/rdfh#lo_partkeyBrand1MFGR-1216> |
+--------------+-----------------------------------------------------+---------------------------------------------------------+
|  13993249029 | <http://lod2.eu/schemas/rdfh#lo_orderdateYear1994>  | <http://lod2.eu/schemas/rdfh#lo_partkeyBrand1MFGR-1217> |
+--------------+-----------------------------------------------------+---------------------------------------------------------+
|  13447685058 | <http://lod2.eu/schemas/rdfh#lo_orderdateYear1994>  | <http://lod2.eu/schemas/rdfh#lo_partkeyBrand1MFGR-1218> |
+--------------+-----------------------------------------------------+---------------------------------------------------------+
|  12786720187 | <http://lod2.eu/schemas/rdfh#lo_orderdateYear1994>  | <http://lod2.eu/schemas/rdfh#lo_partkeyBrand1MFGR-1219> |
+--------------+-----------------------------------------------------+---------------------------------------------------------+
|  13015507995 | <http://lod2.eu/schemas/rdfh#lo_orderdateYear1994>  | <http://lod2.eu/schemas/rdfh#lo_partkeyBrand1MFGR-121>  |
+--------------+-----------------------------------------------------+---------------------------------------------------------+
|  12816274355 | <http://lod2.eu/schemas/rdfh#lo_orderdateYear1994>  | <http://lod2.eu/schemas/rdfh#lo_partkeyBrand1MFGR-1220> |
+--------------+-----------------------------------------------------+---------------------------------------------------------+
|  13701914320 | <http://lod2.eu/schemas/rdfh#lo_orderdateYear1994>  | <http://lod2.eu/schemas/rdfh#lo_partkeyBrand1MFGR-1221> |
+--------------+-----------------------------------------------------+---------------------------------------------------------+
|  12973502122 | <http://lod2.eu/schemas/rdfh#lo_orderdateYear1994>  | <http://lod2.eu/schemas/rdfh#lo_partkeyBrand1MFGR-1222> |
+--------------+-----------------------------------------------------+---------------------------------------------------------+
|  12097673606 | <http://lod2.eu/schemas/rdfh#lo_orderdateYear1994>  | <http://lod2.eu/schemas/rdfh#lo_partkeyBrand1MFGR-1223> |
+--------------+-----------------------------------------------------+---------------------------------------------------------+
|  14158613987 | <http://lod2.eu/schemas/rdfh#lo_orderdateYear1994>  | <http://lod2.eu/schemas/rdfh#lo_partkeyBrand1MFGR-1224> |
+--------------+-----------------------------------------------------+---------------------------------------------------------+
|  13367339460 | <http://lod2.eu/schemas/rdfh#lo_orderdateYear1994>  | <http://lod2.eu/schemas/rdfh#lo_partkeyBrand1MFGR-1225> |
+--------------+-----------------------------------------------------+---------------------------------------------------------+
|  13592369907 | <http://lod2.eu/schemas/rdfh#lo_orderdateYear1994>  | <http://lod2.eu/schemas/rdfh#lo_partkeyBrand1MFGR-1226> |
+--------------+-----------------------------------------------------+---------------------------------------------------------+
|  12688300755 | <http://lod2.eu/schemas/rdfh#lo_orderdateYear1994>  | <http://lod2.eu/schemas/rdfh#lo_partkeyBrand1MFGR-1227> |
+--------------+-----------------------------------------------------+---------------------------------------------------------+
|  13929240610 | <http://lod2.eu/schemas/rdfh#lo_orderdateYear1994>  | <http://lod2.eu/schemas/rdfh#lo_partkeyBrand1MFGR-1228> |
+--------------+-----------------------------------------------------+---------------------------------------------------------+
|  12578247606 | <http://lod2.eu/schemas/rdfh#lo_orderdateYear1994>  | <http://lod2.eu/schemas/rdfh#lo_partkeyBrand1MFGR-1229> |
+--------------+-----------------------------------------------------+---------------------------------------------------------+
|  13686460859 | <http://lod2.eu/schemas/rdfh#lo_orderdateYear1994>  | <http://lod2.eu/schemas/rdfh#lo_partkeyBrand1MFGR-122>  |
+--------------+-----------------------------------------------------+---------------------------------------------------------+
|  12894203129 | <http://lod2.eu/schemas/rdfh#lo_orderdateYear1994>  | <http://lod2.eu/schemas/rdfh#lo_partkeyBrand1MFGR-1230> |
+--------------+-----------------------------------------------------+---------------------------------------------------------+
|  12881299936 | <http://lod2.eu/schemas/rdfh#lo_orderdateYear1994>  | <http://lod2.eu/schemas/rdfh#lo_partkeyBrand1MFGR-1231> |
+--------------+-----------------------------------------------------+---------------------------------------------------------+
|  14986840428 | <http://lod2.eu/schemas/rdfh#lo_orderdateYear1994>  | <http://lod2.eu/schemas/rdfh#lo_partkeyBrand1MFGR-1232> |
+--------------+-----------------------------------------------------+---------------------------------------------------------+
|  13258835859 | <http://lod2.eu/schemas/rdfh#lo_orderdateYear1994>  | <http://lod2.eu/schemas/rdfh#lo_partkeyBrand1MFGR-1233> |
+--------------+-----------------------------------------------------+---------------------------------------------------------+
|  13282162516 | <http://lod2.eu/schemas/rdfh#lo_orderdateYear1994>  | <http://lod2.eu/schemas/rdfh#lo_partkeyBrand1MFGR-1234> |
+--------------+-----------------------------------------------------+---------------------------------------------------------+
|  13523371719 | <http://lod2.eu/schemas/rdfh#lo_orderdateYear1994>  | <http://lod2.eu/schemas/rdfh#lo_partkeyBrand1MFGR-1235> |
+--------------+-----------------------------------------------------+---------------------------------------------------------+
|  14052867150 | <http://lod2.eu/schemas/rdfh#lo_orderdateYear1994>  | <http://lod2.eu/schemas/rdfh#lo_partkeyBrand1MFGR-1236> |
+--------------+-----------------------------------------------------+---------------------------------------------------------+
|  13824154900 | <http://lod2.eu/schemas/rdfh#lo_orderdateYear1994>  | <http://lod2.eu/schemas/rdfh#lo_partkeyBrand1MFGR-1237> |
+--------------+-----------------------------------------------------+---------------------------------------------------------+
|  11911167126 | <http://lod2.eu/schemas/rdfh#lo_orderdateYear1994>  | <http://lod2.eu/schemas/rdfh#lo_partkeyBrand1MFGR-1238> |
+--------------+-----------------------------------------------------+---------------------------------------------------------+
|  12650040050 | <http://lod2.eu/schemas/rdfh#lo_orderdateYear1994>  | <http://lod2.eu/schemas/rdfh#lo_partkeyBrand1MFGR-1239> |
+--------------+-----------------------------------------------------+---------------------------------------------------------+
|  12902018098 | <http://lod2.eu/schemas/rdfh#lo_orderdateYear1994>  | <http://lod2.eu/schemas/rdfh#lo_partkeyBrand1MFGR-123>  |
+--------------+-----------------------------------------------------+---------------------------------------------------------+
|  13874852324 | <http://lod2.eu/schemas/rdfh#lo_orderdateYear1994>  | <http://lod2.eu/schemas/rdfh#lo_partkeyBrand1MFGR-1240> |
+--------------+-----------------------------------------------------+---------------------------------------------------------+
|  13372816683 | <http://lod2.eu/schemas/rdfh#lo_orderdateYear1994>  | <http://lod2.eu/schemas/rdfh#lo_partkeyBrand1MFGR-124>  |
+--------------+-----------------------------------------------------+---------------------------------------------------------+
|  13113458783 | <http://lod2.eu/schemas/rdfh#lo_orderdateYear1994>  | <http://lod2.eu/schemas/rdfh#lo_partkeyBrand1MFGR-125>  |
+--------------+-----------------------------------------------------+---------------------------------------------------------+
|  12443110357 | <http://lod2.eu/schemas/rdfh#lo_orderdateYear1994>  | <http://lod2.eu/schemas/rdfh#lo_partkeyBrand1MFGR-126>  |
+--------------+-----------------------------------------------------+---------------------------------------------------------+
|  13197254501 | <http://lod2.eu/schemas/rdfh#lo_orderdateYear1994>  | <http://lod2.eu/schemas/rdfh#lo_partkeyBrand1MFGR-127>  |
+--------------+-----------------------------------------------------+---------------------------------------------------------+
|  13561334546 | <http://lod2.eu/schemas/rdfh#lo_orderdateYear1994>  | <http://lod2.eu/schemas/rdfh#lo_partkeyBrand1MFGR-128>  |
+--------------+-----------------------------------------------------+---------------------------------------------------------+
|  12215960647 | <http://lod2.eu/schemas/rdfh#lo_orderdateYear1994>  | <http://lod2.eu/schemas/rdfh#lo_partkeyBrand1MFGR-129>  |
+--------------+-----------------------------------------------------+---------------------------------------------------------+
|  13298369956 | <http://lod2.eu/schemas/rdfh#lo_orderdateYear1995>  | <http://lod2.eu/schemas/rdfh#lo_partkeyBrand1MFGR-1210> |
+--------------+-----------------------------------------------------+---------------------------------------------------------+
|  13620817848 | <http://lod2.eu/schemas/rdfh#lo_orderdateYear1995>  | <http://lod2.eu/schemas/rdfh#lo_partkeyBrand1MFGR-1211> |
+--------------+-----------------------------------------------------+---------------------------------------------------------+
|  12610662225 | <http://lod2.eu/schemas/rdfh#lo_orderdateYear1995>  | <http://lod2.eu/schemas/rdfh#lo_partkeyBrand1MFGR-1212> |
+--------------+-----------------------------------------------------+---------------------------------------------------------+
|  13292941078 | <http://lod2.eu/schemas/rdfh#lo_orderdateYear1995>  | <http://lod2.eu/schemas/rdfh#lo_partkeyBrand1MFGR-1213> |
+--------------+-----------------------------------------------------+---------------------------------------------------------+
|  13449826225 | <http://lod2.eu/schemas/rdfh#lo_orderdateYear1995>  | <http://lod2.eu/schemas/rdfh#lo_partkeyBrand1MFGR-1214> |
+--------------+-----------------------------------------------------+---------------------------------------------------------+
|  13210454604 | <http://lod2.eu/schemas/rdfh#lo_orderdateYear1995>  | <http://lod2.eu/schemas/rdfh#lo_partkeyBrand1MFGR-1215> |
+--------------+-----------------------------------------------------+---------------------------------------------------------+
|  13281112431 | <http://lod2.eu/schemas/rdfh#lo_orderdateYear1995>  | <http://lod2.eu/schemas/rdfh#lo_partkeyBrand1MFGR-1216> |
+--------------+-----------------------------------------------------+---------------------------------------------------------+
|  13965326980 | <http://lod2.eu/schemas/rdfh#lo_orderdateYear1995>  | <http://lod2.eu/schemas/rdfh#lo_partkeyBrand1MFGR-1217> |
+--------------+-----------------------------------------------------+---------------------------------------------------------+
|  13456838120 | <http://lod2.eu/schemas/rdfh#lo_orderdateYear1995>  | <http://lod2.eu/schemas/rdfh#lo_partkeyBrand1MFGR-1218> |
+--------------+-----------------------------------------------------+---------------------------------------------------------+
|  12636008879 | <http://lod2.eu/schemas/rdfh#lo_orderdateYear1995>  | <http://lod2.eu/schemas/rdfh#lo_partkeyBrand1MFGR-1219> |
+--------------+-----------------------------------------------------+---------------------------------------------------------+
|  12548988553 | <http://lod2.eu/schemas/rdfh#lo_orderdateYear1995>  | <http://lod2.eu/schemas/rdfh#lo_partkeyBrand1MFGR-121>  |
+--------------+-----------------------------------------------------+---------------------------------------------------------+
|  13263424971 | <http://lod2.eu/schemas/rdfh#lo_orderdateYear1995>  | <http://lod2.eu/schemas/rdfh#lo_partkeyBrand1MFGR-1220> |
+--------------+-----------------------------------------------------+---------------------------------------------------------+
|  13880780596 | <http://lod2.eu/schemas/rdfh#lo_orderdateYear1995>  | <http://lod2.eu/schemas/rdfh#lo_partkeyBrand1MFGR-1221> |
+--------------+-----------------------------------------------------+---------------------------------------------------------+
|  13067280967 | <http://lod2.eu/schemas/rdfh#lo_orderdateYear1995>  | <http://lod2.eu/schemas/rdfh#lo_partkeyBrand1MFGR-1222> |
+--------------+-----------------------------------------------------+---------------------------------------------------------+
|  12522080131 | <http://lod2.eu/schemas/rdfh#lo_orderdateYear1995>  | <http://lod2.eu/schemas/rdfh#lo_partkeyBrand1MFGR-1223> |
+--------------+-----------------------------------------------------+---------------------------------------------------------+
|  13648591095 | <http://lod2.eu/schemas/rdfh#lo_orderdateYear1995>  | <http://lod2.eu/schemas/rdfh#lo_partkeyBrand1MFGR-1224> |
+--------------+-----------------------------------------------------+---------------------------------------------------------+
|  13489508329 | <http://lod2.eu/schemas/rdfh#lo_orderdateYear1995>  | <http://lod2.eu/schemas/rdfh#lo_partkeyBrand1MFGR-1225> |
+--------------+-----------------------------------------------------+---------------------------------------------------------+
|  13692206761 | <http://lod2.eu/schemas/rdfh#lo_orderdateYear1995>  | <http://lod2.eu/schemas/rdfh#lo_partkeyBrand1MFGR-1226> |
+--------------+-----------------------------------------------------+---------------------------------------------------------+
|  12819880503 | <http://lod2.eu/schemas/rdfh#lo_orderdateYear1995>  | <http://lod2.eu/schemas/rdfh#lo_partkeyBrand1MFGR-1227> |
+--------------+-----------------------------------------------------+---------------------------------------------------------+
|  14290014609 | <http://lod2.eu/schemas/rdfh#lo_orderdateYear1995>  | <http://lod2.eu/schemas/rdfh#lo_partkeyBrand1MFGR-1228> |
+--------------+-----------------------------------------------------+---------------------------------------------------------+
|  12684929098 | <http://lod2.eu/schemas/rdfh#lo_orderdateYear1995>  | <http://lod2.eu/schemas/rdfh#lo_partkeyBrand1MFGR-1229> |
+--------------+-----------------------------------------------------+---------------------------------------------------------+
|  13596382674 | <http://lod2.eu/schemas/rdfh#lo_orderdateYear1995>  | <http://lod2.eu/schemas/rdfh#lo_partkeyBrand1MFGR-122>  |
+--------------+-----------------------------------------------------+---------------------------------------------------------+
|  12456838286 | <http://lod2.eu/schemas/rdfh#lo_orderdateYear1995>  | <http://lod2.eu/schemas/rdfh#lo_partkeyBrand1MFGR-1230> |
+--------------+-----------------------------------------------------+---------------------------------------------------------+
|  13065298087 | <http://lod2.eu/schemas/rdfh#lo_orderdateYear1995>  | <http://lod2.eu/schemas/rdfh#lo_partkeyBrand1MFGR-1231> |
+--------------+-----------------------------------------------------+---------------------------------------------------------+
|  14027053523 | <http://lod2.eu/schemas/rdfh#lo_orderdateYear1995>  | <http://lod2.eu/schemas/rdfh#lo_partkeyBrand1MFGR-1232> |
+--------------+-----------------------------------------------------+---------------------------------------------------------+
|  12626335379 | <http://lod2.eu/schemas/rdfh#lo_orderdateYear1995>  | <http://lod2.eu/schemas/rdfh#lo_partkeyBrand1MFGR-1233> |
+--------------+-----------------------------------------------------+---------------------------------------------------------+
|  12935669993 | <http://lod2.eu/schemas/rdfh#lo_orderdateYear1995>  | <http://lod2.eu/schemas/rdfh#lo_partkeyBrand1MFGR-1234> |
+--------------+-----------------------------------------------------+---------------------------------------------------------+
|  13565017652 | <http://lod2.eu/schemas/rdfh#lo_orderdateYear1995>  | <http://lod2.eu/schemas/rdfh#lo_partkeyBrand1MFGR-1235> |
+--------------+-----------------------------------------------------+---------------------------------------------------------+
|  13373311601 | <http://lod2.eu/schemas/rdfh#lo_orderdateYear1995>  | <http://lod2.eu/schemas/rdfh#lo_partkeyBrand1MFGR-1236> |
+--------------+-----------------------------------------------------+---------------------------------------------------------+
|  14124141780 | <http://lod2.eu/schemas/rdfh#lo_orderdateYear1995>  | <http://lod2.eu/schemas/rdfh#lo_partkeyBrand1MFGR-1237> |
+--------------+-----------------------------------------------------+---------------------------------------------------------+
|  11700287744 | <http://lod2.eu/schemas/rdfh#lo_orderdateYear1995>  | <http://lod2.eu/schemas/rdfh#lo_partkeyBrand1MFGR-1238> |
+--------------+-----------------------------------------------------+---------------------------------------------------------+
|  12414542998 | <http://lod2.eu/schemas/rdfh#lo_orderdateYear1995>  | <http://lod2.eu/schemas/rdfh#lo_partkeyBrand1MFGR-1239> |
+--------------+-----------------------------------------------------+---------------------------------------------------------+
|  13107036842 | <http://lod2.eu/schemas/rdfh#lo_orderdateYear1995>  | <http://lod2.eu/schemas/rdfh#lo_partkeyBrand1MFGR-123>  |
+--------------+-----------------------------------------------------+---------------------------------------------------------+
|  13971716794 | <http://lod2.eu/schemas/rdfh#lo_orderdateYear1995>  | <http://lod2.eu/schemas/rdfh#lo_partkeyBrand1MFGR-1240> |
+--------------+-----------------------------------------------------+---------------------------------------------------------+
|  13677989398 | <http://lod2.eu/schemas/rdfh#lo_orderdateYear1995>  | <http://lod2.eu/schemas/rdfh#lo_partkeyBrand1MFGR-124>  |
+--------------+-----------------------------------------------------+---------------------------------------------------------+
|  13193092677 | <http://lod2.eu/schemas/rdfh#lo_orderdateYear1995>  | <http://lod2.eu/schemas/rdfh#lo_partkeyBrand1MFGR-125>  |
+--------------+-----------------------------------------------------+---------------------------------------------------------+
|  12934183160 | <http://lod2.eu/schemas/rdfh#lo_orderdateYear1995>  | <http://lod2.eu/schemas/rdfh#lo_partkeyBrand1MFGR-126>  |
+--------------+-----------------------------------------------------+---------------------------------------------------------+
|  13113323851 | <http://lod2.eu/schemas/rdfh#lo_orderdateYear1995>  | <http://lod2.eu/schemas/rdfh#lo_partkeyBrand1MFGR-127>  |
+--------------+-----------------------------------------------------+---------------------------------------------------------+
|  13642471572 | <http://lod2.eu/schemas/rdfh#lo_orderdateYear1995>  | <http://lod2.eu/schemas/rdfh#lo_partkeyBrand1MFGR-128>  |
+--------------+-----------------------------------------------------+---------------------------------------------------------+
|  12284711598 | <http://lod2.eu/schemas/rdfh#lo_orderdateYear1995>  | <http://lod2.eu/schemas/rdfh#lo_partkeyBrand1MFGR-129>  |
+--------------+-----------------------------------------------------+---------------------------------------------------------+
|  13069002816 | <http://lod2.eu/schemas/rdfh#lo_orderdateYear1996>  | <http://lod2.eu/schemas/rdfh#lo_partkeyBrand1MFGR-1210> |
+--------------+-----------------------------------------------------+---------------------------------------------------------+
|  14394514059 | <http://lod2.eu/schemas/rdfh#lo_orderdateYear1996>  | <http://lod2.eu/schemas/rdfh#lo_partkeyBrand1MFGR-1211> |
+--------------+-----------------------------------------------------+---------------------------------------------------------+
|  12765635985 | <http://lod2.eu/schemas/rdfh#lo_orderdateYear1996>  | <http://lod2.eu/schemas/rdfh#lo_partkeyBrand1MFGR-1212> |
+--------------+-----------------------------------------------------+---------------------------------------------------------+
|  13152629772 | <http://lod2.eu/schemas/rdfh#lo_orderdateYear1996>  | <http://lod2.eu/schemas/rdfh#lo_partkeyBrand1MFGR-1213> |
+--------------+-----------------------------------------------------+---------------------------------------------------------+
|  12874185514 | <http://lod2.eu/schemas/rdfh#lo_orderdateYear1996>  | <http://lod2.eu/schemas/rdfh#lo_partkeyBrand1MFGR-1214> |
+--------------+-----------------------------------------------------+---------------------------------------------------------+
|  13724762331 | <http://lod2.eu/schemas/rdfh#lo_orderdateYear1996>  | <http://lod2.eu/schemas/rdfh#lo_partkeyBrand1MFGR-1215> |
+--------------+-----------------------------------------------------+---------------------------------------------------------+
|  13424153649 | <http://lod2.eu/schemas/rdfh#lo_orderdateYear1996>  | <http://lod2.eu/schemas/rdfh#lo_partkeyBrand1MFGR-1216> |
+--------------+-----------------------------------------------------+---------------------------------------------------------+
|  13945542686 | <http://lod2.eu/schemas/rdfh#lo_orderdateYear1996>  | <http://lod2.eu/schemas/rdfh#lo_partkeyBrand1MFGR-1217> |
+--------------+-----------------------------------------------------+---------------------------------------------------------+
|  13821368995 | <http://lod2.eu/schemas/rdfh#lo_orderdateYear1996>  | <http://lod2.eu/schemas/rdfh#lo_partkeyBrand1MFGR-1218> |
+--------------+-----------------------------------------------------+---------------------------------------------------------+
|  12646017203 | <http://lod2.eu/schemas/rdfh#lo_orderdateYear1996>  | <http://lod2.eu/schemas/rdfh#lo_partkeyBrand1MFGR-1219> |
+--------------+-----------------------------------------------------+---------------------------------------------------------+
|  12964290247 | <http://lod2.eu/schemas/rdfh#lo_orderdateYear1996>  | <http://lod2.eu/schemas/rdfh#lo_partkeyBrand1MFGR-121>  |
+--------------+-----------------------------------------------------+---------------------------------------------------------+
|  12997436256 | <http://lod2.eu/schemas/rdfh#lo_orderdateYear1996>  | <http://lod2.eu/schemas/rdfh#lo_partkeyBrand1MFGR-1220> |
+--------------+-----------------------------------------------------+---------------------------------------------------------+
|  13483832998 | <http://lod2.eu/schemas/rdfh#lo_orderdateYear1996>  | <http://lod2.eu/schemas/rdfh#lo_partkeyBrand1MFGR-1221> |
+--------------+-----------------------------------------------------+---------------------------------------------------------+
|  12786027627 | <http://lod2.eu/schemas/rdfh#lo_orderdateYear1996>  | <http://lod2.eu/schemas/rdfh#lo_partkeyBrand1MFGR-1222> |
+--------------+-----------------------------------------------------+---------------------------------------------------------+
|  12246975901 | <http://lod2.eu/schemas/rdfh#lo_orderdateYear1996>  | <http://lod2.eu/schemas/rdfh#lo_partkeyBrand1MFGR-1223> |
+--------------+-----------------------------------------------------+---------------------------------------------------------+
|  14246722137 | <http://lod2.eu/schemas/rdfh#lo_orderdateYear1996>  | <http://lod2.eu/schemas/rdfh#lo_partkeyBrand1MFGR-1224> |
+--------------+-----------------------------------------------------+---------------------------------------------------------+
|  13289035563 | <http://lod2.eu/schemas/rdfh#lo_orderdateYear1996>  | <http://lod2.eu/schemas/rdfh#lo_partkeyBrand1MFGR-1225> |
+--------------+-----------------------------------------------------+---------------------------------------------------------+
|  13471416801 | <http://lod2.eu/schemas/rdfh#lo_orderdateYear1996>  | <http://lod2.eu/schemas/rdfh#lo_partkeyBrand1MFGR-1226> |
+--------------+-----------------------------------------------------+---------------------------------------------------------+
|  12633157628 | <http://lod2.eu/schemas/rdfh#lo_orderdateYear1996>  | <http://lod2.eu/schemas/rdfh#lo_partkeyBrand1MFGR-1227> |
+--------------+-----------------------------------------------------+---------------------------------------------------------+
|  13856331507 | <http://lod2.eu/schemas/rdfh#lo_orderdateYear1996>  | <http://lod2.eu/schemas/rdfh#lo_partkeyBrand1MFGR-1228> |
+--------------+-----------------------------------------------------+---------------------------------------------------------+
|  12380696263 | <http://lod2.eu/schemas/rdfh#lo_orderdateYear1996>  | <http://lod2.eu/schemas/rdfh#lo_partkeyBrand1MFGR-1229> |
+--------------+-----------------------------------------------------+---------------------------------------------------------+
|  14000988039 | <http://lod2.eu/schemas/rdfh#lo_orderdateYear1996>  | <http://lod2.eu/schemas/rdfh#lo_partkeyBrand1MFGR-122>  |
+--------------+-----------------------------------------------------+---------------------------------------------------------+
|  12584005428 | <http://lod2.eu/schemas/rdfh#lo_orderdateYear1996>  | <http://lod2.eu/schemas/rdfh#lo_partkeyBrand1MFGR-1230> |
+--------------+-----------------------------------------------------+---------------------------------------------------------+
|  13171910923 | <http://lod2.eu/schemas/rdfh#lo_orderdateYear1996>  | <http://lod2.eu/schemas/rdfh#lo_partkeyBrand1MFGR-1231> |
+--------------+-----------------------------------------------------+---------------------------------------------------------+
|  14770510635 | <http://lod2.eu/schemas/rdfh#lo_orderdateYear1996>  | <http://lod2.eu/schemas/rdfh#lo_partkeyBrand1MFGR-1232> |
+--------------+-----------------------------------------------------+---------------------------------------------------------+
|  12923797345 | <http://lod2.eu/schemas/rdfh#lo_orderdateYear1996>  | <http://lod2.eu/schemas/rdfh#lo_partkeyBrand1MFGR-1233> |
+--------------+-----------------------------------------------------+---------------------------------------------------------+
|  12893178255 | <http://lod2.eu/schemas/rdfh#lo_orderdateYear1996>  | <http://lod2.eu/schemas/rdfh#lo_partkeyBrand1MFGR-1234> |
+--------------+-----------------------------------------------------+---------------------------------------------------------+
|  14348335024 | <http://lod2.eu/schemas/rdfh#lo_orderdateYear1996>  | <http://lod2.eu/schemas/rdfh#lo_partkeyBrand1MFGR-1235> |
+--------------+-----------------------------------------------------+---------------------------------------------------------+
|  13657838112 | <http://lod2.eu/schemas/rdfh#lo_orderdateYear1996>  | <http://lod2.eu/schemas/rdfh#lo_partkeyBrand1MFGR-1236> |
+--------------+-----------------------------------------------------+---------------------------------------------------------+
|  14084638477 | <http://lod2.eu/schemas/rdfh#lo_orderdateYear1996>  | <http://lod2.eu/schemas/rdfh#lo_partkeyBrand1MFGR-1237> |
+--------------+-----------------------------------------------------+---------------------------------------------------------+
|  11883879165 | <http://lod2.eu/schemas/rdfh#lo_orderdateYear1996>  | <http://lod2.eu/schemas/rdfh#lo_partkeyBrand1MFGR-1238> |
+--------------+-----------------------------------------------------+---------------------------------------------------------+
|  12988292013 | <http://lod2.eu/schemas/rdfh#lo_orderdateYear1996>  | <http://lod2.eu/schemas/rdfh#lo_partkeyBrand1MFGR-1239> |
+--------------+-----------------------------------------------------+---------------------------------------------------------+
|  12868757234 | <http://lod2.eu/schemas/rdfh#lo_orderdateYear1996>  | <http://lod2.eu/schemas/rdfh#lo_partkeyBrand1MFGR-123>  |
+--------------+-----------------------------------------------------+---------------------------------------------------------+
|  14042075637 | <http://lod2.eu/schemas/rdfh#lo_orderdateYear1996>  | <http://lod2.eu/schemas/rdfh#lo_partkeyBrand1MFGR-1240> |
+--------------+-----------------------------------------------------+---------------------------------------------------------+
|  13662170114 | <http://lod2.eu/schemas/rdfh#lo_orderdateYear1996>  | <http://lod2.eu/schemas/rdfh#lo_partkeyBrand1MFGR-124>  |
+--------------+-----------------------------------------------------+---------------------------------------------------------+
|  12971867897 | <http://lod2.eu/schemas/rdfh#lo_orderdateYear1996>  | <http://lod2.eu/schemas/rdfh#lo_partkeyBrand1MFGR-125>  |
+--------------+-----------------------------------------------------+---------------------------------------------------------+
|  12691828718 | <http://lod2.eu/schemas/rdfh#lo_orderdateYear1996>  | <http://lod2.eu/schemas/rdfh#lo_partkeyBrand1MFGR-126>  |
+--------------+-----------------------------------------------------+---------------------------------------------------------+
|  13418126236 | <http://lod2.eu/schemas/rdfh#lo_orderdateYear1996>  | <http://lod2.eu/schemas/rdfh#lo_partkeyBrand1MFGR-127>  |
+--------------+-----------------------------------------------------+---------------------------------------------------------+
|  13561233656 | <http://lod2.eu/schemas/rdfh#lo_orderdateYear1996>  | <http://lod2.eu/schemas/rdfh#lo_partkeyBrand1MFGR-128>  |
+--------------+-----------------------------------------------------+---------------------------------------------------------+
|  12402579373 | <http://lod2.eu/schemas/rdfh#lo_orderdateYear1996>  | <http://lod2.eu/schemas/rdfh#lo_partkeyBrand1MFGR-129>  |
+--------------+-----------------------------------------------------+---------------------------------------------------------+
|  13032236479 | <http://lod2.eu/schemas/rdfh#lo_orderdateYear1997>  | <http://lod2.eu/schemas/rdfh#lo_partkeyBrand1MFGR-1210> |
+--------------+-----------------------------------------------------+---------------------------------------------------------+
|  13956119522 | <http://lod2.eu/schemas/rdfh#lo_orderdateYear1997>  | <http://lod2.eu/schemas/rdfh#lo_partkeyBrand1MFGR-1211> |
+--------------+-----------------------------------------------------+---------------------------------------------------------+
|  12579772347 | <http://lod2.eu/schemas/rdfh#lo_orderdateYear1997>  | <http://lod2.eu/schemas/rdfh#lo_partkeyBrand1MFGR-1212> |
+--------------+-----------------------------------------------------+---------------------------------------------------------+
|  13165240844 | <http://lod2.eu/schemas/rdfh#lo_orderdateYear1997>  | <http://lod2.eu/schemas/rdfh#lo_partkeyBrand1MFGR-1213> |
+--------------+-----------------------------------------------------+---------------------------------------------------------+
|  13053150144 | <http://lod2.eu/schemas/rdfh#lo_orderdateYear1997>  | <http://lod2.eu/schemas/rdfh#lo_partkeyBrand1MFGR-1214> |
+--------------+-----------------------------------------------------+---------------------------------------------------------+
|  13594352209 | <http://lod2.eu/schemas/rdfh#lo_orderdateYear1997>  | <http://lod2.eu/schemas/rdfh#lo_partkeyBrand1MFGR-1215> |
+--------------+-----------------------------------------------------+---------------------------------------------------------+
|  13434552589 | <http://lod2.eu/schemas/rdfh#lo_orderdateYear1997>  | <http://lod2.eu/schemas/rdfh#lo_partkeyBrand1MFGR-1216> |
+--------------+-----------------------------------------------------+---------------------------------------------------------+
|  14014730316 | <http://lod2.eu/schemas/rdfh#lo_orderdateYear1997>  | <http://lod2.eu/schemas/rdfh#lo_partkeyBrand1MFGR-1217> |
+--------------+-----------------------------------------------------+---------------------------------------------------------+
|  13310005662 | <http://lod2.eu/schemas/rdfh#lo_orderdateYear1997>  | <http://lod2.eu/schemas/rdfh#lo_partkeyBrand1MFGR-1218> |
+--------------+-----------------------------------------------------+---------------------------------------------------------+
|  13292211404 | <http://lod2.eu/schemas/rdfh#lo_orderdateYear1997>  | <http://lod2.eu/schemas/rdfh#lo_partkeyBrand1MFGR-1219> |
+--------------+-----------------------------------------------------+---------------------------------------------------------+
|  12623446461 | <http://lod2.eu/schemas/rdfh#lo_orderdateYear1997>  | <http://lod2.eu/schemas/rdfh#lo_partkeyBrand1MFGR-121>  |
+--------------+-----------------------------------------------------+---------------------------------------------------------+
|  12992165647 | <http://lod2.eu/schemas/rdfh#lo_orderdateYear1997>  | <http://lod2.eu/schemas/rdfh#lo_partkeyBrand1MFGR-1220> |
+--------------+-----------------------------------------------------+---------------------------------------------------------+
|  13493962072 | <http://lod2.eu/schemas/rdfh#lo_orderdateYear1997>  | <http://lod2.eu/schemas/rdfh#lo_partkeyBrand1MFGR-1221> |
+--------------+-----------------------------------------------------+---------------------------------------------------------+
|  12868103937 | <http://lod2.eu/schemas/rdfh#lo_orderdateYear1997>  | <http://lod2.eu/schemas/rdfh#lo_partkeyBrand1MFGR-1222> |
+--------------+-----------------------------------------------------+---------------------------------------------------------+
|  12336876930 | <http://lod2.eu/schemas/rdfh#lo_orderdateYear1997>  | <http://lod2.eu/schemas/rdfh#lo_partkeyBrand1MFGR-1223> |
+--------------+-----------------------------------------------------+---------------------------------------------------------+
|  14299976456 | <http://lod2.eu/schemas/rdfh#lo_orderdateYear1997>  | <http://lod2.eu/schemas/rdfh#lo_partkeyBrand1MFGR-1224> |
+--------------+-----------------------------------------------------+---------------------------------------------------------+
|  13318244222 | <http://lod2.eu/schemas/rdfh#lo_orderdateYear1997>  | <http://lod2.eu/schemas/rdfh#lo_partkeyBrand1MFGR-1225> |
+--------------+-----------------------------------------------------+---------------------------------------------------------+
|  13197280677 | <http://lod2.eu/schemas/rdfh#lo_orderdateYear1997>  | <http://lod2.eu/schemas/rdfh#lo_partkeyBrand1MFGR-1226> |
+--------------+-----------------------------------------------------+---------------------------------------------------------+
|  12673413775 | <http://lod2.eu/schemas/rdfh#lo_orderdateYear1997>  | <http://lod2.eu/schemas/rdfh#lo_partkeyBrand1MFGR-1227> |
+--------------+-----------------------------------------------------+---------------------------------------------------------+
|  14214738649 | <http://lod2.eu/schemas/rdfh#lo_orderdateYear1997>  | <http://lod2.eu/schemas/rdfh#lo_partkeyBrand1MFGR-1228> |
+--------------+-----------------------------------------------------+---------------------------------------------------------+
|  12636639801 | <http://lod2.eu/schemas/rdfh#lo_orderdateYear1997>  | <http://lod2.eu/schemas/rdfh#lo_partkeyBrand1MFGR-1229> |
+--------------+-----------------------------------------------------+---------------------------------------------------------+
|  13686592704 | <http://lod2.eu/schemas/rdfh#lo_orderdateYear1997>  | <http://lod2.eu/schemas/rdfh#lo_partkeyBrand1MFGR-122>  |
+--------------+-----------------------------------------------------+---------------------------------------------------------+
|  12877479781 | <http://lod2.eu/schemas/rdfh#lo_orderdateYear1997>  | <http://lod2.eu/schemas/rdfh#lo_partkeyBrand1MFGR-1230> |
+--------------+-----------------------------------------------------+---------------------------------------------------------+
|  13171392743 | <http://lod2.eu/schemas/rdfh#lo_orderdateYear1997>  | <http://lod2.eu/schemas/rdfh#lo_partkeyBrand1MFGR-1231> |
+--------------+-----------------------------------------------------+---------------------------------------------------------+
|  14750894849 | <http://lod2.eu/schemas/rdfh#lo_orderdateYear1997>  | <http://lod2.eu/schemas/rdfh#lo_partkeyBrand1MFGR-1232> |
+--------------+-----------------------------------------------------+---------------------------------------------------------+
|  12863032096 | <http://lod2.eu/schemas/rdfh#lo_orderdateYear1997>  | <http://lod2.eu/schemas/rdfh#lo_partkeyBrand1MFGR-1233> |
+--------------+-----------------------------------------------------+---------------------------------------------------------+
|  12983888218 | <http://lod2.eu/schemas/rdfh#lo_orderdateYear1997>  | <http://lod2.eu/schemas/rdfh#lo_partkeyBrand1MFGR-1234> |
+--------------+-----------------------------------------------------+---------------------------------------------------------+
|  13858359345 | <http://lod2.eu/schemas/rdfh#lo_orderdateYear1997>  | <http://lod2.eu/schemas/rdfh#lo_partkeyBrand1MFGR-1235> |
+--------------+-----------------------------------------------------+---------------------------------------------------------+
|  13426990989 | <http://lod2.eu/schemas/rdfh#lo_orderdateYear1997>  | <http://lod2.eu/schemas/rdfh#lo_partkeyBrand1MFGR-1236> |
+--------------+-----------------------------------------------------+---------------------------------------------------------+
|  14121908843 | <http://lod2.eu/schemas/rdfh#lo_orderdateYear1997>  | <http://lod2.eu/schemas/rdfh#lo_partkeyBrand1MFGR-1237> |
+--------------+-----------------------------------------------------+---------------------------------------------------------+
|  11549152306 | <http://lod2.eu/schemas/rdfh#lo_orderdateYear1997>  | <http://lod2.eu/schemas/rdfh#lo_partkeyBrand1MFGR-1238> |
+--------------+-----------------------------------------------------+---------------------------------------------------------+
|  12256110417 | <http://lod2.eu/schemas/rdfh#lo_orderdateYear1997>  | <http://lod2.eu/schemas/rdfh#lo_partkeyBrand1MFGR-1239> |
+--------------+-----------------------------------------------------+---------------------------------------------------------+
|  13013892507 | <http://lod2.eu/schemas/rdfh#lo_orderdateYear1997>  | <http://lod2.eu/schemas/rdfh#lo_partkeyBrand1MFGR-123>  |
+--------------+-----------------------------------------------------+---------------------------------------------------------+
|  13676437251 | <http://lod2.eu/schemas/rdfh#lo_orderdateYear1997>  | <http://lod2.eu/schemas/rdfh#lo_partkeyBrand1MFGR-1240> |
+--------------+-----------------------------------------------------+---------------------------------------------------------+
|  13443891456 | <http://lod2.eu/schemas/rdfh#lo_orderdateYear1997>  | <http://lod2.eu/schemas/rdfh#lo_partkeyBrand1MFGR-124>  |
+--------------+-----------------------------------------------------+---------------------------------------------------------+
|  12531582164 | <http://lod2.eu/schemas/rdfh#lo_orderdateYear1997>  | <http://lod2.eu/schemas/rdfh#lo_partkeyBrand1MFGR-125>  |
+--------------+-----------------------------------------------------+---------------------------------------------------------+
|  12522657980 | <http://lod2.eu/schemas/rdfh#lo_orderdateYear1997>  | <http://lod2.eu/schemas/rdfh#lo_partkeyBrand1MFGR-126>  |
+--------------+-----------------------------------------------------+---------------------------------------------------------+
|  13585159821 | <http://lod2.eu/schemas/rdfh#lo_orderdateYear1997>  | <http://lod2.eu/schemas/rdfh#lo_partkeyBrand1MFGR-127>  |
+--------------+-----------------------------------------------------+---------------------------------------------------------+
|  13327530904 | <http://lod2.eu/schemas/rdfh#lo_orderdateYear1997>  | <http://lod2.eu/schemas/rdfh#lo_partkeyBrand1MFGR-128>  |
+--------------+-----------------------------------------------------+---------------------------------------------------------+
|  12342724100 | <http://lod2.eu/schemas/rdfh#lo_orderdateYear1997>  | <http://lod2.eu/schemas/rdfh#lo_partkeyBrand1MFGR-129>  |
+--------------+-----------------------------------------------------+---------------------------------------------------------+
|   7792556928 | <http://lod2.eu/schemas/rdfh#lo_orderdateYear1998>  | <http://lod2.eu/schemas/rdfh#lo_partkeyBrand1MFGR-1210> |
+--------------+-----------------------------------------------------+---------------------------------------------------------+
|   8043490596 | <http://lod2.eu/schemas/rdfh#lo_orderdateYear1998>  | <http://lod2.eu/schemas/rdfh#lo_partkeyBrand1MFGR-1211> |
+--------------+-----------------------------------------------------+---------------------------------------------------------+
|   7196701222 | <http://lod2.eu/schemas/rdfh#lo_orderdateYear1998>  | <http://lod2.eu/schemas/rdfh#lo_partkeyBrand1MFGR-1212> |
+--------------+-----------------------------------------------------+---------------------------------------------------------+
|   7981049903 | <http://lod2.eu/schemas/rdfh#lo_orderdateYear1998>  | <http://lod2.eu/schemas/rdfh#lo_partkeyBrand1MFGR-1213> |
+--------------+-----------------------------------------------------+---------------------------------------------------------+
|   7605825009 | <http://lod2.eu/schemas/rdfh#lo_orderdateYear1998>  | <http://lod2.eu/schemas/rdfh#lo_partkeyBrand1MFGR-1214> |
+--------------+-----------------------------------------------------+---------------------------------------------------------+
|   7967087557 | <http://lod2.eu/schemas/rdfh#lo_orderdateYear1998>  | <http://lod2.eu/schemas/rdfh#lo_partkeyBrand1MFGR-1215> |
+--------------+-----------------------------------------------------+---------------------------------------------------------+
|   7543542956 | <http://lod2.eu/schemas/rdfh#lo_orderdateYear1998>  | <http://lod2.eu/schemas/rdfh#lo_partkeyBrand1MFGR-1216> |
+--------------+-----------------------------------------------------+---------------------------------------------------------+
|   8108839661 | <http://lod2.eu/schemas/rdfh#lo_orderdateYear1998>  | <http://lod2.eu/schemas/rdfh#lo_partkeyBrand1MFGR-1217> |
+--------------+-----------------------------------------------------+---------------------------------------------------------+
|   7637530413 | <http://lod2.eu/schemas/rdfh#lo_orderdateYear1998>  | <http://lod2.eu/schemas/rdfh#lo_partkeyBrand1MFGR-1218> |
+--------------+-----------------------------------------------------+---------------------------------------------------------+
|   7426254540 | <http://lod2.eu/schemas/rdfh#lo_orderdateYear1998>  | <http://lod2.eu/schemas/rdfh#lo_partkeyBrand1MFGR-1219> |
+--------------+-----------------------------------------------------+---------------------------------------------------------+
|   7569438418 | <http://lod2.eu/schemas/rdfh#lo_orderdateYear1998>  | <http://lod2.eu/schemas/rdfh#lo_partkeyBrand1MFGR-121>  |
+--------------+-----------------------------------------------------+---------------------------------------------------------+
|   7519265629 | <http://lod2.eu/schemas/rdfh#lo_orderdateYear1998>  | <http://lod2.eu/schemas/rdfh#lo_partkeyBrand1MFGR-1220> |
+--------------+-----------------------------------------------------+---------------------------------------------------------+
|   8071181260 | <http://lod2.eu/schemas/rdfh#lo_orderdateYear1998>  | <http://lod2.eu/schemas/rdfh#lo_partkeyBrand1MFGR-1221> |
+--------------+-----------------------------------------------------+---------------------------------------------------------+
|   7599263148 | <http://lod2.eu/schemas/rdfh#lo_orderdateYear1998>  | <http://lod2.eu/schemas/rdfh#lo_partkeyBrand1MFGR-1222> |
+--------------+-----------------------------------------------------+---------------------------------------------------------+
|   7366631661 | <http://lod2.eu/schemas/rdfh#lo_orderdateYear1998>  | <http://lod2.eu/schemas/rdfh#lo_partkeyBrand1MFGR-1223> |
+--------------+-----------------------------------------------------+---------------------------------------------------------+
|   8255157765 | <http://lod2.eu/schemas/rdfh#lo_orderdateYear1998>  | <http://lod2.eu/schemas/rdfh#lo_partkeyBrand1MFGR-1224> |
+--------------+-----------------------------------------------------+---------------------------------------------------------+
|   7761197600 | <http://lod2.eu/schemas/rdfh#lo_orderdateYear1998>  | <http://lod2.eu/schemas/rdfh#lo_partkeyBrand1MFGR-1225> |
+--------------+-----------------------------------------------------+---------------------------------------------------------+
|   8380750746 | <http://lod2.eu/schemas/rdfh#lo_orderdateYear1998>  | <http://lod2.eu/schemas/rdfh#lo_partkeyBrand1MFGR-1226> |
+--------------+-----------------------------------------------------+---------------------------------------------------------+
|   7176752842 | <http://lod2.eu/schemas/rdfh#lo_orderdateYear1998>  | <http://lod2.eu/schemas/rdfh#lo_partkeyBrand1MFGR-1227> |
+--------------+-----------------------------------------------------+---------------------------------------------------------+
|   8540908992 | <http://lod2.eu/schemas/rdfh#lo_orderdateYear1998>  | <http://lod2.eu/schemas/rdfh#lo_partkeyBrand1MFGR-1228> |
+--------------+-----------------------------------------------------+---------------------------------------------------------+
|   7732826860 | <http://lod2.eu/schemas/rdfh#lo_orderdateYear1998>  | <http://lod2.eu/schemas/rdfh#lo_partkeyBrand1MFGR-1229> |
+--------------+-----------------------------------------------------+---------------------------------------------------------+
|   8134382920 | <http://lod2.eu/schemas/rdfh#lo_orderdateYear1998>  | <http://lod2.eu/schemas/rdfh#lo_partkeyBrand1MFGR-122>  |
+--------------+-----------------------------------------------------+---------------------------------------------------------+
|   7253373114 | <http://lod2.eu/schemas/rdfh#lo_orderdateYear1998>  | <http://lod2.eu/schemas/rdfh#lo_partkeyBrand1MFGR-1230> |
+--------------+-----------------------------------------------------+---------------------------------------------------------+
|   7615184866 | <http://lod2.eu/schemas/rdfh#lo_orderdateYear1998>  | <http://lod2.eu/schemas/rdfh#lo_partkeyBrand1MFGR-1231> |
+--------------+-----------------------------------------------------+---------------------------------------------------------+
|   8504193275 | <http://lod2.eu/schemas/rdfh#lo_orderdateYear1998>  | <http://lod2.eu/schemas/rdfh#lo_partkeyBrand1MFGR-1232> |
+--------------+-----------------------------------------------------+---------------------------------------------------------+
|   7649719262 | <http://lod2.eu/schemas/rdfh#lo_orderdateYear1998>  | <http://lod2.eu/schemas/rdfh#lo_partkeyBrand1MFGR-1233> |
+--------------+-----------------------------------------------------+---------------------------------------------------------+
|   7631093646 | <http://lod2.eu/schemas/rdfh#lo_orderdateYear1998>  | <http://lod2.eu/schemas/rdfh#lo_partkeyBrand1MFGR-1234> |
+--------------+-----------------------------------------------------+---------------------------------------------------------+
|   8094634731 | <http://lod2.eu/schemas/rdfh#lo_orderdateYear1998>  | <http://lod2.eu/schemas/rdfh#lo_partkeyBrand1MFGR-1235> |
+--------------+-----------------------------------------------------+---------------------------------------------------------+
|   8354429462 | <http://lod2.eu/schemas/rdfh#lo_orderdateYear1998>  | <http://lod2.eu/schemas/rdfh#lo_partkeyBrand1MFGR-1236> |
+--------------+-----------------------------------------------------+---------------------------------------------------------+
|   8119344863 | <http://lod2.eu/schemas/rdfh#lo_orderdateYear1998>  | <http://lod2.eu/schemas/rdfh#lo_partkeyBrand1MFGR-1237> |
+--------------+-----------------------------------------------------+---------------------------------------------------------+
|   6755380305 | <http://lod2.eu/schemas/rdfh#lo_orderdateYear1998>  | <http://lod2.eu/schemas/rdfh#lo_partkeyBrand1MFGR-1238> |
+--------------+-----------------------------------------------------+---------------------------------------------------------+
|   7397451291 | <http://lod2.eu/schemas/rdfh#lo_orderdateYear1998>  | <http://lod2.eu/schemas/rdfh#lo_partkeyBrand1MFGR-1239> |
+--------------+-----------------------------------------------------+---------------------------------------------------------+
|   7778915813 | <http://lod2.eu/schemas/rdfh#lo_orderdateYear1998>  | <http://lod2.eu/schemas/rdfh#lo_partkeyBrand1MFGR-123>  |
+--------------+-----------------------------------------------------+---------------------------------------------------------+
|   8331229217 | <http://lod2.eu/schemas/rdfh#lo_orderdateYear1998>  | <http://lod2.eu/schemas/rdfh#lo_partkeyBrand1MFGR-1240> |
+--------------+-----------------------------------------------------+---------------------------------------------------------+
|   7947399165 | <http://lod2.eu/schemas/rdfh#lo_orderdateYear1998>  | <http://lod2.eu/schemas/rdfh#lo_partkeyBrand1MFGR-124>  |
+--------------+-----------------------------------------------------+---------------------------------------------------------+
|   7672739882 | <http://lod2.eu/schemas/rdfh#lo_orderdateYear1998>  | <http://lod2.eu/schemas/rdfh#lo_partkeyBrand1MFGR-125>  |
+--------------+-----------------------------------------------------+---------------------------------------------------------+
|   7369144299 | <http://lod2.eu/schemas/rdfh#lo_orderdateYear1998>  | <http://lod2.eu/schemas/rdfh#lo_partkeyBrand1MFGR-126>  |
+--------------+-----------------------------------------------------+---------------------------------------------------------+
|   8001904207 | <http://lod2.eu/schemas/rdfh#lo_orderdateYear1998>  | <http://lod2.eu/schemas/rdfh#lo_partkeyBrand1MFGR-127>  |
+--------------+-----------------------------------------------------+---------------------------------------------------------+
|   7461073797 | <http://lod2.eu/schemas/rdfh#lo_orderdateYear1998>  | <http://lod2.eu/schemas/rdfh#lo_partkeyBrand1MFGR-128>  |
+--------------+-----------------------------------------------------+---------------------------------------------------------+
|   6974038529 | <http://lod2.eu/schemas/rdfh#lo_orderdateYear1998>  | <http://lod2.eu/schemas/rdfh#lo_partkeyBrand1MFGR-129>  |
+--------------+-----------------------------------------------------+---------------------------------------------------------+


Execution Time: 275

