Printing 56 rows from table , null
+--------------+-----------------------------------------------------+---------------------------------------------------------+
|  LO_REVENUE  |                LO_ORDERDATEYEARLEVEL                |                  LO_PARTKEYBRAND1LEVEL                  |
+--------------+-----------------------------------------------------+---------------------------------------------------------+
|  13226209887 | <http://lod2.eu/schemas/rdfh#lo_orderdateYear1992>  | <http://lod2.eu/schemas/rdfh#lo_partkeyBrand1MFGR-2221> |
+--------------+-----------------------------------------------------+---------------------------------------------------------+
|  12946697691 | <http://lod2.eu/schemas/rdfh#lo_orderdateYear1992>  | <http://lod2.eu/schemas/rdfh#lo_partkeyBrand1MFGR-2222> |
+--------------+-----------------------------------------------------+---------------------------------------------------------+
|  12843812135 | <http://lod2.eu/schemas/rdfh#lo_orderdateYear1992>  | <http://lod2.eu/schemas/rdfh#lo_partkeyBrand1MFGR-2223> |
+--------------+-----------------------------------------------------+---------------------------------------------------------+
|  12983371019 | <http://lod2.eu/schemas/rdfh#lo_orderdateYear1992>  | <http://lod2.eu/schemas/rdfh#lo_partkeyBrand1MFGR-2224> |
+--------------+-----------------------------------------------------+---------------------------------------------------------+
|  13118794397 | <http://lod2.eu/schemas/rdfh#lo_orderdateYear1992>  | <http://lod2.eu/schemas/rdfh#lo_partkeyBrand1MFGR-2225> |
+--------------+-----------------------------------------------------+---------------------------------------------------------+
|  13727940543 | <http://lod2.eu/schemas/rdfh#lo_orderdateYear1992>  | <http://lod2.eu/schemas/rdfh#lo_partkeyBrand1MFGR-2226> |
+--------------+-----------------------------------------------------+---------------------------------------------------------+
|  13630993442 | <http://lod2.eu/schemas/rdfh#lo_orderdateYear1992>  | <http://lod2.eu/schemas/rdfh#lo_partkeyBrand1MFGR-2227> |
+--------------+-----------------------------------------------------+---------------------------------------------------------+
|  13936321076 | <http://lod2.eu/schemas/rdfh#lo_orderdateYear1992>  | <http://lod2.eu/schemas/rdfh#lo_partkeyBrand1MFGR-2228> |
+--------------+-----------------------------------------------------+---------------------------------------------------------+
|  13399441540 | <http://lod2.eu/schemas/rdfh#lo_orderdateYear1993>  | <http://lod2.eu/schemas/rdfh#lo_partkeyBrand1MFGR-2221> |
+--------------+-----------------------------------------------------+---------------------------------------------------------+
|  13489305154 | <http://lod2.eu/schemas/rdfh#lo_orderdateYear1993>  | <http://lod2.eu/schemas/rdfh#lo_partkeyBrand1MFGR-2222> |
+--------------+-----------------------------------------------------+---------------------------------------------------------+
|  13179852144 | <http://lod2.eu/schemas/rdfh#lo_orderdateYear1993>  | <http://lod2.eu/schemas/rdfh#lo_partkeyBrand1MFGR-2223> |
+--------------+-----------------------------------------------------+---------------------------------------------------------+
|  13235530957 | <http://lod2.eu/schemas/rdfh#lo_orderdateYear1993>  | <http://lod2.eu/schemas/rdfh#lo_partkeyBrand1MFGR-2224> |
+--------------+-----------------------------------------------------+---------------------------------------------------------+
|  12906164747 | <http://lod2.eu/schemas/rdfh#lo_orderdateYear1993>  | <http://lod2.eu/schemas/rdfh#lo_partkeyBrand1MFGR-2225> |
+--------------+-----------------------------------------------------+---------------------------------------------------------+
|  13724964972 | <http://lod2.eu/schemas/rdfh#lo_orderdateYear1993>  | <http://lod2.eu/schemas/rdfh#lo_partkeyBrand1MFGR-2226> |
+--------------+-----------------------------------------------------+---------------------------------------------------------+
|  13921244976 | <http://lod2.eu/schemas/rdfh#lo_orderdateYear1993>  | <http://lod2.eu/schemas/rdfh#lo_partkeyBrand1MFGR-2227> |
+--------------+-----------------------------------------------------+---------------------------------------------------------+
|  13455210916 | <http://lod2.eu/schemas/rdfh#lo_orderdateYear1993>  | <http://lod2.eu/schemas/rdfh#lo_partkeyBrand1MFGR-2228> |
+--------------+-----------------------------------------------------+---------------------------------------------------------+
|  13220660956 | <http://lod2.eu/schemas/rdfh#lo_orderdateYear1994>  | <http://lod2.eu/schemas/rdfh#lo_partkeyBrand1MFGR-2221> |
+--------------+-----------------------------------------------------+---------------------------------------------------------+
|  13147586956 | <http://lod2.eu/schemas/rdfh#lo_orderdateYear1994>  | <http://lod2.eu/schemas/rdfh#lo_partkeyBrand1MFGR-2222> |
+--------------+-----------------------------------------------------+---------------------------------------------------------+
|  13891478095 | <http://lod2.eu/schemas/rdfh#lo_orderdateYear1994>  | <http://lod2.eu/schemas/rdfh#lo_partkeyBrand1MFGR-2223> |
+--------------+-----------------------------------------------------+---------------------------------------------------------+
|  12545792136 | <http://lod2.eu/schemas/rdfh#lo_orderdateYear1994>  | <http://lod2.eu/schemas/rdfh#lo_partkeyBrand1MFGR-2224> |
+--------------+-----------------------------------------------------+---------------------------------------------------------+
|  13080069358 | <http://lod2.eu/schemas/rdfh#lo_orderdateYear1994>  | <http://lod2.eu/schemas/rdfh#lo_partkeyBrand1MFGR-2225> |
+--------------+-----------------------------------------------------+---------------------------------------------------------+
|  12887940606 | <http://lod2.eu/schemas/rdfh#lo_orderdateYear1994>  | <http://lod2.eu/schemas/rdfh#lo_partkeyBrand1MFGR-2226> |
+--------------+-----------------------------------------------------+---------------------------------------------------------+
|  13399891736 | <http://lod2.eu/schemas/rdfh#lo_orderdateYear1994>  | <http://lod2.eu/schemas/rdfh#lo_partkeyBrand1MFGR-2227> |
+--------------+-----------------------------------------------------+---------------------------------------------------------+
|  13952173263 | <http://lod2.eu/schemas/rdfh#lo_orderdateYear1994>  | <http://lod2.eu/schemas/rdfh#lo_partkeyBrand1MFGR-2228> |
+--------------+-----------------------------------------------------+---------------------------------------------------------+
|  13508588528 | <http://lod2.eu/schemas/rdfh#lo_orderdateYear1995>  | <http://lod2.eu/schemas/rdfh#lo_partkeyBrand1MFGR-2221> |
+--------------+-----------------------------------------------------+---------------------------------------------------------+
|  13043124303 | <http://lod2.eu/schemas/rdfh#lo_orderdateYear1995>  | <http://lod2.eu/schemas/rdfh#lo_partkeyBrand1MFGR-2222> |
+--------------+-----------------------------------------------------+---------------------------------------------------------+
|  12780787003 | <http://lod2.eu/schemas/rdfh#lo_orderdateYear1995>  | <http://lod2.eu/schemas/rdfh#lo_partkeyBrand1MFGR-2223> |
+--------------+-----------------------------------------------------+---------------------------------------------------------+
|  13027761833 | <http://lod2.eu/schemas/rdfh#lo_orderdateYear1995>  | <http://lod2.eu/schemas/rdfh#lo_partkeyBrand1MFGR-2224> |
+--------------+-----------------------------------------------------+---------------------------------------------------------+
|  12750419214 | <http://lod2.eu/schemas/rdfh#lo_orderdateYear1995>  | <http://lod2.eu/schemas/rdfh#lo_partkeyBrand1MFGR-2225> |
+--------------+-----------------------------------------------------+---------------------------------------------------------+
|  13118262881 | <http://lod2.eu/schemas/rdfh#lo_orderdateYear1995>  | <http://lod2.eu/schemas/rdfh#lo_partkeyBrand1MFGR-2226> |
+--------------+-----------------------------------------------------+---------------------------------------------------------+
|  13767880512 | <http://lod2.eu/schemas/rdfh#lo_orderdateYear1995>  | <http://lod2.eu/schemas/rdfh#lo_partkeyBrand1MFGR-2227> |
+--------------+-----------------------------------------------------+---------------------------------------------------------+
|  13647338174 | <http://lod2.eu/schemas/rdfh#lo_orderdateYear1995>  | <http://lod2.eu/schemas/rdfh#lo_partkeyBrand1MFGR-2228> |
+--------------+-----------------------------------------------------+---------------------------------------------------------+
|  13581735703 | <http://lod2.eu/schemas/rdfh#lo_orderdateYear1996>  | <http://lod2.eu/schemas/rdfh#lo_partkeyBrand1MFGR-2221> |
+--------------+-----------------------------------------------------+---------------------------------------------------------+
|  13116296666 | <http://lod2.eu/schemas/rdfh#lo_orderdateYear1996>  | <http://lod2.eu/schemas/rdfh#lo_partkeyBrand1MFGR-2222> |
+--------------+-----------------------------------------------------+---------------------------------------------------------+
|  12999102664 | <http://lod2.eu/schemas/rdfh#lo_orderdateYear1996>  | <http://lod2.eu/schemas/rdfh#lo_partkeyBrand1MFGR-2223> |
+--------------+-----------------------------------------------------+---------------------------------------------------------+
|  13309345765 | <http://lod2.eu/schemas/rdfh#lo_orderdateYear1996>  | <http://lod2.eu/schemas/rdfh#lo_partkeyBrand1MFGR-2224> |
+--------------+-----------------------------------------------------+---------------------------------------------------------+
|  13534965810 | <http://lod2.eu/schemas/rdfh#lo_orderdateYear1996>  | <http://lod2.eu/schemas/rdfh#lo_partkeyBrand1MFGR-2225> |
+--------------+-----------------------------------------------------+---------------------------------------------------------+
|  13219571761 | <http://lod2.eu/schemas/rdfh#lo_orderdateYear1996>  | <http://lod2.eu/schemas/rdfh#lo_partkeyBrand1MFGR-2226> |
+--------------+-----------------------------------------------------+---------------------------------------------------------+
|  13164914307 | <http://lod2.eu/schemas/rdfh#lo_orderdateYear1996>  | <http://lod2.eu/schemas/rdfh#lo_partkeyBrand1MFGR-2227> |
+--------------+-----------------------------------------------------+---------------------------------------------------------+
|  14049995445 | <http://lod2.eu/schemas/rdfh#lo_orderdateYear1996>  | <http://lod2.eu/schemas/rdfh#lo_partkeyBrand1MFGR-2228> |
+--------------+-----------------------------------------------------+---------------------------------------------------------+
|  13257169050 | <http://lod2.eu/schemas/rdfh#lo_orderdateYear1997>  | <http://lod2.eu/schemas/rdfh#lo_partkeyBrand1MFGR-2221> |
+--------------+-----------------------------------------------------+---------------------------------------------------------+
|  13355726617 | <http://lod2.eu/schemas/rdfh#lo_orderdateYear1997>  | <http://lod2.eu/schemas/rdfh#lo_partkeyBrand1MFGR-2222> |
+--------------+-----------------------------------------------------+---------------------------------------------------------+
|  13029219582 | <http://lod2.eu/schemas/rdfh#lo_orderdateYear1997>  | <http://lod2.eu/schemas/rdfh#lo_partkeyBrand1MFGR-2223> |
+--------------+-----------------------------------------------------+---------------------------------------------------------+
|  12942859191 | <http://lod2.eu/schemas/rdfh#lo_orderdateYear1997>  | <http://lod2.eu/schemas/rdfh#lo_partkeyBrand1MFGR-2224> |
+--------------+-----------------------------------------------------+---------------------------------------------------------+
|  13092604617 | <http://lod2.eu/schemas/rdfh#lo_orderdateYear1997>  | <http://lod2.eu/schemas/rdfh#lo_partkeyBrand1MFGR-2225> |
+--------------+-----------------------------------------------------+---------------------------------------------------------+
|  13367218198 | <http://lod2.eu/schemas/rdfh#lo_orderdateYear1997>  | <http://lod2.eu/schemas/rdfh#lo_partkeyBrand1MFGR-2226> |
+--------------+-----------------------------------------------------+---------------------------------------------------------+
|  13251501079 | <http://lod2.eu/schemas/rdfh#lo_orderdateYear1997>  | <http://lod2.eu/schemas/rdfh#lo_partkeyBrand1MFGR-2227> |
+--------------+-----------------------------------------------------+---------------------------------------------------------+
|  13933648021 | <http://lod2.eu/schemas/rdfh#lo_orderdateYear1997>  | <http://lod2.eu/schemas/rdfh#lo_partkeyBrand1MFGR-2228> |
+--------------+-----------------------------------------------------+---------------------------------------------------------+
|   7519051578 | <http://lod2.eu/schemas/rdfh#lo_orderdateYear1998>  | <http://lod2.eu/schemas/rdfh#lo_partkeyBrand1MFGR-2221> |
+--------------+-----------------------------------------------------+---------------------------------------------------------+
|   7463585666 | <http://lod2.eu/schemas/rdfh#lo_orderdateYear1998>  | <http://lod2.eu/schemas/rdfh#lo_partkeyBrand1MFGR-2222> |
+--------------+-----------------------------------------------------+---------------------------------------------------------+
|   8004000896 | <http://lod2.eu/schemas/rdfh#lo_orderdateYear1998>  | <http://lod2.eu/schemas/rdfh#lo_partkeyBrand1MFGR-2223> |
+--------------+-----------------------------------------------------+---------------------------------------------------------+
|   7675316397 | <http://lod2.eu/schemas/rdfh#lo_orderdateYear1998>  | <http://lod2.eu/schemas/rdfh#lo_partkeyBrand1MFGR-2224> |
+--------------+-----------------------------------------------------+---------------------------------------------------------+
|   7293409189 | <http://lod2.eu/schemas/rdfh#lo_orderdateYear1998>  | <http://lod2.eu/schemas/rdfh#lo_partkeyBrand1MFGR-2225> |
+--------------+-----------------------------------------------------+---------------------------------------------------------+
|   7619238459 | <http://lod2.eu/schemas/rdfh#lo_orderdateYear1998>  | <http://lod2.eu/schemas/rdfh#lo_partkeyBrand1MFGR-2226> |
+--------------+-----------------------------------------------------+---------------------------------------------------------+
|   7944486594 | <http://lod2.eu/schemas/rdfh#lo_orderdateYear1998>  | <http://lod2.eu/schemas/rdfh#lo_partkeyBrand1MFGR-2227> |
+--------------+-----------------------------------------------------+---------------------------------------------------------+
|   8068838414 | <http://lod2.eu/schemas/rdfh#lo_orderdateYear1998>  | <http://lod2.eu/schemas/rdfh#lo_partkeyBrand1MFGR-2228> |
+--------------+-----------------------------------------------------+---------------------------------------------------------+


Execution Time: 175

