
Version:                Openlink BIBM Test Driver 0.7.7
Start date:             Fri Dec 11 03:01:08 EST 2015
Scale factor:           1.0
Explore Endpoint:       http://localhost:8890/sparql
Update Endpoint:        http://localhost:8890/sparql
Use case:               /mnt/my-data/evaluation/bibm/./../openvirtuoso/queries
Query Streams of Throughput Test:1
Seed:                   808080
TPC-H Power:            469.1 qph*scale (geom)
TPC-H Throughput:       0.0 qph*scale
TPC-H Composite:        0.1
Measurment Interval:    1449822419.6 seconds

Duration of stream execution:
                Query Start         Query End       Duration     RF1 Start           RF2 End           RF2 Start          RF2 End  
Stream 1:	11/12/2015 03:01:08	11/12/2015 03:26:59	00:25:51	

TPC Timing intervals (in seconds):

Query		Q1	Q2	Q3	Q4	Q5	Q6	Q7	Q8	
Stream 1:	3.4	0.2	0.1	22.5	1032.0	1.8	159.6	3.4	
Minimum: 	3.4	0.2	0.1	22.5	1032.0	1.8	159.6	3.4	
Maximum: 	3.4	0.2	0.1	22.5	1032.0	1.8	159.6	3.4	
Average: 	3.4	0.2	0.1	22.5	1032.0	1.8	159.6	3.4	

Query		Q9	Q10	Q11	Q12	Q13	Q14	Q15	Q16	
Stream 1:	1.9	1.8	273.2	    	51.0	    	    	    	
Minimum: 	1.9	1.8	273.2	    	51.0	    	    	    	
Maximum: 	1.9	1.8	273.2	    	51.0	    	    	    	
Average: 	1.9	1.8	273.2	    	51.0	    	    	    	

Query		Q17	Q18	Q19	Q20	Q21	Q22	RF1	RF2	
Stream 1:	    	    	    	    	    	    	    	    	
Minimum: 	    	    	    	    	    	    	    	    	
Maximum: 	    	    	    	    	    	    	    	    	
Average: 	    	    	    	    	    	    	    	    	

