Printing 280 rows from table , null
+------------+-----------------------------------------------------+---------------------------------------------------------+
| LO_REVENUE |                LO_ORDERDATEYEARLEVEL                |                  LO_PARTKEYBRAND1LEVEL                  |
+------------+-----------------------------------------------------+---------------------------------------------------------+
| 6656732408 | <http://lod2.eu/schemas/rdfh#lo_orderdateYear1992>  | <http://lod2.eu/schemas/rdfh#lo_partkeyBrand1MFGR-1210> |
+------------+-----------------------------------------------------+---------------------------------------------------------+
| 6960570696 | <http://lod2.eu/schemas/rdfh#lo_orderdateYear1992>  | <http://lod2.eu/schemas/rdfh#lo_partkeyBrand1MFGR-1211> |
+------------+-----------------------------------------------------+---------------------------------------------------------+
| 6574132099 | <http://lod2.eu/schemas/rdfh#lo_orderdateYear1992>  | <http://lod2.eu/schemas/rdfh#lo_partkeyBrand1MFGR-1212> |
+------------+-----------------------------------------------------+---------------------------------------------------------+
| 7047940337 | <http://lod2.eu/schemas/rdfh#lo_orderdateYear1992>  | <http://lod2.eu/schemas/rdfh#lo_partkeyBrand1MFGR-1213> |
+------------+-----------------------------------------------------+---------------------------------------------------------+
| 6783046496 | <http://lod2.eu/schemas/rdfh#lo_orderdateYear1992>  | <http://lod2.eu/schemas/rdfh#lo_partkeyBrand1MFGR-1214> |
+------------+-----------------------------------------------------+---------------------------------------------------------+
| 7105405127 | <http://lod2.eu/schemas/rdfh#lo_orderdateYear1992>  | <http://lod2.eu/schemas/rdfh#lo_partkeyBrand1MFGR-1215> |
+------------+-----------------------------------------------------+---------------------------------------------------------+
| 7292018911 | <http://lod2.eu/schemas/rdfh#lo_orderdateYear1992>  | <http://lod2.eu/schemas/rdfh#lo_partkeyBrand1MFGR-1216> |
+------------+-----------------------------------------------------+---------------------------------------------------------+
| 7416913901 | <http://lod2.eu/schemas/rdfh#lo_orderdateYear1992>  | <http://lod2.eu/schemas/rdfh#lo_partkeyBrand1MFGR-1217> |
+------------+-----------------------------------------------------+---------------------------------------------------------+
| 7072285707 | <http://lod2.eu/schemas/rdfh#lo_orderdateYear1992>  | <http://lod2.eu/schemas/rdfh#lo_partkeyBrand1MFGR-1218> |
+------------+-----------------------------------------------------+---------------------------------------------------------+
| 6668044014 | <http://lod2.eu/schemas/rdfh#lo_orderdateYear1992>  | <http://lod2.eu/schemas/rdfh#lo_partkeyBrand1MFGR-1219> |
+------------+-----------------------------------------------------+---------------------------------------------------------+
| 6418103797 | <http://lod2.eu/schemas/rdfh#lo_orderdateYear1992>  | <http://lod2.eu/schemas/rdfh#lo_partkeyBrand1MFGR-121>  |
+------------+-----------------------------------------------------+---------------------------------------------------------+
| 6326657255 | <http://lod2.eu/schemas/rdfh#lo_orderdateYear1992>  | <http://lod2.eu/schemas/rdfh#lo_partkeyBrand1MFGR-1220> |
+------------+-----------------------------------------------------+---------------------------------------------------------+
| 7136768663 | <http://lod2.eu/schemas/rdfh#lo_orderdateYear1992>  | <http://lod2.eu/schemas/rdfh#lo_partkeyBrand1MFGR-1221> |
+------------+-----------------------------------------------------+---------------------------------------------------------+
| 6738756530 | <http://lod2.eu/schemas/rdfh#lo_orderdateYear1992>  | <http://lod2.eu/schemas/rdfh#lo_partkeyBrand1MFGR-1222> |
+------------+-----------------------------------------------------+---------------------------------------------------------+
| 6164211920 | <http://lod2.eu/schemas/rdfh#lo_orderdateYear1992>  | <http://lod2.eu/schemas/rdfh#lo_partkeyBrand1MFGR-1223> |
+------------+-----------------------------------------------------+---------------------------------------------------------+
| 7049023811 | <http://lod2.eu/schemas/rdfh#lo_orderdateYear1992>  | <http://lod2.eu/schemas/rdfh#lo_partkeyBrand1MFGR-1224> |
+------------+-----------------------------------------------------+---------------------------------------------------------+
| 6918049898 | <http://lod2.eu/schemas/rdfh#lo_orderdateYear1992>  | <http://lod2.eu/schemas/rdfh#lo_partkeyBrand1MFGR-1225> |
+------------+-----------------------------------------------------+---------------------------------------------------------+
| 7152976211 | <http://lod2.eu/schemas/rdfh#lo_orderdateYear1992>  | <http://lod2.eu/schemas/rdfh#lo_partkeyBrand1MFGR-1226> |
+------------+-----------------------------------------------------+---------------------------------------------------------+
| 6395458610 | <http://lod2.eu/schemas/rdfh#lo_orderdateYear1992>  | <http://lod2.eu/schemas/rdfh#lo_partkeyBrand1MFGR-1227> |
+------------+-----------------------------------------------------+---------------------------------------------------------+
| 6844550759 | <http://lod2.eu/schemas/rdfh#lo_orderdateYear1992>  | <http://lod2.eu/schemas/rdfh#lo_partkeyBrand1MFGR-1228> |
+------------+-----------------------------------------------------+---------------------------------------------------------+
| 6586538461 | <http://lod2.eu/schemas/rdfh#lo_orderdateYear1992>  | <http://lod2.eu/schemas/rdfh#lo_partkeyBrand1MFGR-1229> |
+------------+-----------------------------------------------------+---------------------------------------------------------+
| 7215774624 | <http://lod2.eu/schemas/rdfh#lo_orderdateYear1992>  | <http://lod2.eu/schemas/rdfh#lo_partkeyBrand1MFGR-122>  |
+------------+-----------------------------------------------------+---------------------------------------------------------+
| 6437149944 | <http://lod2.eu/schemas/rdfh#lo_orderdateYear1992>  | <http://lod2.eu/schemas/rdfh#lo_partkeyBrand1MFGR-1230> |
+------------+-----------------------------------------------------+---------------------------------------------------------+
| 6956560451 | <http://lod2.eu/schemas/rdfh#lo_orderdateYear1992>  | <http://lod2.eu/schemas/rdfh#lo_partkeyBrand1MFGR-1231> |
+------------+-----------------------------------------------------+---------------------------------------------------------+
| 7503528393 | <http://lod2.eu/schemas/rdfh#lo_orderdateYear1992>  | <http://lod2.eu/schemas/rdfh#lo_partkeyBrand1MFGR-1232> |
+------------+-----------------------------------------------------+---------------------------------------------------------+
| 6773151840 | <http://lod2.eu/schemas/rdfh#lo_orderdateYear1992>  | <http://lod2.eu/schemas/rdfh#lo_partkeyBrand1MFGR-1233> |
+------------+-----------------------------------------------------+---------------------------------------------------------+
| 6642879253 | <http://lod2.eu/schemas/rdfh#lo_orderdateYear1992>  | <http://lod2.eu/schemas/rdfh#lo_partkeyBrand1MFGR-1234> |
+------------+-----------------------------------------------------+---------------------------------------------------------+
| 7338251519 | <http://lod2.eu/schemas/rdfh#lo_orderdateYear1992>  | <http://lod2.eu/schemas/rdfh#lo_partkeyBrand1MFGR-1235> |
+------------+-----------------------------------------------------+---------------------------------------------------------+
| 6993738734 | <http://lod2.eu/schemas/rdfh#lo_orderdateYear1992>  | <http://lod2.eu/schemas/rdfh#lo_partkeyBrand1MFGR-1236> |
+------------+-----------------------------------------------------+---------------------------------------------------------+
| 7216305524 | <http://lod2.eu/schemas/rdfh#lo_orderdateYear1992>  | <http://lod2.eu/schemas/rdfh#lo_partkeyBrand1MFGR-1237> |
+------------+-----------------------------------------------------+---------------------------------------------------------+
| 5945520673 | <http://lod2.eu/schemas/rdfh#lo_orderdateYear1992>  | <http://lod2.eu/schemas/rdfh#lo_partkeyBrand1MFGR-1238> |
+------------+-----------------------------------------------------+---------------------------------------------------------+
| 6082662735 | <http://lod2.eu/schemas/rdfh#lo_orderdateYear1992>  | <http://lod2.eu/schemas/rdfh#lo_partkeyBrand1MFGR-1239> |
+------------+-----------------------------------------------------+---------------------------------------------------------+
| 6601010229 | <http://lod2.eu/schemas/rdfh#lo_orderdateYear1992>  | <http://lod2.eu/schemas/rdfh#lo_partkeyBrand1MFGR-123>  |
+------------+-----------------------------------------------------+---------------------------------------------------------+
| 7126061027 | <http://lod2.eu/schemas/rdfh#lo_orderdateYear1992>  | <http://lod2.eu/schemas/rdfh#lo_partkeyBrand1MFGR-1240> |
+------------+-----------------------------------------------------+---------------------------------------------------------+
| 7197665271 | <http://lod2.eu/schemas/rdfh#lo_orderdateYear1992>  | <http://lod2.eu/schemas/rdfh#lo_partkeyBrand1MFGR-124>  |
+------------+-----------------------------------------------------+---------------------------------------------------------+
| 6727625998 | <http://lod2.eu/schemas/rdfh#lo_orderdateYear1992>  | <http://lod2.eu/schemas/rdfh#lo_partkeyBrand1MFGR-125>  |
+------------+-----------------------------------------------------+---------------------------------------------------------+
| 6461380401 | <http://lod2.eu/schemas/rdfh#lo_orderdateYear1992>  | <http://lod2.eu/schemas/rdfh#lo_partkeyBrand1MFGR-126>  |
+------------+-----------------------------------------------------+---------------------------------------------------------+
| 7012618906 | <http://lod2.eu/schemas/rdfh#lo_orderdateYear1992>  | <http://lod2.eu/schemas/rdfh#lo_partkeyBrand1MFGR-127>  |
+------------+-----------------------------------------------------+---------------------------------------------------------+
| 6730883299 | <http://lod2.eu/schemas/rdfh#lo_orderdateYear1992>  | <http://lod2.eu/schemas/rdfh#lo_partkeyBrand1MFGR-128>  |
+------------+-----------------------------------------------------+---------------------------------------------------------+
| 6125452526 | <http://lod2.eu/schemas/rdfh#lo_orderdateYear1992>  | <http://lod2.eu/schemas/rdfh#lo_partkeyBrand1MFGR-129>  |
+------------+-----------------------------------------------------+---------------------------------------------------------+
| 6439163794 | <http://lod2.eu/schemas/rdfh#lo_orderdateYear1993>  | <http://lod2.eu/schemas/rdfh#lo_partkeyBrand1MFGR-1210> |
+------------+-----------------------------------------------------+---------------------------------------------------------+
| 7237748553 | <http://lod2.eu/schemas/rdfh#lo_orderdateYear1993>  | <http://lod2.eu/schemas/rdfh#lo_partkeyBrand1MFGR-1211> |
+------------+-----------------------------------------------------+---------------------------------------------------------+
| 6358522943 | <http://lod2.eu/schemas/rdfh#lo_orderdateYear1993>  | <http://lod2.eu/schemas/rdfh#lo_partkeyBrand1MFGR-1212> |
+------------+-----------------------------------------------------+---------------------------------------------------------+
| 6944255619 | <http://lod2.eu/schemas/rdfh#lo_orderdateYear1993>  | <http://lod2.eu/schemas/rdfh#lo_partkeyBrand1MFGR-1213> |
+------------+-----------------------------------------------------+---------------------------------------------------------+
| 6764674340 | <http://lod2.eu/schemas/rdfh#lo_orderdateYear1993>  | <http://lod2.eu/schemas/rdfh#lo_partkeyBrand1MFGR-1214> |
+------------+-----------------------------------------------------+---------------------------------------------------------+
| 7036373470 | <http://lod2.eu/schemas/rdfh#lo_orderdateYear1993>  | <http://lod2.eu/schemas/rdfh#lo_partkeyBrand1MFGR-1215> |
+------------+-----------------------------------------------------+---------------------------------------------------------+
| 6919737436 | <http://lod2.eu/schemas/rdfh#lo_orderdateYear1993>  | <http://lod2.eu/schemas/rdfh#lo_partkeyBrand1MFGR-1216> |
+------------+-----------------------------------------------------+---------------------------------------------------------+
| 7023034684 | <http://lod2.eu/schemas/rdfh#lo_orderdateYear1993>  | <http://lod2.eu/schemas/rdfh#lo_partkeyBrand1MFGR-1217> |
+------------+-----------------------------------------------------+---------------------------------------------------------+
| 6769724436 | <http://lod2.eu/schemas/rdfh#lo_orderdateYear1993>  | <http://lod2.eu/schemas/rdfh#lo_partkeyBrand1MFGR-1218> |
+------------+-----------------------------------------------------+---------------------------------------------------------+
| 6985920856 | <http://lod2.eu/schemas/rdfh#lo_orderdateYear1993>  | <http://lod2.eu/schemas/rdfh#lo_partkeyBrand1MFGR-1219> |
+------------+-----------------------------------------------------+---------------------------------------------------------+
| 6382034658 | <http://lod2.eu/schemas/rdfh#lo_orderdateYear1993>  | <http://lod2.eu/schemas/rdfh#lo_partkeyBrand1MFGR-121>  |
+------------+-----------------------------------------------------+---------------------------------------------------------+
| 6484432568 | <http://lod2.eu/schemas/rdfh#lo_orderdateYear1993>  | <http://lod2.eu/schemas/rdfh#lo_partkeyBrand1MFGR-1220> |
+------------+-----------------------------------------------------+---------------------------------------------------------+
| 6878576876 | <http://lod2.eu/schemas/rdfh#lo_orderdateYear1993>  | <http://lod2.eu/schemas/rdfh#lo_partkeyBrand1MFGR-1221> |
+------------+-----------------------------------------------------+---------------------------------------------------------+
| 6636715879 | <http://lod2.eu/schemas/rdfh#lo_orderdateYear1993>  | <http://lod2.eu/schemas/rdfh#lo_partkeyBrand1MFGR-1222> |
+------------+-----------------------------------------------------+---------------------------------------------------------+
| 6342711015 | <http://lod2.eu/schemas/rdfh#lo_orderdateYear1993>  | <http://lod2.eu/schemas/rdfh#lo_partkeyBrand1MFGR-1223> |
+------------+-----------------------------------------------------+---------------------------------------------------------+
| 7257074782 | <http://lod2.eu/schemas/rdfh#lo_orderdateYear1993>  | <http://lod2.eu/schemas/rdfh#lo_partkeyBrand1MFGR-1224> |
+------------+-----------------------------------------------------+---------------------------------------------------------+
| 6501113968 | <http://lod2.eu/schemas/rdfh#lo_orderdateYear1993>  | <http://lod2.eu/schemas/rdfh#lo_partkeyBrand1MFGR-1225> |
+------------+-----------------------------------------------------+---------------------------------------------------------+
| 7458190031 | <http://lod2.eu/schemas/rdfh#lo_orderdateYear1993>  | <http://lod2.eu/schemas/rdfh#lo_partkeyBrand1MFGR-1226> |
+------------+-----------------------------------------------------+---------------------------------------------------------+
| 6409727300 | <http://lod2.eu/schemas/rdfh#lo_orderdateYear1993>  | <http://lod2.eu/schemas/rdfh#lo_partkeyBrand1MFGR-1227> |
+------------+-----------------------------------------------------+---------------------------------------------------------+
| 7336259130 | <http://lod2.eu/schemas/rdfh#lo_orderdateYear1993>  | <http://lod2.eu/schemas/rdfh#lo_partkeyBrand1MFGR-1228> |
+------------+-----------------------------------------------------+---------------------------------------------------------+
| 6329817914 | <http://lod2.eu/schemas/rdfh#lo_orderdateYear1993>  | <http://lod2.eu/schemas/rdfh#lo_partkeyBrand1MFGR-1229> |
+------------+-----------------------------------------------------+---------------------------------------------------------+
| 7235770546 | <http://lod2.eu/schemas/rdfh#lo_orderdateYear1993>  | <http://lod2.eu/schemas/rdfh#lo_partkeyBrand1MFGR-122>  |
+------------+-----------------------------------------------------+---------------------------------------------------------+
| 6642939280 | <http://lod2.eu/schemas/rdfh#lo_orderdateYear1993>  | <http://lod2.eu/schemas/rdfh#lo_partkeyBrand1MFGR-1230> |
+------------+-----------------------------------------------------+---------------------------------------------------------+
| 7000267344 | <http://lod2.eu/schemas/rdfh#lo_orderdateYear1993>  | <http://lod2.eu/schemas/rdfh#lo_partkeyBrand1MFGR-1231> |
+------------+-----------------------------------------------------+---------------------------------------------------------+
| 7311857458 | <http://lod2.eu/schemas/rdfh#lo_orderdateYear1993>  | <http://lod2.eu/schemas/rdfh#lo_partkeyBrand1MFGR-1232> |
+------------+-----------------------------------------------------+---------------------------------------------------------+
| 6705723103 | <http://lod2.eu/schemas/rdfh#lo_orderdateYear1993>  | <http://lod2.eu/schemas/rdfh#lo_partkeyBrand1MFGR-1233> |
+------------+-----------------------------------------------------+---------------------------------------------------------+
| 6637877324 | <http://lod2.eu/schemas/rdfh#lo_orderdateYear1993>  | <http://lod2.eu/schemas/rdfh#lo_partkeyBrand1MFGR-1234> |
+------------+-----------------------------------------------------+---------------------------------------------------------+
| 7059280620 | <http://lod2.eu/schemas/rdfh#lo_orderdateYear1993>  | <http://lod2.eu/schemas/rdfh#lo_partkeyBrand1MFGR-1235> |
+------------+-----------------------------------------------------+---------------------------------------------------------+
| 7079353328 | <http://lod2.eu/schemas/rdfh#lo_orderdateYear1993>  | <http://lod2.eu/schemas/rdfh#lo_partkeyBrand1MFGR-1236> |
+------------+-----------------------------------------------------+---------------------------------------------------------+
| 7243703041 | <http://lod2.eu/schemas/rdfh#lo_orderdateYear1993>  | <http://lod2.eu/schemas/rdfh#lo_partkeyBrand1MFGR-1237> |
+------------+-----------------------------------------------------+---------------------------------------------------------+
| 6149061528 | <http://lod2.eu/schemas/rdfh#lo_orderdateYear1993>  | <http://lod2.eu/schemas/rdfh#lo_partkeyBrand1MFGR-1238> |
+------------+-----------------------------------------------------+---------------------------------------------------------+
| 6384605378 | <http://lod2.eu/schemas/rdfh#lo_orderdateYear1993>  | <http://lod2.eu/schemas/rdfh#lo_partkeyBrand1MFGR-1239> |
+------------+-----------------------------------------------------+---------------------------------------------------------+
| 6661380481 | <http://lod2.eu/schemas/rdfh#lo_orderdateYear1993>  | <http://lod2.eu/schemas/rdfh#lo_partkeyBrand1MFGR-123>  |
+------------+-----------------------------------------------------+---------------------------------------------------------+
| 7055353878 | <http://lod2.eu/schemas/rdfh#lo_orderdateYear1993>  | <http://lod2.eu/schemas/rdfh#lo_partkeyBrand1MFGR-1240> |
+------------+-----------------------------------------------------+---------------------------------------------------------+
| 6945853876 | <http://lod2.eu/schemas/rdfh#lo_orderdateYear1993>  | <http://lod2.eu/schemas/rdfh#lo_partkeyBrand1MFGR-124>  |
+------------+-----------------------------------------------------+---------------------------------------------------------+
| 6312893492 | <http://lod2.eu/schemas/rdfh#lo_orderdateYear1993>  | <http://lod2.eu/schemas/rdfh#lo_partkeyBrand1MFGR-125>  |
+------------+-----------------------------------------------------+---------------------------------------------------------+
| 6558772163 | <http://lod2.eu/schemas/rdfh#lo_orderdateYear1993>  | <http://lod2.eu/schemas/rdfh#lo_partkeyBrand1MFGR-126>  |
+------------+-----------------------------------------------------+---------------------------------------------------------+
| 6783420789 | <http://lod2.eu/schemas/rdfh#lo_orderdateYear1993>  | <http://lod2.eu/schemas/rdfh#lo_partkeyBrand1MFGR-127>  |
+------------+-----------------------------------------------------+---------------------------------------------------------+
| 6673551973 | <http://lod2.eu/schemas/rdfh#lo_orderdateYear1993>  | <http://lod2.eu/schemas/rdfh#lo_partkeyBrand1MFGR-128>  |
+------------+-----------------------------------------------------+---------------------------------------------------------+
| 6387782986 | <http://lod2.eu/schemas/rdfh#lo_orderdateYear1993>  | <http://lod2.eu/schemas/rdfh#lo_partkeyBrand1MFGR-129>  |
+------------+-----------------------------------------------------+---------------------------------------------------------+
| 7086198960 | <http://lod2.eu/schemas/rdfh#lo_orderdateYear1994>  | <http://lod2.eu/schemas/rdfh#lo_partkeyBrand1MFGR-1210> |
+------------+-----------------------------------------------------+---------------------------------------------------------+
| 6871669861 | <http://lod2.eu/schemas/rdfh#lo_orderdateYear1994>  | <http://lod2.eu/schemas/rdfh#lo_partkeyBrand1MFGR-1211> |
+------------+-----------------------------------------------------+---------------------------------------------------------+
| 6572086846 | <http://lod2.eu/schemas/rdfh#lo_orderdateYear1994>  | <http://lod2.eu/schemas/rdfh#lo_partkeyBrand1MFGR-1212> |
+------------+-----------------------------------------------------+---------------------------------------------------------+
| 6773948949 | <http://lod2.eu/schemas/rdfh#lo_orderdateYear1994>  | <http://lod2.eu/schemas/rdfh#lo_partkeyBrand1MFGR-1213> |
+------------+-----------------------------------------------------+---------------------------------------------------------+
| 6740138960 | <http://lod2.eu/schemas/rdfh#lo_orderdateYear1994>  | <http://lod2.eu/schemas/rdfh#lo_partkeyBrand1MFGR-1214> |
+------------+-----------------------------------------------------+---------------------------------------------------------+
| 7019061940 | <http://lod2.eu/schemas/rdfh#lo_orderdateYear1994>  | <http://lod2.eu/schemas/rdfh#lo_partkeyBrand1MFGR-1215> |
+------------+-----------------------------------------------------+---------------------------------------------------------+
| 6782433544 | <http://lod2.eu/schemas/rdfh#lo_orderdateYear1994>  | <http://lod2.eu/schemas/rdfh#lo_partkeyBrand1MFGR-1216> |
+------------+-----------------------------------------------------+---------------------------------------------------------+
| 6886859642 | <http://lod2.eu/schemas/rdfh#lo_orderdateYear1994>  | <http://lod2.eu/schemas/rdfh#lo_partkeyBrand1MFGR-1217> |
+------------+-----------------------------------------------------+---------------------------------------------------------+
| 7157349757 | <http://lod2.eu/schemas/rdfh#lo_orderdateYear1994>  | <http://lod2.eu/schemas/rdfh#lo_partkeyBrand1MFGR-1218> |
+------------+-----------------------------------------------------+---------------------------------------------------------+
| 6596737151 | <http://lod2.eu/schemas/rdfh#lo_orderdateYear1994>  | <http://lod2.eu/schemas/rdfh#lo_partkeyBrand1MFGR-1219> |
+------------+-----------------------------------------------------+---------------------------------------------------------+
| 6525665927 | <http://lod2.eu/schemas/rdfh#lo_orderdateYear1994>  | <http://lod2.eu/schemas/rdfh#lo_partkeyBrand1MFGR-121>  |
+------------+-----------------------------------------------------+---------------------------------------------------------+
| 6408868609 | <http://lod2.eu/schemas/rdfh#lo_orderdateYear1994>  | <http://lod2.eu/schemas/rdfh#lo_partkeyBrand1MFGR-1220> |
+------------+-----------------------------------------------------+---------------------------------------------------------+
| 6741527996 | <http://lod2.eu/schemas/rdfh#lo_orderdateYear1994>  | <http://lod2.eu/schemas/rdfh#lo_partkeyBrand1MFGR-1221> |
+------------+-----------------------------------------------------+---------------------------------------------------------+
| 6763648338 | <http://lod2.eu/schemas/rdfh#lo_orderdateYear1994>  | <http://lod2.eu/schemas/rdfh#lo_partkeyBrand1MFGR-1222> |
+------------+-----------------------------------------------------+---------------------------------------------------------+
| 6300859287 | <http://lod2.eu/schemas/rdfh#lo_orderdateYear1994>  | <http://lod2.eu/schemas/rdfh#lo_partkeyBrand1MFGR-1223> |
+------------+-----------------------------------------------------+---------------------------------------------------------+
| 7201434704 | <http://lod2.eu/schemas/rdfh#lo_orderdateYear1994>  | <http://lod2.eu/schemas/rdfh#lo_partkeyBrand1MFGR-1224> |
+------------+-----------------------------------------------------+---------------------------------------------------------+
| 7009023813 | <http://lod2.eu/schemas/rdfh#lo_orderdateYear1994>  | <http://lod2.eu/schemas/rdfh#lo_partkeyBrand1MFGR-1225> |
+------------+-----------------------------------------------------+---------------------------------------------------------+
| 6937644159 | <http://lod2.eu/schemas/rdfh#lo_orderdateYear1994>  | <http://lod2.eu/schemas/rdfh#lo_partkeyBrand1MFGR-1226> |
+------------+-----------------------------------------------------+---------------------------------------------------------+
| 6143698484 | <http://lod2.eu/schemas/rdfh#lo_orderdateYear1994>  | <http://lod2.eu/schemas/rdfh#lo_partkeyBrand1MFGR-1227> |
+------------+-----------------------------------------------------+---------------------------------------------------------+
| 7471700197 | <http://lod2.eu/schemas/rdfh#lo_orderdateYear1994>  | <http://lod2.eu/schemas/rdfh#lo_partkeyBrand1MFGR-1228> |
+------------+-----------------------------------------------------+---------------------------------------------------------+
| 6495180880 | <http://lod2.eu/schemas/rdfh#lo_orderdateYear1994>  | <http://lod2.eu/schemas/rdfh#lo_partkeyBrand1MFGR-1229> |
+------------+-----------------------------------------------------+---------------------------------------------------------+
| 7093880636 | <http://lod2.eu/schemas/rdfh#lo_orderdateYear1994>  | <http://lod2.eu/schemas/rdfh#lo_partkeyBrand1MFGR-122>  |
+------------+-----------------------------------------------------+---------------------------------------------------------+
| 6493295161 | <http://lod2.eu/schemas/rdfh#lo_orderdateYear1994>  | <http://lod2.eu/schemas/rdfh#lo_partkeyBrand1MFGR-1230> |
+------------+-----------------------------------------------------+---------------------------------------------------------+
| 6510307841 | <http://lod2.eu/schemas/rdfh#lo_orderdateYear1994>  | <http://lod2.eu/schemas/rdfh#lo_partkeyBrand1MFGR-1231> |
+------------+-----------------------------------------------------+---------------------------------------------------------+
| 7877750677 | <http://lod2.eu/schemas/rdfh#lo_orderdateYear1994>  | <http://lod2.eu/schemas/rdfh#lo_partkeyBrand1MFGR-1232> |
+------------+-----------------------------------------------------+---------------------------------------------------------+
| 6576032819 | <http://lod2.eu/schemas/rdfh#lo_orderdateYear1994>  | <http://lod2.eu/schemas/rdfh#lo_partkeyBrand1MFGR-1233> |
+------------+-----------------------------------------------------+---------------------------------------------------------+
| 6954631030 | <http://lod2.eu/schemas/rdfh#lo_orderdateYear1994>  | <http://lod2.eu/schemas/rdfh#lo_partkeyBrand1MFGR-1234> |
+------------+-----------------------------------------------------+---------------------------------------------------------+
| 7061358044 | <http://lod2.eu/schemas/rdfh#lo_orderdateYear1994>  | <http://lod2.eu/schemas/rdfh#lo_partkeyBrand1MFGR-1235> |
+------------+-----------------------------------------------------+---------------------------------------------------------+
| 7136558061 | <http://lod2.eu/schemas/rdfh#lo_orderdateYear1994>  | <http://lod2.eu/schemas/rdfh#lo_partkeyBrand1MFGR-1236> |
+------------+-----------------------------------------------------+---------------------------------------------------------+
| 7274388343 | <http://lod2.eu/schemas/rdfh#lo_orderdateYear1994>  | <http://lod2.eu/schemas/rdfh#lo_partkeyBrand1MFGR-1237> |
+------------+-----------------------------------------------------+---------------------------------------------------------+
| 5791875920 | <http://lod2.eu/schemas/rdfh#lo_orderdateYear1994>  | <http://lod2.eu/schemas/rdfh#lo_partkeyBrand1MFGR-1238> |
+------------+-----------------------------------------------------+---------------------------------------------------------+
| 6458393784 | <http://lod2.eu/schemas/rdfh#lo_orderdateYear1994>  | <http://lod2.eu/schemas/rdfh#lo_partkeyBrand1MFGR-1239> |
+------------+-----------------------------------------------------+---------------------------------------------------------+
| 6805618335 | <http://lod2.eu/schemas/rdfh#lo_orderdateYear1994>  | <http://lod2.eu/schemas/rdfh#lo_partkeyBrand1MFGR-123>  |
+------------+-----------------------------------------------------+---------------------------------------------------------+
| 7101978837 | <http://lod2.eu/schemas/rdfh#lo_orderdateYear1994>  | <http://lod2.eu/schemas/rdfh#lo_partkeyBrand1MFGR-1240> |
+------------+-----------------------------------------------------+---------------------------------------------------------+
| 6916324003 | <http://lod2.eu/schemas/rdfh#lo_orderdateYear1994>  | <http://lod2.eu/schemas/rdfh#lo_partkeyBrand1MFGR-124>  |
+------------+-----------------------------------------------------+---------------------------------------------------------+
| 6562962487 | <http://lod2.eu/schemas/rdfh#lo_orderdateYear1994>  | <http://lod2.eu/schemas/rdfh#lo_partkeyBrand1MFGR-125>  |
+------------+-----------------------------------------------------+---------------------------------------------------------+
| 6456432352 | <http://lod2.eu/schemas/rdfh#lo_orderdateYear1994>  | <http://lod2.eu/schemas/rdfh#lo_partkeyBrand1MFGR-126>  |
+------------+-----------------------------------------------------+---------------------------------------------------------+
| 6677778187 | <http://lod2.eu/schemas/rdfh#lo_orderdateYear1994>  | <http://lod2.eu/schemas/rdfh#lo_partkeyBrand1MFGR-127>  |
+------------+-----------------------------------------------------+---------------------------------------------------------+
| 6889765819 | <http://lod2.eu/schemas/rdfh#lo_orderdateYear1994>  | <http://lod2.eu/schemas/rdfh#lo_partkeyBrand1MFGR-128>  |
+------------+-----------------------------------------------------+---------------------------------------------------------+
| 6220999101 | <http://lod2.eu/schemas/rdfh#lo_orderdateYear1994>  | <http://lod2.eu/schemas/rdfh#lo_partkeyBrand1MFGR-129>  |
+------------+-----------------------------------------------------+---------------------------------------------------------+
| 6801494826 | <http://lod2.eu/schemas/rdfh#lo_orderdateYear1995>  | <http://lod2.eu/schemas/rdfh#lo_partkeyBrand1MFGR-1210> |
+------------+-----------------------------------------------------+---------------------------------------------------------+
| 7141121473 | <http://lod2.eu/schemas/rdfh#lo_orderdateYear1995>  | <http://lod2.eu/schemas/rdfh#lo_partkeyBrand1MFGR-1211> |
+------------+-----------------------------------------------------+---------------------------------------------------------+
| 6401898562 | <http://lod2.eu/schemas/rdfh#lo_orderdateYear1995>  | <http://lod2.eu/schemas/rdfh#lo_partkeyBrand1MFGR-1212> |
+------------+-----------------------------------------------------+---------------------------------------------------------+
| 6714537523 | <http://lod2.eu/schemas/rdfh#lo_orderdateYear1995>  | <http://lod2.eu/schemas/rdfh#lo_partkeyBrand1MFGR-1213> |
+------------+-----------------------------------------------------+---------------------------------------------------------+
| 7013631699 | <http://lod2.eu/schemas/rdfh#lo_orderdateYear1995>  | <http://lod2.eu/schemas/rdfh#lo_partkeyBrand1MFGR-1214> |
+------------+-----------------------------------------------------+---------------------------------------------------------+
| 6646909733 | <http://lod2.eu/schemas/rdfh#lo_orderdateYear1995>  | <http://lod2.eu/schemas/rdfh#lo_partkeyBrand1MFGR-1215> |
+------------+-----------------------------------------------------+---------------------------------------------------------+
| 6603309817 | <http://lod2.eu/schemas/rdfh#lo_orderdateYear1995>  | <http://lod2.eu/schemas/rdfh#lo_partkeyBrand1MFGR-1216> |
+------------+-----------------------------------------------------+---------------------------------------------------------+
| 7204223670 | <http://lod2.eu/schemas/rdfh#lo_orderdateYear1995>  | <http://lod2.eu/schemas/rdfh#lo_partkeyBrand1MFGR-1217> |
+------------+-----------------------------------------------------+---------------------------------------------------------+
| 6786320672 | <http://lod2.eu/schemas/rdfh#lo_orderdateYear1995>  | <http://lod2.eu/schemas/rdfh#lo_partkeyBrand1MFGR-1218> |
+------------+-----------------------------------------------------+---------------------------------------------------------+
| 6659827925 | <http://lod2.eu/schemas/rdfh#lo_orderdateYear1995>  | <http://lod2.eu/schemas/rdfh#lo_partkeyBrand1MFGR-1219> |
+------------+-----------------------------------------------------+---------------------------------------------------------+
| 6563646251 | <http://lod2.eu/schemas/rdfh#lo_orderdateYear1995>  | <http://lod2.eu/schemas/rdfh#lo_partkeyBrand1MFGR-121>  |
+------------+-----------------------------------------------------+---------------------------------------------------------+
| 6616633932 | <http://lod2.eu/schemas/rdfh#lo_orderdateYear1995>  | <http://lod2.eu/schemas/rdfh#lo_partkeyBrand1MFGR-1220> |
+------------+-----------------------------------------------------+---------------------------------------------------------+
| 6769490915 | <http://lod2.eu/schemas/rdfh#lo_orderdateYear1995>  | <http://lod2.eu/schemas/rdfh#lo_partkeyBrand1MFGR-1221> |
+------------+-----------------------------------------------------+---------------------------------------------------------+
| 6617746150 | <http://lod2.eu/schemas/rdfh#lo_orderdateYear1995>  | <http://lod2.eu/schemas/rdfh#lo_partkeyBrand1MFGR-1222> |
+------------+-----------------------------------------------------+---------------------------------------------------------+
| 6732584121 | <http://lod2.eu/schemas/rdfh#lo_orderdateYear1995>  | <http://lod2.eu/schemas/rdfh#lo_partkeyBrand1MFGR-1223> |
+------------+-----------------------------------------------------+---------------------------------------------------------+
| 7143627518 | <http://lod2.eu/schemas/rdfh#lo_orderdateYear1995>  | <http://lod2.eu/schemas/rdfh#lo_partkeyBrand1MFGR-1224> |
+------------+-----------------------------------------------------+---------------------------------------------------------+
| 6718571799 | <http://lod2.eu/schemas/rdfh#lo_orderdateYear1995>  | <http://lod2.eu/schemas/rdfh#lo_partkeyBrand1MFGR-1225> |
+------------+-----------------------------------------------------+---------------------------------------------------------+
| 6997669629 | <http://lod2.eu/schemas/rdfh#lo_orderdateYear1995>  | <http://lod2.eu/schemas/rdfh#lo_partkeyBrand1MFGR-1226> |
+------------+-----------------------------------------------------+---------------------------------------------------------+
| 6290853513 | <http://lod2.eu/schemas/rdfh#lo_orderdateYear1995>  | <http://lod2.eu/schemas/rdfh#lo_partkeyBrand1MFGR-1227> |
+------------+-----------------------------------------------------+---------------------------------------------------------+
| 7040096938 | <http://lod2.eu/schemas/rdfh#lo_orderdateYear1995>  | <http://lod2.eu/schemas/rdfh#lo_partkeyBrand1MFGR-1228> |
+------------+-----------------------------------------------------+---------------------------------------------------------+
| 6424478604 | <http://lod2.eu/schemas/rdfh#lo_orderdateYear1995>  | <http://lod2.eu/schemas/rdfh#lo_partkeyBrand1MFGR-1229> |
+------------+-----------------------------------------------------+---------------------------------------------------------+
| 7156912379 | <http://lod2.eu/schemas/rdfh#lo_orderdateYear1995>  | <http://lod2.eu/schemas/rdfh#lo_partkeyBrand1MFGR-122>  |
+------------+-----------------------------------------------------+---------------------------------------------------------+
| 6642164323 | <http://lod2.eu/schemas/rdfh#lo_orderdateYear1995>  | <http://lod2.eu/schemas/rdfh#lo_partkeyBrand1MFGR-1230> |
+------------+-----------------------------------------------------+---------------------------------------------------------+
| 6337688211 | <http://lod2.eu/schemas/rdfh#lo_orderdateYear1995>  | <http://lod2.eu/schemas/rdfh#lo_partkeyBrand1MFGR-1231> |
+------------+-----------------------------------------------------+---------------------------------------------------------+
| 7548275489 | <http://lod2.eu/schemas/rdfh#lo_orderdateYear1995>  | <http://lod2.eu/schemas/rdfh#lo_partkeyBrand1MFGR-1232> |
+------------+-----------------------------------------------------+---------------------------------------------------------+
| 6874053112 | <http://lod2.eu/schemas/rdfh#lo_orderdateYear1995>  | <http://lod2.eu/schemas/rdfh#lo_partkeyBrand1MFGR-1233> |
+------------+-----------------------------------------------------+---------------------------------------------------------+
| 6454765835 | <http://lod2.eu/schemas/rdfh#lo_orderdateYear1995>  | <http://lod2.eu/schemas/rdfh#lo_partkeyBrand1MFGR-1234> |
+------------+-----------------------------------------------------+---------------------------------------------------------+
| 7044215380 | <http://lod2.eu/schemas/rdfh#lo_orderdateYear1995>  | <http://lod2.eu/schemas/rdfh#lo_partkeyBrand1MFGR-1235> |
+------------+-----------------------------------------------------+---------------------------------------------------------+
| 7044955465 | <http://lod2.eu/schemas/rdfh#lo_orderdateYear1995>  | <http://lod2.eu/schemas/rdfh#lo_partkeyBrand1MFGR-1236> |
+------------+-----------------------------------------------------+---------------------------------------------------------+
| 7233806943 | <http://lod2.eu/schemas/rdfh#lo_orderdateYear1995>  | <http://lod2.eu/schemas/rdfh#lo_partkeyBrand1MFGR-1237> |
+------------+-----------------------------------------------------+---------------------------------------------------------+
| 5953806237 | <http://lod2.eu/schemas/rdfh#lo_orderdateYear1995>  | <http://lod2.eu/schemas/rdfh#lo_partkeyBrand1MFGR-1238> |
+------------+-----------------------------------------------------+---------------------------------------------------------+
| 6165718089 | <http://lod2.eu/schemas/rdfh#lo_orderdateYear1995>  | <http://lod2.eu/schemas/rdfh#lo_partkeyBrand1MFGR-1239> |
+------------+-----------------------------------------------------+---------------------------------------------------------+
| 6539366376 | <http://lod2.eu/schemas/rdfh#lo_orderdateYear1995>  | <http://lod2.eu/schemas/rdfh#lo_partkeyBrand1MFGR-123>  |
+------------+-----------------------------------------------------+---------------------------------------------------------+
| 6781640340 | <http://lod2.eu/schemas/rdfh#lo_orderdateYear1995>  | <http://lod2.eu/schemas/rdfh#lo_partkeyBrand1MFGR-1240> |
+------------+-----------------------------------------------------+---------------------------------------------------------+
| 6871377174 | <http://lod2.eu/schemas/rdfh#lo_orderdateYear1995>  | <http://lod2.eu/schemas/rdfh#lo_partkeyBrand1MFGR-124>  |
+------------+-----------------------------------------------------+---------------------------------------------------------+
| 6229499393 | <http://lod2.eu/schemas/rdfh#lo_orderdateYear1995>  | <http://lod2.eu/schemas/rdfh#lo_partkeyBrand1MFGR-125>  |
+------------+-----------------------------------------------------+---------------------------------------------------------+
| 6239560871 | <http://lod2.eu/schemas/rdfh#lo_orderdateYear1995>  | <http://lod2.eu/schemas/rdfh#lo_partkeyBrand1MFGR-126>  |
+------------+-----------------------------------------------------+---------------------------------------------------------+
| 7063055884 | <http://lod2.eu/schemas/rdfh#lo_orderdateYear1995>  | <http://lod2.eu/schemas/rdfh#lo_partkeyBrand1MFGR-127>  |
+------------+-----------------------------------------------------+---------------------------------------------------------+
| 6873007289 | <http://lod2.eu/schemas/rdfh#lo_orderdateYear1995>  | <http://lod2.eu/schemas/rdfh#lo_partkeyBrand1MFGR-128>  |
+------------+-----------------------------------------------------+---------------------------------------------------------+
| 6266773366 | <http://lod2.eu/schemas/rdfh#lo_orderdateYear1995>  | <http://lod2.eu/schemas/rdfh#lo_partkeyBrand1MFGR-129>  |
+------------+-----------------------------------------------------+---------------------------------------------------------+
| 6380057064 | <http://lod2.eu/schemas/rdfh#lo_orderdateYear1996>  | <http://lod2.eu/schemas/rdfh#lo_partkeyBrand1MFGR-1210> |
+------------+-----------------------------------------------------+---------------------------------------------------------+
| 7137131058 | <http://lod2.eu/schemas/rdfh#lo_orderdateYear1996>  | <http://lod2.eu/schemas/rdfh#lo_partkeyBrand1MFGR-1211> |
+------------+-----------------------------------------------------+---------------------------------------------------------+
| 6410252673 | <http://lod2.eu/schemas/rdfh#lo_orderdateYear1996>  | <http://lod2.eu/schemas/rdfh#lo_partkeyBrand1MFGR-1212> |
+------------+-----------------------------------------------------+---------------------------------------------------------+
| 6831573122 | <http://lod2.eu/schemas/rdfh#lo_orderdateYear1996>  | <http://lod2.eu/schemas/rdfh#lo_partkeyBrand1MFGR-1213> |
+------------+-----------------------------------------------------+---------------------------------------------------------+
| 6488850668 | <http://lod2.eu/schemas/rdfh#lo_orderdateYear1996>  | <http://lod2.eu/schemas/rdfh#lo_partkeyBrand1MFGR-1214> |
+------------+-----------------------------------------------------+---------------------------------------------------------+
| 6546458610 | <http://lod2.eu/schemas/rdfh#lo_orderdateYear1996>  | <http://lod2.eu/schemas/rdfh#lo_partkeyBrand1MFGR-1215> |
+------------+-----------------------------------------------------+---------------------------------------------------------+
| 6796414799 | <http://lod2.eu/schemas/rdfh#lo_orderdateYear1996>  | <http://lod2.eu/schemas/rdfh#lo_partkeyBrand1MFGR-1216> |
+------------+-----------------------------------------------------+---------------------------------------------------------+
| 7307030629 | <http://lod2.eu/schemas/rdfh#lo_orderdateYear1996>  | <http://lod2.eu/schemas/rdfh#lo_partkeyBrand1MFGR-1217> |
+------------+-----------------------------------------------------+---------------------------------------------------------+
| 7083167031 | <http://lod2.eu/schemas/rdfh#lo_orderdateYear1996>  | <http://lod2.eu/schemas/rdfh#lo_partkeyBrand1MFGR-1218> |
+------------+-----------------------------------------------------+---------------------------------------------------------+
| 6454616521 | <http://lod2.eu/schemas/rdfh#lo_orderdateYear1996>  | <http://lod2.eu/schemas/rdfh#lo_partkeyBrand1MFGR-1219> |
+------------+-----------------------------------------------------+---------------------------------------------------------+
| 6578456138 | <http://lod2.eu/schemas/rdfh#lo_orderdateYear1996>  | <http://lod2.eu/schemas/rdfh#lo_partkeyBrand1MFGR-121>  |
+------------+-----------------------------------------------------+---------------------------------------------------------+
| 6679260631 | <http://lod2.eu/schemas/rdfh#lo_orderdateYear1996>  | <http://lod2.eu/schemas/rdfh#lo_partkeyBrand1MFGR-1220> |
+------------+-----------------------------------------------------+---------------------------------------------------------+
| 6903254888 | <http://lod2.eu/schemas/rdfh#lo_orderdateYear1996>  | <http://lod2.eu/schemas/rdfh#lo_partkeyBrand1MFGR-1221> |
+------------+-----------------------------------------------------+---------------------------------------------------------+
| 6892805375 | <http://lod2.eu/schemas/rdfh#lo_orderdateYear1996>  | <http://lod2.eu/schemas/rdfh#lo_partkeyBrand1MFGR-1222> |
+------------+-----------------------------------------------------+---------------------------------------------------------+
| 6226736904 | <http://lod2.eu/schemas/rdfh#lo_orderdateYear1996>  | <http://lod2.eu/schemas/rdfh#lo_partkeyBrand1MFGR-1223> |
+------------+-----------------------------------------------------+---------------------------------------------------------+
| 7218551955 | <http://lod2.eu/schemas/rdfh#lo_orderdateYear1996>  | <http://lod2.eu/schemas/rdfh#lo_partkeyBrand1MFGR-1224> |
+------------+-----------------------------------------------------+---------------------------------------------------------+
| 6763605438 | <http://lod2.eu/schemas/rdfh#lo_orderdateYear1996>  | <http://lod2.eu/schemas/rdfh#lo_partkeyBrand1MFGR-1225> |
+------------+-----------------------------------------------------+---------------------------------------------------------+
| 6758440512 | <http://lod2.eu/schemas/rdfh#lo_orderdateYear1996>  | <http://lod2.eu/schemas/rdfh#lo_partkeyBrand1MFGR-1226> |
+------------+-----------------------------------------------------+---------------------------------------------------------+
| 6562894079 | <http://lod2.eu/schemas/rdfh#lo_orderdateYear1996>  | <http://lod2.eu/schemas/rdfh#lo_partkeyBrand1MFGR-1227> |
+------------+-----------------------------------------------------+---------------------------------------------------------+
| 7077296627 | <http://lod2.eu/schemas/rdfh#lo_orderdateYear1996>  | <http://lod2.eu/schemas/rdfh#lo_partkeyBrand1MFGR-1228> |
+------------+-----------------------------------------------------+---------------------------------------------------------+
| 6541879729 | <http://lod2.eu/schemas/rdfh#lo_orderdateYear1996>  | <http://lod2.eu/schemas/rdfh#lo_partkeyBrand1MFGR-1229> |
+------------+-----------------------------------------------------+---------------------------------------------------------+
| 7158257544 | <http://lod2.eu/schemas/rdfh#lo_orderdateYear1996>  | <http://lod2.eu/schemas/rdfh#lo_partkeyBrand1MFGR-122>  |
+------------+-----------------------------------------------------+---------------------------------------------------------+
| 6502125649 | <http://lod2.eu/schemas/rdfh#lo_orderdateYear1996>  | <http://lod2.eu/schemas/rdfh#lo_partkeyBrand1MFGR-1230> |
+------------+-----------------------------------------------------+---------------------------------------------------------+
| 7034861207 | <http://lod2.eu/schemas/rdfh#lo_orderdateYear1996>  | <http://lod2.eu/schemas/rdfh#lo_partkeyBrand1MFGR-1231> |
+------------+-----------------------------------------------------+---------------------------------------------------------+
| 7299486342 | <http://lod2.eu/schemas/rdfh#lo_orderdateYear1996>  | <http://lod2.eu/schemas/rdfh#lo_partkeyBrand1MFGR-1232> |
+------------+-----------------------------------------------------+---------------------------------------------------------+
| 6405666522 | <http://lod2.eu/schemas/rdfh#lo_orderdateYear1996>  | <http://lod2.eu/schemas/rdfh#lo_partkeyBrand1MFGR-1233> |
+------------+-----------------------------------------------------+---------------------------------------------------------+
| 6598056575 | <http://lod2.eu/schemas/rdfh#lo_orderdateYear1996>  | <http://lod2.eu/schemas/rdfh#lo_partkeyBrand1MFGR-1234> |
+------------+-----------------------------------------------------+---------------------------------------------------------+
| 7332374720 | <http://lod2.eu/schemas/rdfh#lo_orderdateYear1996>  | <http://lod2.eu/schemas/rdfh#lo_partkeyBrand1MFGR-1235> |
+------------+-----------------------------------------------------+---------------------------------------------------------+
| 6832731514 | <http://lod2.eu/schemas/rdfh#lo_orderdateYear1996>  | <http://lod2.eu/schemas/rdfh#lo_partkeyBrand1MFGR-1236> |
+------------+-----------------------------------------------------+---------------------------------------------------------+
| 6971700893 | <http://lod2.eu/schemas/rdfh#lo_orderdateYear1996>  | <http://lod2.eu/schemas/rdfh#lo_partkeyBrand1MFGR-1237> |
+------------+-----------------------------------------------------+---------------------------------------------------------+
| 6094857618 | <http://lod2.eu/schemas/rdfh#lo_orderdateYear1996>  | <http://lod2.eu/schemas/rdfh#lo_partkeyBrand1MFGR-1238> |
+------------+-----------------------------------------------------+---------------------------------------------------------+
| 6742644418 | <http://lod2.eu/schemas/rdfh#lo_orderdateYear1996>  | <http://lod2.eu/schemas/rdfh#lo_partkeyBrand1MFGR-1239> |
+------------+-----------------------------------------------------+---------------------------------------------------------+
| 6832348876 | <http://lod2.eu/schemas/rdfh#lo_orderdateYear1996>  | <http://lod2.eu/schemas/rdfh#lo_partkeyBrand1MFGR-123>  |
+------------+-----------------------------------------------------+---------------------------------------------------------+
| 7257992096 | <http://lod2.eu/schemas/rdfh#lo_orderdateYear1996>  | <http://lod2.eu/schemas/rdfh#lo_partkeyBrand1MFGR-1240> |
+------------+-----------------------------------------------------+---------------------------------------------------------+
| 6832025455 | <http://lod2.eu/schemas/rdfh#lo_orderdateYear1996>  | <http://lod2.eu/schemas/rdfh#lo_partkeyBrand1MFGR-124>  |
+------------+-----------------------------------------------------+---------------------------------------------------------+
| 6564940527 | <http://lod2.eu/schemas/rdfh#lo_orderdateYear1996>  | <http://lod2.eu/schemas/rdfh#lo_partkeyBrand1MFGR-125>  |
+------------+-----------------------------------------------------+---------------------------------------------------------+
| 6519111073 | <http://lod2.eu/schemas/rdfh#lo_orderdateYear1996>  | <http://lod2.eu/schemas/rdfh#lo_partkeyBrand1MFGR-126>  |
+------------+-----------------------------------------------------+---------------------------------------------------------+
| 6717830860 | <http://lod2.eu/schemas/rdfh#lo_orderdateYear1996>  | <http://lod2.eu/schemas/rdfh#lo_partkeyBrand1MFGR-127>  |
+------------+-----------------------------------------------------+---------------------------------------------------------+
| 6691029370 | <http://lod2.eu/schemas/rdfh#lo_orderdateYear1996>  | <http://lod2.eu/schemas/rdfh#lo_partkeyBrand1MFGR-128>  |
+------------+-----------------------------------------------------+---------------------------------------------------------+
| 6086559287 | <http://lod2.eu/schemas/rdfh#lo_orderdateYear1996>  | <http://lod2.eu/schemas/rdfh#lo_partkeyBrand1MFGR-129>  |
+------------+-----------------------------------------------------+---------------------------------------------------------+
| 6624824324 | <http://lod2.eu/schemas/rdfh#lo_orderdateYear1997>  | <http://lod2.eu/schemas/rdfh#lo_partkeyBrand1MFGR-1210> |
+------------+-----------------------------------------------------+---------------------------------------------------------+
| 6771705645 | <http://lod2.eu/schemas/rdfh#lo_orderdateYear1997>  | <http://lod2.eu/schemas/rdfh#lo_partkeyBrand1MFGR-1211> |
+------------+-----------------------------------------------------+---------------------------------------------------------+
| 6426732319 | <http://lod2.eu/schemas/rdfh#lo_orderdateYear1997>  | <http://lod2.eu/schemas/rdfh#lo_partkeyBrand1MFGR-1212> |
+------------+-----------------------------------------------------+---------------------------------------------------------+
| 6734349931 | <http://lod2.eu/schemas/rdfh#lo_orderdateYear1997>  | <http://lod2.eu/schemas/rdfh#lo_partkeyBrand1MFGR-1213> |
+------------+-----------------------------------------------------+---------------------------------------------------------+
| 6762927970 | <http://lod2.eu/schemas/rdfh#lo_orderdateYear1997>  | <http://lod2.eu/schemas/rdfh#lo_partkeyBrand1MFGR-1214> |
+------------+-----------------------------------------------------+---------------------------------------------------------+
| 6747693662 | <http://lod2.eu/schemas/rdfh#lo_orderdateYear1997>  | <http://lod2.eu/schemas/rdfh#lo_partkeyBrand1MFGR-1215> |
+------------+-----------------------------------------------------+---------------------------------------------------------+
| 6930467621 | <http://lod2.eu/schemas/rdfh#lo_orderdateYear1997>  | <http://lod2.eu/schemas/rdfh#lo_partkeyBrand1MFGR-1216> |
+------------+-----------------------------------------------------+---------------------------------------------------------+
| 7278012359 | <http://lod2.eu/schemas/rdfh#lo_orderdateYear1997>  | <http://lod2.eu/schemas/rdfh#lo_partkeyBrand1MFGR-1217> |
+------------+-----------------------------------------------------+---------------------------------------------------------+
| 6867387556 | <http://lod2.eu/schemas/rdfh#lo_orderdateYear1997>  | <http://lod2.eu/schemas/rdfh#lo_partkeyBrand1MFGR-1218> |
+------------+-----------------------------------------------------+---------------------------------------------------------+
| 6778311943 | <http://lod2.eu/schemas/rdfh#lo_orderdateYear1997>  | <http://lod2.eu/schemas/rdfh#lo_partkeyBrand1MFGR-1219> |
+------------+-----------------------------------------------------+---------------------------------------------------------+
| 6379340748 | <http://lod2.eu/schemas/rdfh#lo_orderdateYear1997>  | <http://lod2.eu/schemas/rdfh#lo_partkeyBrand1MFGR-121>  |
+------------+-----------------------------------------------------+---------------------------------------------------------+
| 6372927264 | <http://lod2.eu/schemas/rdfh#lo_orderdateYear1997>  | <http://lod2.eu/schemas/rdfh#lo_partkeyBrand1MFGR-1220> |
+------------+-----------------------------------------------------+---------------------------------------------------------+
| 6960241189 | <http://lod2.eu/schemas/rdfh#lo_orderdateYear1997>  | <http://lod2.eu/schemas/rdfh#lo_partkeyBrand1MFGR-1221> |
+------------+-----------------------------------------------------+---------------------------------------------------------+
| 6536932124 | <http://lod2.eu/schemas/rdfh#lo_orderdateYear1997>  | <http://lod2.eu/schemas/rdfh#lo_partkeyBrand1MFGR-1222> |
+------------+-----------------------------------------------------+---------------------------------------------------------+
| 6431206336 | <http://lod2.eu/schemas/rdfh#lo_orderdateYear1997>  | <http://lod2.eu/schemas/rdfh#lo_partkeyBrand1MFGR-1223> |
+------------+-----------------------------------------------------+---------------------------------------------------------+
| 7122881926 | <http://lod2.eu/schemas/rdfh#lo_orderdateYear1997>  | <http://lod2.eu/schemas/rdfh#lo_partkeyBrand1MFGR-1224> |
+------------+-----------------------------------------------------+---------------------------------------------------------+
| 7104613185 | <http://lod2.eu/schemas/rdfh#lo_orderdateYear1997>  | <http://lod2.eu/schemas/rdfh#lo_partkeyBrand1MFGR-1225> |
+------------+-----------------------------------------------------+---------------------------------------------------------+
| 6673821228 | <http://lod2.eu/schemas/rdfh#lo_orderdateYear1997>  | <http://lod2.eu/schemas/rdfh#lo_partkeyBrand1MFGR-1226> |
+------------+-----------------------------------------------------+---------------------------------------------------------+
| 6580940135 | <http://lod2.eu/schemas/rdfh#lo_orderdateYear1997>  | <http://lod2.eu/schemas/rdfh#lo_partkeyBrand1MFGR-1227> |
+------------+-----------------------------------------------------+---------------------------------------------------------+
| 7573027340 | <http://lod2.eu/schemas/rdfh#lo_orderdateYear1997>  | <http://lod2.eu/schemas/rdfh#lo_partkeyBrand1MFGR-1228> |
+------------+-----------------------------------------------------+---------------------------------------------------------+
| 6614661298 | <http://lod2.eu/schemas/rdfh#lo_orderdateYear1997>  | <http://lod2.eu/schemas/rdfh#lo_partkeyBrand1MFGR-1229> |
+------------+-----------------------------------------------------+---------------------------------------------------------+
| 6890416180 | <http://lod2.eu/schemas/rdfh#lo_orderdateYear1997>  | <http://lod2.eu/schemas/rdfh#lo_partkeyBrand1MFGR-122>  |
+------------+-----------------------------------------------------+---------------------------------------------------------+
| 6745438347 | <http://lod2.eu/schemas/rdfh#lo_orderdateYear1997>  | <http://lod2.eu/schemas/rdfh#lo_partkeyBrand1MFGR-1230> |
+------------+-----------------------------------------------------+---------------------------------------------------------+
| 6184992923 | <http://lod2.eu/schemas/rdfh#lo_orderdateYear1997>  | <http://lod2.eu/schemas/rdfh#lo_partkeyBrand1MFGR-1231> |
+------------+-----------------------------------------------------+---------------------------------------------------------+
| 7130260446 | <http://lod2.eu/schemas/rdfh#lo_orderdateYear1997>  | <http://lod2.eu/schemas/rdfh#lo_partkeyBrand1MFGR-1232> |
+------------+-----------------------------------------------------+---------------------------------------------------------+
| 6755654898 | <http://lod2.eu/schemas/rdfh#lo_orderdateYear1997>  | <http://lod2.eu/schemas/rdfh#lo_partkeyBrand1MFGR-1233> |
+------------+-----------------------------------------------------+---------------------------------------------------------+
| 6785666627 | <http://lod2.eu/schemas/rdfh#lo_orderdateYear1997>  | <http://lod2.eu/schemas/rdfh#lo_partkeyBrand1MFGR-1234> |
+------------+-----------------------------------------------------+---------------------------------------------------------+
| 7010120097 | <http://lod2.eu/schemas/rdfh#lo_orderdateYear1997>  | <http://lod2.eu/schemas/rdfh#lo_partkeyBrand1MFGR-1235> |
+------------+-----------------------------------------------------+---------------------------------------------------------+
| 6839863219 | <http://lod2.eu/schemas/rdfh#lo_orderdateYear1997>  | <http://lod2.eu/schemas/rdfh#lo_partkeyBrand1MFGR-1236> |
+------------+-----------------------------------------------------+---------------------------------------------------------+
| 7041104465 | <http://lod2.eu/schemas/rdfh#lo_orderdateYear1997>  | <http://lod2.eu/schemas/rdfh#lo_partkeyBrand1MFGR-1237> |
+------------+-----------------------------------------------------+---------------------------------------------------------+
| 6161765944 | <http://lod2.eu/schemas/rdfh#lo_orderdateYear1997>  | <http://lod2.eu/schemas/rdfh#lo_partkeyBrand1MFGR-1238> |
+------------+-----------------------------------------------------+---------------------------------------------------------+
| 6420560847 | <http://lod2.eu/schemas/rdfh#lo_orderdateYear1997>  | <http://lod2.eu/schemas/rdfh#lo_partkeyBrand1MFGR-1239> |
+------------+-----------------------------------------------------+---------------------------------------------------------+
| 6571540214 | <http://lod2.eu/schemas/rdfh#lo_orderdateYear1997>  | <http://lod2.eu/schemas/rdfh#lo_partkeyBrand1MFGR-123>  |
+------------+-----------------------------------------------------+---------------------------------------------------------+
| 6791270791 | <http://lod2.eu/schemas/rdfh#lo_orderdateYear1997>  | <http://lod2.eu/schemas/rdfh#lo_partkeyBrand1MFGR-1240> |
+------------+-----------------------------------------------------+---------------------------------------------------------+
| 7045010342 | <http://lod2.eu/schemas/rdfh#lo_orderdateYear1997>  | <http://lod2.eu/schemas/rdfh#lo_partkeyBrand1MFGR-124>  |
+------------+-----------------------------------------------------+---------------------------------------------------------+
| 6510029432 | <http://lod2.eu/schemas/rdfh#lo_orderdateYear1997>  | <http://lod2.eu/schemas/rdfh#lo_partkeyBrand1MFGR-125>  |
+------------+-----------------------------------------------------+---------------------------------------------------------+
| 6390521469 | <http://lod2.eu/schemas/rdfh#lo_orderdateYear1997>  | <http://lod2.eu/schemas/rdfh#lo_partkeyBrand1MFGR-126>  |
+------------+-----------------------------------------------------+---------------------------------------------------------+
| 6825894334 | <http://lod2.eu/schemas/rdfh#lo_orderdateYear1997>  | <http://lod2.eu/schemas/rdfh#lo_partkeyBrand1MFGR-127>  |
+------------+-----------------------------------------------------+---------------------------------------------------------+
| 6656963454 | <http://lod2.eu/schemas/rdfh#lo_orderdateYear1997>  | <http://lod2.eu/schemas/rdfh#lo_partkeyBrand1MFGR-128>  |
+------------+-----------------------------------------------------+---------------------------------------------------------+
| 6096975918 | <http://lod2.eu/schemas/rdfh#lo_orderdateYear1997>  | <http://lod2.eu/schemas/rdfh#lo_partkeyBrand1MFGR-129>  |
+------------+-----------------------------------------------------+---------------------------------------------------------+
| 4162459164 | <http://lod2.eu/schemas/rdfh#lo_orderdateYear1998>  | <http://lod2.eu/schemas/rdfh#lo_partkeyBrand1MFGR-1210> |
+------------+-----------------------------------------------------+---------------------------------------------------------+
| 4259523518 | <http://lod2.eu/schemas/rdfh#lo_orderdateYear1998>  | <http://lod2.eu/schemas/rdfh#lo_partkeyBrand1MFGR-1211> |
+------------+-----------------------------------------------------+---------------------------------------------------------+
| 3553327368 | <http://lod2.eu/schemas/rdfh#lo_orderdateYear1998>  | <http://lod2.eu/schemas/rdfh#lo_partkeyBrand1MFGR-1212> |
+------------+-----------------------------------------------------+---------------------------------------------------------+
| 3804080515 | <http://lod2.eu/schemas/rdfh#lo_orderdateYear1998>  | <http://lod2.eu/schemas/rdfh#lo_partkeyBrand1MFGR-1213> |
+------------+-----------------------------------------------------+---------------------------------------------------------+
| 3958631518 | <http://lod2.eu/schemas/rdfh#lo_orderdateYear1998>  | <http://lod2.eu/schemas/rdfh#lo_partkeyBrand1MFGR-1214> |
+------------+-----------------------------------------------------+---------------------------------------------------------+
| 3959735030 | <http://lod2.eu/schemas/rdfh#lo_orderdateYear1998>  | <http://lod2.eu/schemas/rdfh#lo_partkeyBrand1MFGR-1215> |
+------------+-----------------------------------------------------+---------------------------------------------------------+
| 3936336506 | <http://lod2.eu/schemas/rdfh#lo_orderdateYear1998>  | <http://lod2.eu/schemas/rdfh#lo_partkeyBrand1MFGR-1216> |
+------------+-----------------------------------------------------+---------------------------------------------------------+
| 4195358018 | <http://lod2.eu/schemas/rdfh#lo_orderdateYear1998>  | <http://lod2.eu/schemas/rdfh#lo_partkeyBrand1MFGR-1217> |
+------------+-----------------------------------------------------+---------------------------------------------------------+
| 3959867848 | <http://lod2.eu/schemas/rdfh#lo_orderdateYear1998>  | <http://lod2.eu/schemas/rdfh#lo_partkeyBrand1MFGR-1218> |
+------------+-----------------------------------------------------+---------------------------------------------------------+
| 3972101307 | <http://lod2.eu/schemas/rdfh#lo_orderdateYear1998>  | <http://lod2.eu/schemas/rdfh#lo_partkeyBrand1MFGR-1219> |
+------------+-----------------------------------------------------+---------------------------------------------------------+
| 3698210388 | <http://lod2.eu/schemas/rdfh#lo_orderdateYear1998>  | <http://lod2.eu/schemas/rdfh#lo_partkeyBrand1MFGR-121>  |
+------------+-----------------------------------------------------+---------------------------------------------------------+
| 3846617983 | <http://lod2.eu/schemas/rdfh#lo_orderdateYear1998>  | <http://lod2.eu/schemas/rdfh#lo_partkeyBrand1MFGR-1220> |
+------------+-----------------------------------------------------+---------------------------------------------------------+
| 4130144930 | <http://lod2.eu/schemas/rdfh#lo_orderdateYear1998>  | <http://lod2.eu/schemas/rdfh#lo_partkeyBrand1MFGR-1221> |
+------------+-----------------------------------------------------+---------------------------------------------------------+
| 3835627586 | <http://lod2.eu/schemas/rdfh#lo_orderdateYear1998>  | <http://lod2.eu/schemas/rdfh#lo_partkeyBrand1MFGR-1222> |
+------------+-----------------------------------------------------+---------------------------------------------------------+
| 3948296506 | <http://lod2.eu/schemas/rdfh#lo_orderdateYear1998>  | <http://lod2.eu/schemas/rdfh#lo_partkeyBrand1MFGR-1223> |
+------------+-----------------------------------------------------+---------------------------------------------------------+
| 4229058658 | <http://lod2.eu/schemas/rdfh#lo_orderdateYear1998>  | <http://lod2.eu/schemas/rdfh#lo_partkeyBrand1MFGR-1224> |
+------------+-----------------------------------------------------+---------------------------------------------------------+
| 3979838975 | <http://lod2.eu/schemas/rdfh#lo_orderdateYear1998>  | <http://lod2.eu/schemas/rdfh#lo_partkeyBrand1MFGR-1225> |
+------------+-----------------------------------------------------+---------------------------------------------------------+
| 4322914592 | <http://lod2.eu/schemas/rdfh#lo_orderdateYear1998>  | <http://lod2.eu/schemas/rdfh#lo_partkeyBrand1MFGR-1226> |
+------------+-----------------------------------------------------+---------------------------------------------------------+
| 3835167462 | <http://lod2.eu/schemas/rdfh#lo_orderdateYear1998>  | <http://lod2.eu/schemas/rdfh#lo_partkeyBrand1MFGR-1227> |
+------------+-----------------------------------------------------+---------------------------------------------------------+
| 4445654176 | <http://lod2.eu/schemas/rdfh#lo_orderdateYear1998>  | <http://lod2.eu/schemas/rdfh#lo_partkeyBrand1MFGR-1228> |
+------------+-----------------------------------------------------+---------------------------------------------------------+
| 3725370328 | <http://lod2.eu/schemas/rdfh#lo_orderdateYear1998>  | <http://lod2.eu/schemas/rdfh#lo_partkeyBrand1MFGR-1229> |
+------------+-----------------------------------------------------+---------------------------------------------------------+
| 4204327203 | <http://lod2.eu/schemas/rdfh#lo_orderdateYear1998>  | <http://lod2.eu/schemas/rdfh#lo_partkeyBrand1MFGR-122>  |
+------------+-----------------------------------------------------+---------------------------------------------------------+
| 3683114400 | <http://lod2.eu/schemas/rdfh#lo_orderdateYear1998>  | <http://lod2.eu/schemas/rdfh#lo_partkeyBrand1MFGR-1230> |
+------------+-----------------------------------------------------+---------------------------------------------------------+
| 3792560046 | <http://lod2.eu/schemas/rdfh#lo_orderdateYear1998>  | <http://lod2.eu/schemas/rdfh#lo_partkeyBrand1MFGR-1231> |
+------------+-----------------------------------------------------+---------------------------------------------------------+
| 4364145775 | <http://lod2.eu/schemas/rdfh#lo_orderdateYear1998>  | <http://lod2.eu/schemas/rdfh#lo_partkeyBrand1MFGR-1232> |
+------------+-----------------------------------------------------+---------------------------------------------------------+
| 4000181003 | <http://lod2.eu/schemas/rdfh#lo_orderdateYear1998>  | <http://lod2.eu/schemas/rdfh#lo_partkeyBrand1MFGR-1233> |
+------------+-----------------------------------------------------+---------------------------------------------------------+
| 3680466597 | <http://lod2.eu/schemas/rdfh#lo_orderdateYear1998>  | <http://lod2.eu/schemas/rdfh#lo_partkeyBrand1MFGR-1234> |
+------------+-----------------------------------------------------+---------------------------------------------------------+
| 4382878336 | <http://lod2.eu/schemas/rdfh#lo_orderdateYear1998>  | <http://lod2.eu/schemas/rdfh#lo_partkeyBrand1MFGR-1235> |
+------------+-----------------------------------------------------+---------------------------------------------------------+
| 4144643700 | <http://lod2.eu/schemas/rdfh#lo_orderdateYear1998>  | <http://lod2.eu/schemas/rdfh#lo_partkeyBrand1MFGR-1236> |
+------------+-----------------------------------------------------+---------------------------------------------------------+
| 3945668122 | <http://lod2.eu/schemas/rdfh#lo_orderdateYear1998>  | <http://lod2.eu/schemas/rdfh#lo_partkeyBrand1MFGR-1237> |
+------------+-----------------------------------------------------+---------------------------------------------------------+
| 3589143954 | <http://lod2.eu/schemas/rdfh#lo_orderdateYear1998>  | <http://lod2.eu/schemas/rdfh#lo_partkeyBrand1MFGR-1238> |
+------------+-----------------------------------------------------+---------------------------------------------------------+
| 3695789321 | <http://lod2.eu/schemas/rdfh#lo_orderdateYear1998>  | <http://lod2.eu/schemas/rdfh#lo_partkeyBrand1MFGR-1239> |
+------------+-----------------------------------------------------+---------------------------------------------------------+
| 3978744872 | <http://lod2.eu/schemas/rdfh#lo_orderdateYear1998>  | <http://lod2.eu/schemas/rdfh#lo_partkeyBrand1MFGR-123>  |
+------------+-----------------------------------------------------+---------------------------------------------------------+
| 4070644777 | <http://lod2.eu/schemas/rdfh#lo_orderdateYear1998>  | <http://lod2.eu/schemas/rdfh#lo_partkeyBrand1MFGR-1240> |
+------------+-----------------------------------------------------+---------------------------------------------------------+
| 4258248122 | <http://lod2.eu/schemas/rdfh#lo_orderdateYear1998>  | <http://lod2.eu/schemas/rdfh#lo_partkeyBrand1MFGR-124>  |
+------------+-----------------------------------------------------+---------------------------------------------------------+
| 3893760987 | <http://lod2.eu/schemas/rdfh#lo_orderdateYear1998>  | <http://lod2.eu/schemas/rdfh#lo_partkeyBrand1MFGR-125>  |
+------------+-----------------------------------------------------+---------------------------------------------------------+
| 3755042585 | <http://lod2.eu/schemas/rdfh#lo_orderdateYear1998>  | <http://lod2.eu/schemas/rdfh#lo_partkeyBrand1MFGR-126>  |
+------------+-----------------------------------------------------+---------------------------------------------------------+
| 4019728654 | <http://lod2.eu/schemas/rdfh#lo_orderdateYear1998>  | <http://lod2.eu/schemas/rdfh#lo_partkeyBrand1MFGR-127>  |
+------------+-----------------------------------------------------+---------------------------------------------------------+
| 3860509210 | <http://lod2.eu/schemas/rdfh#lo_orderdateYear1998>  | <http://lod2.eu/schemas/rdfh#lo_partkeyBrand1MFGR-128>  |
+------------+-----------------------------------------------------+---------------------------------------------------------+
| 3424123719 | <http://lod2.eu/schemas/rdfh#lo_orderdateYear1998>  | <http://lod2.eu/schemas/rdfh#lo_partkeyBrand1MFGR-129>  |
+------------+-----------------------------------------------------+---------------------------------------------------------+


Execution Time: 120

