|                                                                                                                                                                                                                             | LO_REVENUE  |
+----------------------------------------------------+----------------------------------------------------+---------------------------------------------------------+---------------------------------------------------------+-------------+
| <http://lod2.eu/schemas/rdfh#lo_orderdateYear1992> | <http://lod2.eu/schemas/rdfh#lo_partkeyMfgrMFGR-2> | <http://lod2.eu/schemas/rdfh#lo_partkeyCategoryMFGR-22> | <http://lod2.eu/schemas/rdfh#lo_partkeyBrand1MFGR-2221> | 727.631.613 |
|                                                    |                                                    |                                                         | <http://lod2.eu/schemas/rdfh#lo_partkeyBrand1MFGR-2222> | 741.272.033 |
|                                                    |                                                    |                                                         | <http://lod2.eu/schemas/rdfh#lo_partkeyBrand1MFGR-2223> | 626.168.815 |
|                                                    |                                                    |                                                         | <http://lod2.eu/schemas/rdfh#lo_partkeyBrand1MFGR-2224> | 598.180.490 |
|                                                    |                                                    |                                                         | <http://lod2.eu/schemas/rdfh#lo_partkeyBrand1MFGR-2225> | 736.184.437 |
|                                                    |                                                    |                                                         | <http://lod2.eu/schemas/rdfh#lo_partkeyBrand1MFGR-2226> | 638.772.457 |
|                                                    |                                                    |                                                         | <http://lod2.eu/schemas/rdfh#lo_partkeyBrand1MFGR-2227> | 868.256.671 |
|                                                    |                                                    |                                                         | <http://lod2.eu/schemas/rdfh#lo_partkeyBrand1MFGR-2228> | 853.943.224 |
| <http://lod2.eu/schemas/rdfh#lo_orderdateYear1993> | <http://lod2.eu/schemas/rdfh#lo_partkeyMfgrMFGR-2> | <http://lod2.eu/schemas/rdfh#lo_partkeyCategoryMFGR-22> | <http://lod2.eu/schemas/rdfh#lo_partkeyBrand1MFGR-2221> | 611.457.984 |
|                                                    |                                                    |                                                         | <http://lod2.eu/schemas/rdfh#lo_partkeyBrand1MFGR-2222> | 718.452.843 |
|                                                    |                                                    |                                                         | <http://lod2.eu/schemas/rdfh#lo_partkeyBrand1MFGR-2223> | 746.758.314 |
|                                                    |                                                    |                                                         | <http://lod2.eu/schemas/rdfh#lo_partkeyBrand1MFGR-2224> | 726.921.617 |
|                                                    |                                                    |                                                         | <http://lod2.eu/schemas/rdfh#lo_partkeyBrand1MFGR-2225> | 628.016.218 |
|                                                    |                                                    |                                                         | <http://lod2.eu/schemas/rdfh#lo_partkeyBrand1MFGR-2226> | 758.547.923 |
|                                                    |                                                    |                                                         | <http://lod2.eu/schemas/rdfh#lo_partkeyBrand1MFGR-2227> | 728.174.804 |
|                                                    |                                                    |                                                         | <http://lod2.eu/schemas/rdfh#lo_partkeyBrand1MFGR-2228> | 745.199.939 |
| <http://lod2.eu/schemas/rdfh#lo_orderdateYear1994> | <http://lod2.eu/schemas/rdfh#lo_partkeyMfgrMFGR-2> | <http://lod2.eu/schemas/rdfh#lo_partkeyCategoryMFGR-22> | <http://lod2.eu/schemas/rdfh#lo_partkeyBrand1MFGR-2221> | 722.018.144 |
|                                                    |                                                    |                                                         | <http://lod2.eu/schemas/rdfh#lo_partkeyBrand1MFGR-2222> | 743.224.189 |
|                                                    |                                                    |                                                         | <http://lod2.eu/schemas/rdfh#lo_partkeyBrand1MFGR-2223> | 761.380.664 |
|                                                    |                                                    |                                                         | <http://lod2.eu/schemas/rdfh#lo_partkeyBrand1MFGR-2224> | 692.231.505 |
|                                                    |                                                    |                                                         | <http://lod2.eu/schemas/rdfh#lo_partkeyBrand1MFGR-2225> | 730.894.538 |
|                                                    |                                                    |                                                         | <http://lod2.eu/schemas/rdfh#lo_partkeyBrand1MFGR-2226> | 815.403.522 |
|                                                    |                                                    |                                                         | <http://lod2.eu/schemas/rdfh#lo_partkeyBrand1MFGR-2227> | 764.799.163 |
|                                                    |                                                    |                                                         | <http://lod2.eu/schemas/rdfh#lo_partkeyBrand1MFGR-2228> | 942.698.329 |
| <http://lod2.eu/schemas/rdfh#lo_orderdateYear1995> | <http://lod2.eu/schemas/rdfh#lo_partkeyMfgrMFGR-2> | <http://lod2.eu/schemas/rdfh#lo_partkeyCategoryMFGR-22> | <http://lod2.eu/schemas/rdfh#lo_partkeyBrand1MFGR-2221> | 672.713.827 |
|                                                    |                                                    |                                                         | <http://lod2.eu/schemas/rdfh#lo_partkeyBrand1MFGR-2222> | 794.459.636 |
|                                                    |                                                    |                                                         | <http://lod2.eu/schemas/rdfh#lo_partkeyBrand1MFGR-2223> | 701.528.123 |
|                                                    |                                                    |                                                         | <http://lod2.eu/schemas/rdfh#lo_partkeyBrand1MFGR-2224> | 734.640.923 |
|                                                    |                                                    |                                                         | <http://lod2.eu/schemas/rdfh#lo_partkeyBrand1MFGR-2225> | 821.518.075 |
|                                                    |                                                    |                                                         | <http://lod2.eu/schemas/rdfh#lo_partkeyBrand1MFGR-2226> | 853.401.620 |
|                                                    |                                                    |                                                         | <http://lod2.eu/schemas/rdfh#lo_partkeyBrand1MFGR-2227> | 714.363.315 |
|                                                    |                                                    |                                                         | <http://lod2.eu/schemas/rdfh#lo_partkeyBrand1MFGR-2228> | 762.185.746 |
| <http://lod2.eu/schemas/rdfh#lo_orderdateYear1996> | <http://lod2.eu/schemas/rdfh#lo_partkeyMfgrMFGR-2> | <http://lod2.eu/schemas/rdfh#lo_partkeyCategoryMFGR-22> | <http://lod2.eu/schemas/rdfh#lo_partkeyBrand1MFGR-2221> | 782.960.624 |
|                                                    |                                                    |                                                         | <http://lod2.eu/schemas/rdfh#lo_partkeyBrand1MFGR-2222> | 711.305.796 |
|                                                    |                                                    |                                                         | <http://lod2.eu/schemas/rdfh#lo_partkeyBrand1MFGR-2223> | 678.327.632 |
|                                                    |                                                    |                                                         | <http://lod2.eu/schemas/rdfh#lo_partkeyBrand1MFGR-2224> | 737.341.506 |
|                                                    |                                                    |                                                         | <http://lod2.eu/schemas/rdfh#lo_partkeyBrand1MFGR-2225> | 637.345.890 |
|                                                    |                                                    |                                                         | <http://lod2.eu/schemas/rdfh#lo_partkeyBrand1MFGR-2226> | 773.019.225 |
|                                                    |                                                    |                                                         | <http://lod2.eu/schemas/rdfh#lo_partkeyBrand1MFGR-2227> | 780.752.389 |
|                                                    |                                                    |                                                         | <http://lod2.eu/schemas/rdfh#lo_partkeyBrand1MFGR-2228> | 604.737.616 |
| <http://lod2.eu/schemas/rdfh#lo_orderdateYear1997> | <http://lod2.eu/schemas/rdfh#lo_partkeyMfgrMFGR-2> | <http://lod2.eu/schemas/rdfh#lo_partkeyCategoryMFGR-22> | <http://lod2.eu/schemas/rdfh#lo_partkeyBrand1MFGR-2221> | 761.422.655 |
|                                                    |                                                    |                                                         | <http://lod2.eu/schemas/rdfh#lo_partkeyBrand1MFGR-2222> | 721.049.917 |
|                                                    |                                                    |                                                         | <http://lod2.eu/schemas/rdfh#lo_partkeyBrand1MFGR-2223> | 772.577.795 |
|                                                    |                                                    |                                                         | <http://lod2.eu/schemas/rdfh#lo_partkeyBrand1MFGR-2224> | 651.857.112 |
|                                                    |                                                    |                                                         | <http://lod2.eu/schemas/rdfh#lo_partkeyBrand1MFGR-2225> | 725.514.405 |
|                                                    |                                                    |                                                         | <http://lod2.eu/schemas/rdfh#lo_partkeyBrand1MFGR-2226> | 768.637.418 |
|                                                    |                                                    |                                                         | <http://lod2.eu/schemas/rdfh#lo_partkeyBrand1MFGR-2227> | 716.875.017 |
|                                                    |                                                    |                                                         | <http://lod2.eu/schemas/rdfh#lo_partkeyBrand1MFGR-2228> | 814.292.702 |
| <http://lod2.eu/schemas/rdfh#lo_orderdateYear1998> | <http://lod2.eu/schemas/rdfh#lo_partkeyMfgrMFGR-2> | <http://lod2.eu/schemas/rdfh#lo_partkeyCategoryMFGR-22> | <http://lod2.eu/schemas/rdfh#lo_partkeyBrand1MFGR-2221> | 406.421.352 |
|                                                    |                                                    |                                                         | <http://lod2.eu/schemas/rdfh#lo_partkeyBrand1MFGR-2222> | 410.467.506 |
|                                                    |                                                    |                                                         | <http://lod2.eu/schemas/rdfh#lo_partkeyBrand1MFGR-2223> | 429.233.482 |
|                                                    |                                                    |                                                         | <http://lod2.eu/schemas/rdfh#lo_partkeyBrand1MFGR-2224> | 397.976.786 |
|                                                    |                                                    |                                                         | <http://lod2.eu/schemas/rdfh#lo_partkeyBrand1MFGR-2225> | 442.503.354 |
|                                                    |                                                    |                                                         | <http://lod2.eu/schemas/rdfh#lo_partkeyBrand1MFGR-2226> | 506.406.124 |
|                                                    |                                                    |                                                         | <http://lod2.eu/schemas/rdfh#lo_partkeyBrand1MFGR-2227> | 426.447.866 |
|                                                    |                                                    |                                                         | <http://lod2.eu/schemas/rdfh#lo_partkeyBrand1MFGR-2228> | 480.891.082 |
Execution Time: 5724

