#####################################
   Move ntriples.tar.gz to HDFS...
#####################################
182

############################
   Execute ETL Process...
############################
INFO  HiveConnection:21 - Hive Connection to 10.0.0.100:10000/default Established...

INFO  HiveTableGenerator:58 - Create External Triples Table 'qb_triples'...
INFO  HiveTableGenerator:74 - Create Optimized Triples Table 'qb_triples_opt'...
INFO  ETLProcess:33 - Execution Time Component 1: 1807480
INFO  ETLProcess:38 - Component 2: Load MDM Models form Hive Table 'qb_triples_opt'...
INFO  MeasuresLoader:31 - Loading all Measures...
INFO  DimensionsLoader:38 - Loading all Dimensions, Hierarchies and Levels...
INFO  FactGenerator:27 - Generating Fact Model...
INFO  ETLProcess:45 - Execution Time Component 2: 1103430
INFO  ETLProcess:50 - Component 3: Create Star Schema from Hive Table 'qb_triples_opt'...
INFO  HiveTableGenerator:91 - Create Star Schema Dimension Tables...
INFO  HiveTableGenerator:94 - Create Dimension Table: 'LO_PARTKEY'...
INFO  HiveTableGenerator:94 - Create Dimension Table: 'LO_CUSTKEY'...
INFO  HiveTableGenerator:94 - Create Dimension Table: 'LO_SUPPKEY'...
INFO  HiveTableGenerator:94 - Create Dimension Table: 'LO_ORDERDATE'...
INFO  HiveTableGenerator:122 - Create Hive Fact Table 'facts'...
INFO  ETLProcess:64 - Execution Time Component 3: 1331450
INFO  ETLProcess:65 - Component 3: Star Schema created!
INFO  ETLProcess:70 - Component 4: Create Kylin Cube...
INFO  Kylin:43 - Create Kylin project 'ssb20151214_003657'...
INFO  Kylin:52 - Sync Hive Tables 'LO_PARTKEY,LO_CUSTKEY,LO_SUPPKEY,LO_ORDERDATE,FACTS' to Kylin...
INFO  Kylin:61 - Create Cube Model 'ssb20151214_003657_cube' in Kylin...
INFO  Kylin:72 - Build Cube 'ssb20151214_003657_cube'...
INFO  Kylin:73 - Info: This take a while... ... ... ... ...
INFO  Kylin:109 - Cube 'ssb20151214_003657_cube' successfully built!
INFO  Kylin:110 - Have fun with your OLAP Cube ;)
INFO  ETLProcess:81 - Execution Time Component 4: 2844720
INFO  ETLProcess:82 - Component 4: Kylin Cube created!
INFO  ETLProcess:87 - Component 5: Create Mondrian Schema...
INFO  MondrianSchema:236 - Mondrian schema saved: /home/ec2-user/development/evaluation/mondrian/schema.xml
INFO  ETLProcess:94 - Execution Time Component 4: 80
INFO  ETLProcess:95 - Component 5: Mondrian Schema created!
INFO  ETLProcess:99 - Execution Time Global: 7087304
