
Version:                Openlink BIBM Test Driver 0.7.7
Start date:             Fri Dec 18 11:42:11 EST 2015
Scale factor:           1.0
Explore Endpoint:       jdbc:mysql://localhost/ssb1?user=root
Update Endpoint:        jdbc:mysql://localhost/ssb1?user=root
Use case:               /home/ec2-user/development/evaluation/bibm/./../mysql/queries
Query Streams of Throughput Test:1
Seed:                   808080
TPC-H Power:            45.5 qph*scale (geom)
TPC-H Throughput:       0.0 qph*scale
TPC-H Composite:        0.0
Measurment Interval:    1450458452.0 seconds

Duration of stream execution:
                Query Start         Query End       Duration     RF1 Start           RF2 End           RF2 Start          RF2 End  
Stream 1:	18/12/2015 11:42:11	18/12/2015 12:07:31	00:25:20	

TPC Timing intervals (in seconds):

Query		Q1	Q2	Q3	Q4	Q5	Q6	Q7	Q8	
Stream 1:	12.1	8.7	8.7	159.4	157.7	156.5	158.3	134.4	
Minimum: 	12.1	8.7	8.7	159.4	157.7	156.5	158.3	134.4	
Maximum: 	12.1	8.7	8.7	159.4	157.7	156.5	158.3	134.4	
Average: 	12.1	8.7	8.7	159.4	157.7	156.5	158.3	134.4	

Query		Q9	Q10	Q11	Q12	Q13	Q14	Q15	Q16	
Stream 1:	131.7	131.7	165.8	160.6	134.5	    	    	    	
Minimum: 	131.7	131.7	165.8	160.6	134.5	    	    	    	
Maximum: 	131.7	131.7	165.8	160.6	134.5	    	    	    	
Average: 	131.7	131.7	165.8	160.6	134.5	    	    	    	

Query		Q17	Q18	Q19	Q20	Q21	Q22	RF1	RF2	
Stream 1:	    	    	    	    	    	    	    	    	
Minimum: 	    	    	    	    	    	    	    	    	
Maximum: 	    	    	    	    	    	    	    	    	
Average: 	    	    	    	    	    	    	    	    	

