
Version:                Openlink BIBM Test Driver 0.7.7
Start date:             Fri Dec 18 11:10:51 EST 2015
Scale factor:           1.0
Explore Endpoint:       jdbc:mysql://localhost/ssb1?user=root
Update Endpoint:        jdbc:mysql://localhost/ssb1?user=root
Use case:               /home/ec2-user/development/evaluation/bibm/./../mysql/queries
Query Streams of Throughput Test:1
Seed:                   808080
TPC-H Power:            45.5 qph*scale (geom)
TPC-H Throughput:       0.0 qph*scale
TPC-H Composite:        0.0
Measurment Interval:    1450456571.8 seconds

Duration of stream execution:
                Query Start         Query End       Duration     RF1 Start           RF2 End           RF2 Start          RF2 End  
Stream 1:	18/12/2015 11:10:52	18/12/2015 11:36:11	00:25:19	

TPC Timing intervals (in seconds):

Query		Q1	Q2	Q3	Q4	Q5	Q6	Q7	Q8	
Stream 1:	12.1	8.7	8.7	158.2	157.5	155.7	158.6	135.4	
Minimum: 	12.1	8.7	8.7	158.2	157.5	155.7	158.6	135.4	
Maximum: 	12.1	8.7	8.7	158.2	157.5	155.7	158.6	135.4	
Average: 	12.1	8.7	8.7	158.2	157.5	155.7	158.6	135.4	

Query		Q9	Q10	Q11	Q12	Q13	Q14	Q15	Q16	
Stream 1:	131.5	131.0	164.4	162.4	135.4	    	    	    	
Minimum: 	131.5	131.0	164.4	162.4	135.4	    	    	    	
Maximum: 	131.5	131.0	164.4	162.4	135.4	    	    	    	
Average: 	131.5	131.0	164.4	162.4	135.4	    	    	    	

Query		Q17	Q18	Q19	Q20	Q21	Q22	RF1	RF2	
Stream 1:	    	    	    	    	    	    	    	    	
Minimum: 	    	    	    	    	    	    	    	    	
Maximum: 	    	    	    	    	    	    	    	    	
Average: 	    	    	    	    	    	    	    	    	

