|                                                                                                                                                                                                                             | LO_REVENUE  |
+----------------------------------------------------+----------------------------------------------------+---------------------------------------------------------+---------------------------------------------------------+-------------+
| <http://lod2.eu/schemas/rdfh#lo_orderdateYear1992> | <http://lod2.eu/schemas/rdfh#lo_partkeyMfgrMFGR-1> | <http://lod2.eu/schemas/rdfh#lo_partkeyCategoryMFGR-12> | <http://lod2.eu/schemas/rdfh#lo_partkeyBrand1MFGR-1210> | 568.030.008 |
|                                                    |                                                    |                                                         | <http://lod2.eu/schemas/rdfh#lo_partkeyBrand1MFGR-1211> | 552.505.432 |
|                                                    |                                                    |                                                         | <http://lod2.eu/schemas/rdfh#lo_partkeyBrand1MFGR-1212> | 683.486.709 |
|                                                    |                                                    |                                                         | <http://lod2.eu/schemas/rdfh#lo_partkeyBrand1MFGR-1213> | 615.323.918 |
|                                                    |                                                    |                                                         | <http://lod2.eu/schemas/rdfh#lo_partkeyBrand1MFGR-1214> | 616.842.823 |
|                                                    |                                                    |                                                         | <http://lod2.eu/schemas/rdfh#lo_partkeyBrand1MFGR-1215> | 648.939.249 |
|                                                    |                                                    |                                                         | <http://lod2.eu/schemas/rdfh#lo_partkeyBrand1MFGR-1216> | 643.585.438 |
|                                                    |                                                    |                                                         | <http://lod2.eu/schemas/rdfh#lo_partkeyBrand1MFGR-1217> | 835.229.424 |
|                                                    |                                                    |                                                         | <http://lod2.eu/schemas/rdfh#lo_partkeyBrand1MFGR-1218> | 606.804.083 |
|                                                    |                                                    |                                                         | <http://lod2.eu/schemas/rdfh#lo_partkeyBrand1MFGR-1219> | 563.125.277 |
|                                                    |                                                    |                                                         | <http://lod2.eu/schemas/rdfh#lo_partkeyBrand1MFGR-121>  | 667.692.830 |
|                                                    |                                                    |                                                         | <http://lod2.eu/schemas/rdfh#lo_partkeyBrand1MFGR-1220> | 532.641.178 |
|                                                    |                                                    |                                                         | <http://lod2.eu/schemas/rdfh#lo_partkeyBrand1MFGR-1221> | 580.700.081 |
|                                                    |                                                    |                                                         | <http://lod2.eu/schemas/rdfh#lo_partkeyBrand1MFGR-1222> | 708.154.271 |
|                                                    |                                                    |                                                         | <http://lod2.eu/schemas/rdfh#lo_partkeyBrand1MFGR-1223> | 550.780.875 |
|                                                    |                                                    |                                                         | <http://lod2.eu/schemas/rdfh#lo_partkeyBrand1MFGR-1224> | 666.115.790 |
|                                                    |                                                    |                                                         | <http://lod2.eu/schemas/rdfh#lo_partkeyBrand1MFGR-1225> | 563.126.392 |
|                                                    |                                                    |                                                         | <http://lod2.eu/schemas/rdfh#lo_partkeyBrand1MFGR-1226> | 635.218.940 |
|                                                    |                                                    |                                                         | <http://lod2.eu/schemas/rdfh#lo_partkeyBrand1MFGR-1227> | 572.245.240 |
|                                                    |                                                    |                                                         | <http://lod2.eu/schemas/rdfh#lo_partkeyBrand1MFGR-1228> | 550.885.740 |
|                                                    |                                                    |                                                         | <http://lod2.eu/schemas/rdfh#lo_partkeyBrand1MFGR-1229> | 587.150.187 |
|                                                    |                                                    |                                                         | <http://lod2.eu/schemas/rdfh#lo_partkeyBrand1MFGR-122>  | 726.185.813 |
|                                                    |                                                    |                                                         | <http://lod2.eu/schemas/rdfh#lo_partkeyBrand1MFGR-1230> | 570.770.198 |
|                                                    |                                                    |                                                         | <http://lod2.eu/schemas/rdfh#lo_partkeyBrand1MFGR-1231> | 505.686.238 |
|                                                    |                                                    |                                                         | <http://lod2.eu/schemas/rdfh#lo_partkeyBrand1MFGR-1232> | 659.161.892 |
|                                                    |                                                    |                                                         | <http://lod2.eu/schemas/rdfh#lo_partkeyBrand1MFGR-1233> | 683.613.372 |
|                                                    |                                                    |                                                         | <http://lod2.eu/schemas/rdfh#lo_partkeyBrand1MFGR-1234> | 596.447.019 |
|                                                    |                                                    |                                                         | <http://lod2.eu/schemas/rdfh#lo_partkeyBrand1MFGR-1235> | 584.148.212 |
|                                                    |                                                    |                                                         | <http://lod2.eu/schemas/rdfh#lo_partkeyBrand1MFGR-1236> | 608.850.090 |
|                                                    |                                                    |                                                         | <http://lod2.eu/schemas/rdfh#lo_partkeyBrand1MFGR-1237> | 528.499.174 |
|                                                    |                                                    |                                                         | <http://lod2.eu/schemas/rdfh#lo_partkeyBrand1MFGR-1238> | 562.479.392 |
|                                                    |                                                    |                                                         | <http://lod2.eu/schemas/rdfh#lo_partkeyBrand1MFGR-1239> | 577.189.974 |
|                                                    |                                                    |                                                         | <http://lod2.eu/schemas/rdfh#lo_partkeyBrand1MFGR-123>  | 755.098.322 |
|                                                    |                                                    |                                                         | <http://lod2.eu/schemas/rdfh#lo_partkeyBrand1MFGR-1240> | 746.865.248 |
|                                                    |                                                    |                                                         | <http://lod2.eu/schemas/rdfh#lo_partkeyBrand1MFGR-124>  | 649.797.080 |
|                                                    |                                                    |                                                         | <http://lod2.eu/schemas/rdfh#lo_partkeyBrand1MFGR-125>  | 645.919.025 |
|                                                    |                                                    |                                                         | <http://lod2.eu/schemas/rdfh#lo_partkeyBrand1MFGR-126>  | 584.842.614 |
|                                                    |                                                    |                                                         | <http://lod2.eu/schemas/rdfh#lo_partkeyBrand1MFGR-127>  | 597.628.870 |
|                                                    |                                                    |                                                         | <http://lod2.eu/schemas/rdfh#lo_partkeyBrand1MFGR-128>  | 605.194.974 |
|                                                    |                                                    |                                                         | <http://lod2.eu/schemas/rdfh#lo_partkeyBrand1MFGR-129>  | 614.832.897 |
| <http://lod2.eu/schemas/rdfh#lo_orderdateYear1993> | <http://lod2.eu/schemas/rdfh#lo_partkeyMfgrMFGR-1> | <http://lod2.eu/schemas/rdfh#lo_partkeyCategoryMFGR-12> | <http://lod2.eu/schemas/rdfh#lo_partkeyBrand1MFGR-1210> | 665.441.570 |
|                                                    |                                                    |                                                         | <http://lod2.eu/schemas/rdfh#lo_partkeyBrand1MFGR-1211> | 574.899.865 |
|                                                    |                                                    |                                                         | <http://lod2.eu/schemas/rdfh#lo_partkeyBrand1MFGR-1212> | 622.843.007 |
|                                                    |                                                    |                                                         | <http://lod2.eu/schemas/rdfh#lo_partkeyBrand1MFGR-1213> | 537.628.554 |
|                                                    |                                                    |                                                         | <http://lod2.eu/schemas/rdfh#lo_partkeyBrand1MFGR-1214> | 599.670.502 |
|                                                    |                                                    |                                                         | <http://lod2.eu/schemas/rdfh#lo_partkeyBrand1MFGR-1215> | 620.609.133 |
|                                                    |                                                    |                                                         | <http://lod2.eu/schemas/rdfh#lo_partkeyBrand1MFGR-1216> | 582.264.380 |
|                                                    |                                                    |                                                         | <http://lod2.eu/schemas/rdfh#lo_partkeyBrand1MFGR-1217> | 676.795.070 |
|                                                    |                                                    |                                                         | <http://lod2.eu/schemas/rdfh#lo_partkeyBrand1MFGR-1218> | 589.771.285 |
|                                                    |                                                    |                                                         | <http://lod2.eu/schemas/rdfh#lo_partkeyBrand1MFGR-1219> | 585.699.783 |
|                                                    |                                                    |                                                         | <http://lod2.eu/schemas/rdfh#lo_partkeyBrand1MFGR-121>  | 665.505.903 |
|                                                    |                                                    |                                                         | <http://lod2.eu/schemas/rdfh#lo_partkeyBrand1MFGR-1220> | 466.499.798 |
|                                                    |                                                    |                                                         | <http://lod2.eu/schemas/rdfh#lo_partkeyBrand1MFGR-1221> | 521.363.146 |
|                                                    |                                                    |                                                         | <http://lod2.eu/schemas/rdfh#lo_partkeyBrand1MFGR-1222> | 659.926.699 |
|                                                    |                                                    |                                                         | <http://lod2.eu/schemas/rdfh#lo_partkeyBrand1MFGR-1223> | 594.230.859 |
|                                                    |                                                    |                                                         | <http://lod2.eu/schemas/rdfh#lo_partkeyBrand1MFGR-1224> | 793.732.090 |
|                                                    |                                                    |                                                         | <http://lod2.eu/schemas/rdfh#lo_partkeyBrand1MFGR-1225> | 549.938.447 |
|                                                    |                                                    |                                                         | <http://lod2.eu/schemas/rdfh#lo_partkeyBrand1MFGR-1226> | 642.279.785 |
|                                                    |                                                    |                                                         | <http://lod2.eu/schemas/rdfh#lo_partkeyBrand1MFGR-1227> | 602.400.666 |
|                                                    |                                                    |                                                         | <http://lod2.eu/schemas/rdfh#lo_partkeyBrand1MFGR-1228> | 719.167.762 |
|                                                    |                                                    |                                                         | <http://lod2.eu/schemas/rdfh#lo_partkeyBrand1MFGR-1229> | 592.683.823 |
|                                                    |                                                    |                                                         | <http://lod2.eu/schemas/rdfh#lo_partkeyBrand1MFGR-122>  | 777.985.797 |
|                                                    |                                                    |                                                         | <http://lod2.eu/schemas/rdfh#lo_partkeyBrand1MFGR-1230> | 611.418.892 |
|                                                    |                                                    |                                                         | <http://lod2.eu/schemas/rdfh#lo_partkeyBrand1MFGR-1231> | 529.316.086 |
|                                                    |                                                    |                                                         | <http://lod2.eu/schemas/rdfh#lo_partkeyBrand1MFGR-1232> | 690.397.017 |
|                                                    |                                                    |                                                         | <http://lod2.eu/schemas/rdfh#lo_partkeyBrand1MFGR-1233> | 594.584.747 |
|                                                    |                                                    |                                                         | <http://lod2.eu/schemas/rdfh#lo_partkeyBrand1MFGR-1234> | 721.612.619 |
|                                                    |                                                    |                                                         | <http://lod2.eu/schemas/rdfh#lo_partkeyBrand1MFGR-1235> | 638.832.639 |
|                                                    |                                                    |                                                         | <http://lod2.eu/schemas/rdfh#lo_partkeyBrand1MFGR-1236> | 506.928.496 |
|                                                    |                                                    |                                                         | <http://lod2.eu/schemas/rdfh#lo_partkeyBrand1MFGR-1237> | 557.938.125 |
|                                                    |                                                    |                                                         | <http://lod2.eu/schemas/rdfh#lo_partkeyBrand1MFGR-1238> | 489.449.419 |
|                                                    |                                                    |                                                         | <http://lod2.eu/schemas/rdfh#lo_partkeyBrand1MFGR-1239> | 626.675.065 |
|                                                    |                                                    |                                                         | <http://lod2.eu/schemas/rdfh#lo_partkeyBrand1MFGR-123>  | 669.865.826 |
|                                                    |                                                    |                                                         | <http://lod2.eu/schemas/rdfh#lo_partkeyBrand1MFGR-1240> | 730.419.745 |
|                                                    |                                                    |                                                         | <http://lod2.eu/schemas/rdfh#lo_partkeyBrand1MFGR-124>  | 622.534.569 |
|                                                    |                                                    |                                                         | <http://lod2.eu/schemas/rdfh#lo_partkeyBrand1MFGR-125>  | 610.593.057 |
|                                                    |                                                    |                                                         | <http://lod2.eu/schemas/rdfh#lo_partkeyBrand1MFGR-126>  | 646.904.457 |
|                                                    |                                                    |                                                         | <http://lod2.eu/schemas/rdfh#lo_partkeyBrand1MFGR-127>  | 665.004.915 |
|                                                    |                                                    |                                                         | <http://lod2.eu/schemas/rdfh#lo_partkeyBrand1MFGR-128>  | 745.828.978 |
|                                                    |                                                    |                                                         | <http://lod2.eu/schemas/rdfh#lo_partkeyBrand1MFGR-129>  | 562.984.217 |
| <http://lod2.eu/schemas/rdfh#lo_orderdateYear1994> | <http://lod2.eu/schemas/rdfh#lo_partkeyMfgrMFGR-1> | <http://lod2.eu/schemas/rdfh#lo_partkeyCategoryMFGR-12> | <http://lod2.eu/schemas/rdfh#lo_partkeyBrand1MFGR-1210> | 685.700.687 |
|                                                    |                                                    |                                                         | <http://lod2.eu/schemas/rdfh#lo_partkeyBrand1MFGR-1211> | 630.535.956 |
|                                                    |                                                    |                                                         | <http://lod2.eu/schemas/rdfh#lo_partkeyBrand1MFGR-1212> | 645.472.737 |
|                                                    |                                                    |                                                         | <http://lod2.eu/schemas/rdfh#lo_partkeyBrand1MFGR-1213> | 496.881.467 |
|                                                    |                                                    |                                                         | <http://lod2.eu/schemas/rdfh#lo_partkeyBrand1MFGR-1214> | 612.419.617 |
|                                                    |                                                    |                                                         | <http://lod2.eu/schemas/rdfh#lo_partkeyBrand1MFGR-1215> | 613.483.718 |
|                                                    |                                                    |                                                         | <http://lod2.eu/schemas/rdfh#lo_partkeyBrand1MFGR-1216> | 617.308.453 |
|                                                    |                                                    |                                                         | <http://lod2.eu/schemas/rdfh#lo_partkeyBrand1MFGR-1217> | 667.483.758 |
|                                                    |                                                    |                                                         | <http://lod2.eu/schemas/rdfh#lo_partkeyBrand1MFGR-1218> | 552.667.659 |
|                                                    |                                                    |                                                         | <http://lod2.eu/schemas/rdfh#lo_partkeyBrand1MFGR-1219> | 538.198.807 |
|                                                    |                                                    |                                                         | <http://lod2.eu/schemas/rdfh#lo_partkeyBrand1MFGR-121>  | 656.155.146 |
|                                                    |                                                    |                                                         | <http://lod2.eu/schemas/rdfh#lo_partkeyBrand1MFGR-1220> | 511.932.695 |
|                                                    |                                                    |                                                         | <http://lod2.eu/schemas/rdfh#lo_partkeyBrand1MFGR-1221> | 547.157.771 |
|                                                    |                                                    |                                                         | <http://lod2.eu/schemas/rdfh#lo_partkeyBrand1MFGR-1222> | 550.635.694 |
|                                                    |                                                    |                                                         | <http://lod2.eu/schemas/rdfh#lo_partkeyBrand1MFGR-1223> | 501.827.133 |
|                                                    |                                                    |                                                         | <http://lod2.eu/schemas/rdfh#lo_partkeyBrand1MFGR-1224> | 723.810.219 |
|                                                    |                                                    |                                                         | <http://lod2.eu/schemas/rdfh#lo_partkeyBrand1MFGR-1225> | 501.363.149 |
|                                                    |                                                    |                                                         | <http://lod2.eu/schemas/rdfh#lo_partkeyBrand1MFGR-1226> | 568.169.373 |
|                                                    |                                                    |                                                         | <http://lod2.eu/schemas/rdfh#lo_partkeyBrand1MFGR-1227> | 553.443.907 |
|                                                    |                                                    |                                                         | <http://lod2.eu/schemas/rdfh#lo_partkeyBrand1MFGR-1228> | 475.284.326 |
|                                                    |                                                    |                                                         | <http://lod2.eu/schemas/rdfh#lo_partkeyBrand1MFGR-1229> | 641.371.289 |
|                                                    |                                                    |                                                         | <http://lod2.eu/schemas/rdfh#lo_partkeyBrand1MFGR-122>  | 615.424.897 |
|                                                    |                                                    |                                                         | <http://lod2.eu/schemas/rdfh#lo_partkeyBrand1MFGR-1230> | 563.001.857 |
|                                                    |                                                    |                                                         | <http://lod2.eu/schemas/rdfh#lo_partkeyBrand1MFGR-1231> | 558.960.930 |
|                                                    |                                                    |                                                         | <http://lod2.eu/schemas/rdfh#lo_partkeyBrand1MFGR-1232> | 609.120.342 |
|                                                    |                                                    |                                                         | <http://lod2.eu/schemas/rdfh#lo_partkeyBrand1MFGR-1233> | 639.189.421 |
|                                                    |                                                    |                                                         | <http://lod2.eu/schemas/rdfh#lo_partkeyBrand1MFGR-1234> | 635.021.247 |
|                                                    |                                                    |                                                         | <http://lod2.eu/schemas/rdfh#lo_partkeyBrand1MFGR-1235> | 611.832.776 |
|                                                    |                                                    |                                                         | <http://lod2.eu/schemas/rdfh#lo_partkeyBrand1MFGR-1236> | 642.980.782 |
|                                                    |                                                    |                                                         | <http://lod2.eu/schemas/rdfh#lo_partkeyBrand1MFGR-1237> | 605.570.052 |
|                                                    |                                                    |                                                         | <http://lod2.eu/schemas/rdfh#lo_partkeyBrand1MFGR-1238> | 520.323.291 |
|                                                    |                                                    |                                                         | <http://lod2.eu/schemas/rdfh#lo_partkeyBrand1MFGR-1239> | 604.578.088 |
|                                                    |                                                    |                                                         | <http://lod2.eu/schemas/rdfh#lo_partkeyBrand1MFGR-123>  | 586.263.120 |
|                                                    |                                                    |                                                         | <http://lod2.eu/schemas/rdfh#lo_partkeyBrand1MFGR-1240> | 826.205.447 |
|                                                    |                                                    |                                                         | <http://lod2.eu/schemas/rdfh#lo_partkeyBrand1MFGR-124>  | 614.092.509 |
|                                                    |                                                    |                                                         | <http://lod2.eu/schemas/rdfh#lo_partkeyBrand1MFGR-125>  | 561.077.226 |
|                                                    |                                                    |                                                         | <http://lod2.eu/schemas/rdfh#lo_partkeyBrand1MFGR-126>  | 641.538.925 |
|                                                    |                                                    |                                                         | <http://lod2.eu/schemas/rdfh#lo_partkeyBrand1MFGR-127>  | 765.116.214 |
|                                                    |                                                    |                                                         | <http://lod2.eu/schemas/rdfh#lo_partkeyBrand1MFGR-128>  | 589.369.164 |
|                                                    |                                                    |                                                         | <http://lod2.eu/schemas/rdfh#lo_partkeyBrand1MFGR-129>  | 535.649.006 |
| <http://lod2.eu/schemas/rdfh#lo_orderdateYear1995> | <http://lod2.eu/schemas/rdfh#lo_partkeyMfgrMFGR-1> | <http://lod2.eu/schemas/rdfh#lo_partkeyCategoryMFGR-12> | <http://lod2.eu/schemas/rdfh#lo_partkeyBrand1MFGR-1210> | 514.656.574 |
|                                                    |                                                    |                                                         | <http://lod2.eu/schemas/rdfh#lo_partkeyBrand1MFGR-1211> | 602.015.212 |
|                                                    |                                                    |                                                         | <http://lod2.eu/schemas/rdfh#lo_partkeyBrand1MFGR-1212> | 603.074.506 |
|                                                    |                                                    |                                                         | <http://lod2.eu/schemas/rdfh#lo_partkeyBrand1MFGR-1213> | 536.000.654 |
|                                                    |                                                    |                                                         | <http://lod2.eu/schemas/rdfh#lo_partkeyBrand1MFGR-1214> | 562.296.487 |
|                                                    |                                                    |                                                         | <http://lod2.eu/schemas/rdfh#lo_partkeyBrand1MFGR-1215> | 560.291.443 |
|                                                    |                                                    |                                                         | <http://lod2.eu/schemas/rdfh#lo_partkeyBrand1MFGR-1216> | 733.201.650 |
|                                                    |                                                    |                                                         | <http://lod2.eu/schemas/rdfh#lo_partkeyBrand1MFGR-1217> | 766.560.189 |
|                                                    |                                                    |                                                         | <http://lod2.eu/schemas/rdfh#lo_partkeyBrand1MFGR-1218> | 642.707.967 |
|                                                    |                                                    |                                                         | <http://lod2.eu/schemas/rdfh#lo_partkeyBrand1MFGR-1219> | 526.933.737 |
|                                                    |                                                    |                                                         | <http://lod2.eu/schemas/rdfh#lo_partkeyBrand1MFGR-121>  | 564.932.693 |
|                                                    |                                                    |                                                         | <http://lod2.eu/schemas/rdfh#lo_partkeyBrand1MFGR-1220> | 585.930.518 |
|                                                    |                                                    |                                                         | <http://lod2.eu/schemas/rdfh#lo_partkeyBrand1MFGR-1221> | 530.120.003 |
|                                                    |                                                    |                                                         | <http://lod2.eu/schemas/rdfh#lo_partkeyBrand1MFGR-1222> | 666.863.553 |
|                                                    |                                                    |                                                         | <http://lod2.eu/schemas/rdfh#lo_partkeyBrand1MFGR-1223> | 641.169.155 |
|                                                    |                                                    |                                                         | <http://lod2.eu/schemas/rdfh#lo_partkeyBrand1MFGR-1224> | 703.416.819 |
|                                                    |                                                    |                                                         | <http://lod2.eu/schemas/rdfh#lo_partkeyBrand1MFGR-1225> | 555.536.546 |
|                                                    |                                                    |                                                         | <http://lod2.eu/schemas/rdfh#lo_partkeyBrand1MFGR-1226> | 664.045.591 |
|                                                    |                                                    |                                                         | <http://lod2.eu/schemas/rdfh#lo_partkeyBrand1MFGR-1227> | 581.628.958 |
|                                                    |                                                    |                                                         | <http://lod2.eu/schemas/rdfh#lo_partkeyBrand1MFGR-1228> | 687.814.225 |
|                                                    |                                                    |                                                         | <http://lod2.eu/schemas/rdfh#lo_partkeyBrand1MFGR-1229> | 683.773.925 |
|                                                    |                                                    |                                                         | <http://lod2.eu/schemas/rdfh#lo_partkeyBrand1MFGR-122>  | 536.402.691 |
|                                                    |                                                    |                                                         | <http://lod2.eu/schemas/rdfh#lo_partkeyBrand1MFGR-1230> | 579.595.422 |
|                                                    |                                                    |                                                         | <http://lod2.eu/schemas/rdfh#lo_partkeyBrand1MFGR-1231> | 580.677.285 |
|                                                    |                                                    |                                                         | <http://lod2.eu/schemas/rdfh#lo_partkeyBrand1MFGR-1232> | 754.888.206 |
|                                                    |                                                    |                                                         | <http://lod2.eu/schemas/rdfh#lo_partkeyBrand1MFGR-1233> | 529.519.219 |
|                                                    |                                                    |                                                         | <http://lod2.eu/schemas/rdfh#lo_partkeyBrand1MFGR-1234> | 651.091.002 |
|                                                    |                                                    |                                                         | <http://lod2.eu/schemas/rdfh#lo_partkeyBrand1MFGR-1235> | 666.334.343 |
|                                                    |                                                    |                                                         | <http://lod2.eu/schemas/rdfh#lo_partkeyBrand1MFGR-1236> | 647.244.672 |
|                                                    |                                                    |                                                         | <http://lod2.eu/schemas/rdfh#lo_partkeyBrand1MFGR-1237> | 589.898.863 |
|                                                    |                                                    |                                                         | <http://lod2.eu/schemas/rdfh#lo_partkeyBrand1MFGR-1238> | 513.659.003 |
|                                                    |                                                    |                                                         | <http://lod2.eu/schemas/rdfh#lo_partkeyBrand1MFGR-1239> | 630.727.618 |
|                                                    |                                                    |                                                         | <http://lod2.eu/schemas/rdfh#lo_partkeyBrand1MFGR-123>  | 665.711.987 |
|                                                    |                                                    |                                                         | <http://lod2.eu/schemas/rdfh#lo_partkeyBrand1MFGR-1240> | 779.785.177 |
|                                                    |                                                    |                                                         | <http://lod2.eu/schemas/rdfh#lo_partkeyBrand1MFGR-124>  | 549.471.242 |
|                                                    |                                                    |                                                         | <http://lod2.eu/schemas/rdfh#lo_partkeyBrand1MFGR-125>  | 410.181.243 |
|                                                    |                                                    |                                                         | <http://lod2.eu/schemas/rdfh#lo_partkeyBrand1MFGR-126>  | 540.121.966 |
|                                                    |                                                    |                                                         | <http://lod2.eu/schemas/rdfh#lo_partkeyBrand1MFGR-127>  | 673.853.587 |
|                                                    |                                                    |                                                         | <http://lod2.eu/schemas/rdfh#lo_partkeyBrand1MFGR-128>  | 601.863.471 |
|                                                    |                                                    |                                                         | <http://lod2.eu/schemas/rdfh#lo_partkeyBrand1MFGR-129>  | 536.371.229 |
| <http://lod2.eu/schemas/rdfh#lo_orderdateYear1996> | <http://lod2.eu/schemas/rdfh#lo_partkeyMfgrMFGR-1> | <http://lod2.eu/schemas/rdfh#lo_partkeyCategoryMFGR-12> | <http://lod2.eu/schemas/rdfh#lo_partkeyBrand1MFGR-1210> | 595.542.754 |
|                                                    |                                                    |                                                         | <http://lod2.eu/schemas/rdfh#lo_partkeyBrand1MFGR-1211> | 731.875.461 |
|                                                    |                                                    |                                                         | <http://lod2.eu/schemas/rdfh#lo_partkeyBrand1MFGR-1212> | 606.629.750 |
|                                                    |                                                    |                                                         | <http://lod2.eu/schemas/rdfh#lo_partkeyBrand1MFGR-1213> | 622.169.494 |
|                                                    |                                                    |                                                         | <http://lod2.eu/schemas/rdfh#lo_partkeyBrand1MFGR-1214> | 540.875.196 |
|                                                    |                                                    |                                                         | <http://lod2.eu/schemas/rdfh#lo_partkeyBrand1MFGR-1215> | 634.117.697 |
|                                                    |                                                    |                                                         | <http://lod2.eu/schemas/rdfh#lo_partkeyBrand1MFGR-1216> | 660.828.416 |
|                                                    |                                                    |                                                         | <http://lod2.eu/schemas/rdfh#lo_partkeyBrand1MFGR-1217> | 685.095.585 |
|                                                    |                                                    |                                                         | <http://lod2.eu/schemas/rdfh#lo_partkeyBrand1MFGR-1218> | 518.528.207 |
|                                                    |                                                    |                                                         | <http://lod2.eu/schemas/rdfh#lo_partkeyBrand1MFGR-1219> | 555.762.739 |
|                                                    |                                                    |                                                         | <http://lod2.eu/schemas/rdfh#lo_partkeyBrand1MFGR-121>  | 647.098.045 |
|                                                    |                                                    |                                                         | <http://lod2.eu/schemas/rdfh#lo_partkeyBrand1MFGR-1220> | 606.140.570 |
|                                                    |                                                    |                                                         | <http://lod2.eu/schemas/rdfh#lo_partkeyBrand1MFGR-1221> | 585.610.045 |
|                                                    |                                                    |                                                         | <http://lod2.eu/schemas/rdfh#lo_partkeyBrand1MFGR-1222> | 504.108.232 |
|                                                    |                                                    |                                                         | <http://lod2.eu/schemas/rdfh#lo_partkeyBrand1MFGR-1223> | 618.574.345 |
|                                                    |                                                    |                                                         | <http://lod2.eu/schemas/rdfh#lo_partkeyBrand1MFGR-1224> | 781.443.820 |
|                                                    |                                                    |                                                         | <http://lod2.eu/schemas/rdfh#lo_partkeyBrand1MFGR-1225> | 631.090.018 |
|                                                    |                                                    |                                                         | <http://lod2.eu/schemas/rdfh#lo_partkeyBrand1MFGR-1226> | 726.889.790 |
|                                                    |                                                    |                                                         | <http://lod2.eu/schemas/rdfh#lo_partkeyBrand1MFGR-1227> | 518.373.679 |
|                                                    |                                                    |                                                         | <http://lod2.eu/schemas/rdfh#lo_partkeyBrand1MFGR-1228> | 603.695.897 |
|                                                    |                                                    |                                                         | <http://lod2.eu/schemas/rdfh#lo_partkeyBrand1MFGR-1229> | 615.060.386 |
|                                                    |                                                    |                                                         | <http://lod2.eu/schemas/rdfh#lo_partkeyBrand1MFGR-122>  | 627.830.441 |
|                                                    |                                                    |                                                         | <http://lod2.eu/schemas/rdfh#lo_partkeyBrand1MFGR-1230> | 573.470.062 |
|                                                    |                                                    |                                                         | <http://lod2.eu/schemas/rdfh#lo_partkeyBrand1MFGR-1231> | 562.430.152 |
|                                                    |                                                    |                                                         | <http://lod2.eu/schemas/rdfh#lo_partkeyBrand1MFGR-1232> | 714.332.490 |
|                                                    |                                                    |                                                         | <http://lod2.eu/schemas/rdfh#lo_partkeyBrand1MFGR-1233> | 538.853.702 |
|                                                    |                                                    |                                                         | <http://lod2.eu/schemas/rdfh#lo_partkeyBrand1MFGR-1234> | 724.594.584 |
|                                                    |                                                    |                                                         | <http://lod2.eu/schemas/rdfh#lo_partkeyBrand1MFGR-1235> | 623.234.488 |
|                                                    |                                                    |                                                         | <http://lod2.eu/schemas/rdfh#lo_partkeyBrand1MFGR-1236> | 630.860.194 |
|                                                    |                                                    |                                                         | <http://lod2.eu/schemas/rdfh#lo_partkeyBrand1MFGR-1237> | 532.629.466 |
|                                                    |                                                    |                                                         | <http://lod2.eu/schemas/rdfh#lo_partkeyBrand1MFGR-1238> | 487.116.475 |
|                                                    |                                                    |                                                         | <http://lod2.eu/schemas/rdfh#lo_partkeyBrand1MFGR-1239> | 583.815.824 |
|                                                    |                                                    |                                                         | <http://lod2.eu/schemas/rdfh#lo_partkeyBrand1MFGR-123>  | 587.953.406 |
|                                                    |                                                    |                                                         | <http://lod2.eu/schemas/rdfh#lo_partkeyBrand1MFGR-1240> | 835.393.032 |
|                                                    |                                                    |                                                         | <http://lod2.eu/schemas/rdfh#lo_partkeyBrand1MFGR-124>  | 658.011.660 |
|                                                    |                                                    |                                                         | <http://lod2.eu/schemas/rdfh#lo_partkeyBrand1MFGR-125>  | 535.273.070 |
|                                                    |                                                    |                                                         | <http://lod2.eu/schemas/rdfh#lo_partkeyBrand1MFGR-126>  | 583.509.608 |
|                                                    |                                                    |                                                         | <http://lod2.eu/schemas/rdfh#lo_partkeyBrand1MFGR-127>  | 546.939.417 |
|                                                    |                                                    |                                                         | <http://lod2.eu/schemas/rdfh#lo_partkeyBrand1MFGR-128>  | 564.236.915 |
|                                                    |                                                    |                                                         | <http://lod2.eu/schemas/rdfh#lo_partkeyBrand1MFGR-129>  | 569.420.842 |
| <http://lod2.eu/schemas/rdfh#lo_orderdateYear1997> | <http://lod2.eu/schemas/rdfh#lo_partkeyMfgrMFGR-1> | <http://lod2.eu/schemas/rdfh#lo_partkeyCategoryMFGR-12> | <http://lod2.eu/schemas/rdfh#lo_partkeyBrand1MFGR-1210> | 668.802.804 |
|                                                    |                                                    |                                                         | <http://lod2.eu/schemas/rdfh#lo_partkeyBrand1MFGR-1211> | 590.431.516 |
|                                                    |                                                    |                                                         | <http://lod2.eu/schemas/rdfh#lo_partkeyBrand1MFGR-1212> | 657.789.687 |
|                                                    |                                                    |                                                         | <http://lod2.eu/schemas/rdfh#lo_partkeyBrand1MFGR-1213> | 607.511.809 |
|                                                    |                                                    |                                                         | <http://lod2.eu/schemas/rdfh#lo_partkeyBrand1MFGR-1214> | 546.360.098 |
|                                                    |                                                    |                                                         | <http://lod2.eu/schemas/rdfh#lo_partkeyBrand1MFGR-1215> | 654.248.336 |
|                                                    |                                                    |                                                         | <http://lod2.eu/schemas/rdfh#lo_partkeyBrand1MFGR-1216> | 643.872.640 |
|                                                    |                                                    |                                                         | <http://lod2.eu/schemas/rdfh#lo_partkeyBrand1MFGR-1217> | 655.017.521 |
|                                                    |                                                    |                                                         | <http://lod2.eu/schemas/rdfh#lo_partkeyBrand1MFGR-1218> | 613.229.890 |
|                                                    |                                                    |                                                         | <http://lod2.eu/schemas/rdfh#lo_partkeyBrand1MFGR-1219> | 563.752.353 |
|                                                    |                                                    |                                                         | <http://lod2.eu/schemas/rdfh#lo_partkeyBrand1MFGR-121>  | 631.830.367 |
|                                                    |                                                    |                                                         | <http://lod2.eu/schemas/rdfh#lo_partkeyBrand1MFGR-1220> | 565.845.397 |
|                                                    |                                                    |                                                         | <http://lod2.eu/schemas/rdfh#lo_partkeyBrand1MFGR-1221> | 619.004.020 |
|                                                    |                                                    |                                                         | <http://lod2.eu/schemas/rdfh#lo_partkeyBrand1MFGR-1222> | 645.620.430 |
|                                                    |                                                    |                                                         | <http://lod2.eu/schemas/rdfh#lo_partkeyBrand1MFGR-1223> | 493.459.824 |
|                                                    |                                                    |                                                         | <http://lod2.eu/schemas/rdfh#lo_partkeyBrand1MFGR-1224> | 721.915.261 |
|                                                    |                                                    |                                                         | <http://lod2.eu/schemas/rdfh#lo_partkeyBrand1MFGR-1225> | 588.092.176 |
|                                                    |                                                    |                                                         | <http://lod2.eu/schemas/rdfh#lo_partkeyBrand1MFGR-1226> | 660.816.107 |
|                                                    |                                                    |                                                         | <http://lod2.eu/schemas/rdfh#lo_partkeyBrand1MFGR-1227> | 593.503.484 |
|                                                    |                                                    |                                                         | <http://lod2.eu/schemas/rdfh#lo_partkeyBrand1MFGR-1228> | 568.070.353 |
|                                                    |                                                    |                                                         | <http://lod2.eu/schemas/rdfh#lo_partkeyBrand1MFGR-1229> | 603.174.395 |
|                                                    |                                                    |                                                         | <http://lod2.eu/schemas/rdfh#lo_partkeyBrand1MFGR-122>  | 629.108.650 |
|                                                    |                                                    |                                                         | <http://lod2.eu/schemas/rdfh#lo_partkeyBrand1MFGR-1230> | 630.192.313 |
|                                                    |                                                    |                                                         | <http://lod2.eu/schemas/rdfh#lo_partkeyBrand1MFGR-1231> | 608.082.993 |
|                                                    |                                                    |                                                         | <http://lod2.eu/schemas/rdfh#lo_partkeyBrand1MFGR-1232> | 743.199.484 |
|                                                    |                                                    |                                                         | <http://lod2.eu/schemas/rdfh#lo_partkeyBrand1MFGR-1233> | 630.175.869 |
|                                                    |                                                    |                                                         | <http://lod2.eu/schemas/rdfh#lo_partkeyBrand1MFGR-1234> | 725.502.031 |
|                                                    |                                                    |                                                         | <http://lod2.eu/schemas/rdfh#lo_partkeyBrand1MFGR-1235> | 573.174.345 |
|                                                    |                                                    |                                                         | <http://lod2.eu/schemas/rdfh#lo_partkeyBrand1MFGR-1236> | 559.478.622 |
|                                                    |                                                    |                                                         | <http://lod2.eu/schemas/rdfh#lo_partkeyBrand1MFGR-1237> | 712.715.807 |
|                                                    |                                                    |                                                         | <http://lod2.eu/schemas/rdfh#lo_partkeyBrand1MFGR-1238> | 482.196.735 |
|                                                    |                                                    |                                                         | <http://lod2.eu/schemas/rdfh#lo_partkeyBrand1MFGR-1239> | 688.093.278 |
|                                                    |                                                    |                                                         | <http://lod2.eu/schemas/rdfh#lo_partkeyBrand1MFGR-123>  | 548.241.836 |
|                                                    |                                                    |                                                         | <http://lod2.eu/schemas/rdfh#lo_partkeyBrand1MFGR-1240> | 641.815.881 |
|                                                    |                                                    |                                                         | <http://lod2.eu/schemas/rdfh#lo_partkeyBrand1MFGR-124>  | 530.165.809 |
|                                                    |                                                    |                                                         | <http://lod2.eu/schemas/rdfh#lo_partkeyBrand1MFGR-125>  | 534.222.886 |
|                                                    |                                                    |                                                         | <http://lod2.eu/schemas/rdfh#lo_partkeyBrand1MFGR-126>  | 638.908.636 |
|                                                    |                                                    |                                                         | <http://lod2.eu/schemas/rdfh#lo_partkeyBrand1MFGR-127>  | 618.720.153 |
|                                                    |                                                    |                                                         | <http://lod2.eu/schemas/rdfh#lo_partkeyBrand1MFGR-128>  | 571.249.318 |
|                                                    |                                                    |                                                         | <http://lod2.eu/schemas/rdfh#lo_partkeyBrand1MFGR-129>  | 584.183.981 |
| <http://lod2.eu/schemas/rdfh#lo_orderdateYear1998> | <http://lod2.eu/schemas/rdfh#lo_partkeyMfgrMFGR-1> | <http://lod2.eu/schemas/rdfh#lo_partkeyCategoryMFGR-12> | <http://lod2.eu/schemas/rdfh#lo_partkeyBrand1MFGR-1210> | 335.711.347 |
|                                                    |                                                    |                                                         | <http://lod2.eu/schemas/rdfh#lo_partkeyBrand1MFGR-1211> | 381.413.406 |
|                                                    |                                                    |                                                         | <http://lod2.eu/schemas/rdfh#lo_partkeyBrand1MFGR-1212> | 416.853.200 |
|                                                    |                                                    |                                                         | <http://lod2.eu/schemas/rdfh#lo_partkeyBrand1MFGR-1213> | 274.528.518 |
|                                                    |                                                    |                                                         | <http://lod2.eu/schemas/rdfh#lo_partkeyBrand1MFGR-1214> | 321.318.693 |
|                                                    |                                                    |                                                         | <http://lod2.eu/schemas/rdfh#lo_partkeyBrand1MFGR-1215> | 358.404.443 |
|                                                    |                                                    |                                                         | <http://lod2.eu/schemas/rdfh#lo_partkeyBrand1MFGR-1216> | 393.639.127 |
|                                                    |                                                    |                                                         | <http://lod2.eu/schemas/rdfh#lo_partkeyBrand1MFGR-1217> | 363.930.927 |
|                                                    |                                                    |                                                         | <http://lod2.eu/schemas/rdfh#lo_partkeyBrand1MFGR-1218> | 364.725.752 |
|                                                    |                                                    |                                                         | <http://lod2.eu/schemas/rdfh#lo_partkeyBrand1MFGR-1219> | 364.338.047 |
|                                                    |                                                    |                                                         | <http://lod2.eu/schemas/rdfh#lo_partkeyBrand1MFGR-121>  | 381.464.693 |
|                                                    |                                                    |                                                         | <http://lod2.eu/schemas/rdfh#lo_partkeyBrand1MFGR-1220> | 316.099.532 |
|                                                    |                                                    |                                                         | <http://lod2.eu/schemas/rdfh#lo_partkeyBrand1MFGR-1221> | 318.731.612 |
|                                                    |                                                    |                                                         | <http://lod2.eu/schemas/rdfh#lo_partkeyBrand1MFGR-1222> | 326.961.363 |
|                                                    |                                                    |                                                         | <http://lod2.eu/schemas/rdfh#lo_partkeyBrand1MFGR-1223> | 368.606.558 |
|                                                    |                                                    |                                                         | <http://lod2.eu/schemas/rdfh#lo_partkeyBrand1MFGR-1224> | 395.545.815 |
|                                                    |                                                    |                                                         | <http://lod2.eu/schemas/rdfh#lo_partkeyBrand1MFGR-1225> | 385.398.450 |
|                                                    |                                                    |                                                         | <http://lod2.eu/schemas/rdfh#lo_partkeyBrand1MFGR-1226> | 409.641.268 |
|                                                    |                                                    |                                                         | <http://lod2.eu/schemas/rdfh#lo_partkeyBrand1MFGR-1227> | 303.716.004 |
|                                                    |                                                    |                                                         | <http://lod2.eu/schemas/rdfh#lo_partkeyBrand1MFGR-1228> | 332.407.803 |
|                                                    |                                                    |                                                         | <http://lod2.eu/schemas/rdfh#lo_partkeyBrand1MFGR-1229> | 368.823.103 |
|                                                    |                                                    |                                                         | <http://lod2.eu/schemas/rdfh#lo_partkeyBrand1MFGR-122>  | 392.273.087 |
|                                                    |                                                    |                                                         | <http://lod2.eu/schemas/rdfh#lo_partkeyBrand1MFGR-1230> | 353.565.310 |
|                                                    |                                                    |                                                         | <http://lod2.eu/schemas/rdfh#lo_partkeyBrand1MFGR-1231> | 346.221.257 |
|                                                    |                                                    |                                                         | <http://lod2.eu/schemas/rdfh#lo_partkeyBrand1MFGR-1232> | 372.917.351 |
|                                                    |                                                    |                                                         | <http://lod2.eu/schemas/rdfh#lo_partkeyBrand1MFGR-1233> | 332.307.316 |
|                                                    |                                                    |                                                         | <http://lod2.eu/schemas/rdfh#lo_partkeyBrand1MFGR-1234> | 444.282.537 |
|                                                    |                                                    |                                                         | <http://lod2.eu/schemas/rdfh#lo_partkeyBrand1MFGR-1235> | 361.972.429 |
|                                                    |                                                    |                                                         | <http://lod2.eu/schemas/rdfh#lo_partkeyBrand1MFGR-1236> | 320.125.331 |
|                                                    |                                                    |                                                         | <http://lod2.eu/schemas/rdfh#lo_partkeyBrand1MFGR-1237> | 309.277.110 |
|                                                    |                                                    |                                                         | <http://lod2.eu/schemas/rdfh#lo_partkeyBrand1MFGR-1238> | 252.431.495 |
|                                                    |                                                    |                                                         | <http://lod2.eu/schemas/rdfh#lo_partkeyBrand1MFGR-1239> | 400.175.060 |
|                                                    |                                                    |                                                         | <http://lod2.eu/schemas/rdfh#lo_partkeyBrand1MFGR-123>  | 410.871.005 |
|                                                    |                                                    |                                                         | <http://lod2.eu/schemas/rdfh#lo_partkeyBrand1MFGR-1240> | 344.323.596 |
|                                                    |                                                    |                                                         | <http://lod2.eu/schemas/rdfh#lo_partkeyBrand1MFGR-124>  | 309.643.619 |
|                                                    |                                                    |                                                         | <http://lod2.eu/schemas/rdfh#lo_partkeyBrand1MFGR-125>  | 302.823.619 |
|                                                    |                                                    |                                                         | <http://lod2.eu/schemas/rdfh#lo_partkeyBrand1MFGR-126>  | 272.220.344 |
|                                                    |                                                    |                                                         | <http://lod2.eu/schemas/rdfh#lo_partkeyBrand1MFGR-127>  | 358.767.854 |
|                                                    |                                                    |                                                         | <http://lod2.eu/schemas/rdfh#lo_partkeyBrand1MFGR-128>  | 338.572.996 |
|                                                    |                                                    |                                                         | <http://lod2.eu/schemas/rdfh#lo_partkeyBrand1MFGR-129>  | 319.373.807 |
Execution Time: 2128

