############################
   Execute ETL Process...
############################
INFO  HiveConnection:21 - Hive Connection to 10.0.0.100:10000/default Established...

INFO  HiveTableGenerator:58 - Create External Triples Table 'qb_triples'...
INFO  ETLProcess:33 - Execution Time Component 1: 293
INFO  ETLProcess:38 - Component 2: Load MDM Models form Hive Table 'qb_triples'...
INFO  MeasuresLoader:31 - Loading all Measures...
INFO  DimensionsLoader:38 - Loading all Dimensions, Hierarchies and Levels...
INFO  FactGenerator:27 - Generating Fact Model...
INFO  ETLProcess:45 - Execution Time Component 2: 580666
INFO  ETLProcess:50 - Component 3: Create Star Schema from Hive Table 'qb_triples'...
INFO  HiveTableGenerator:91 - Create Star Schema Dimension Tables...
INFO  HiveTableGenerator:94 - Create Dimension Table: 'LO_PARTKEY'...
INFO  HiveTableGenerator:94 - Create Dimension Table: 'LO_CUSTKEY'...
INFO  HiveTableGenerator:94 - Create Dimension Table: 'LO_SUPPKEY'...
INFO  HiveTableGenerator:94 - Create Dimension Table: 'LO_ORDERDATE'...
INFO  HiveTableGenerator:122 - Create Hive Fact Table 'facts'...
INFO  ETLProcess:64 - Execution Time Component 3: 1851988
INFO  ETLProcess:65 - Component 3: Star Schema created!
INFO  ETLProcess:99 - Execution Time Global: 2432953
