
Version:                Openlink BIBM Test Driver 0.7.7
Start date:             Sun Dec 20 05:45:18 EST 2015
Scale factor:           20.0
Explore Endpoint:       http://localhost:8890/sparql
Update Endpoint:        http://localhost:8890/sparql
Use case:               /home/ec2-user/development/evaluation/bibm/./../openvirtuoso/queries
Query Streams of Throughput Test:1
Seed:                   808080
TPC-H Power:            845.4 qph*scale (geom)
TPC-H Throughput:       0.0 qph*scale
TPC-H Composite:        0.7
Measurment Interval:    1450620968.7 seconds

Duration of stream execution:
                Query Start         Query End       Duration     RF1 Start           RF2 End           RF2 Start          RF2 End  
Stream 1:	20/12/2015 05:45:19	20/12/2015 09:16:08	03:30:49	

TPC Timing intervals (in seconds):

Query		Q1	Q2	Q3	Q4	Q5	Q6	Q7	Q8	
Stream 1:	1146.2	3.5	0.9	107.2	25.1	8.5	351.8	32.3	
Minimum: 	1146.2	3.5	0.9	107.2	25.1	8.5	351.8	32.3	
Maximum: 	1146.2	3.5	0.9	107.2	25.1	8.5	351.8	32.3	
Average: 	1146.2	3.5	0.9	107.2	25.1	8.5	351.8	32.3	

Query		Q9	Q10	Q11	Q12	Q13	Q14	Q15	Q16	
Stream 1:	521.5	374.0	9998.7	    	79.6	    	    	    	
Minimum: 	521.5	374.0	9998.7	    	79.6	    	    	    	
Maximum: 	521.5	374.0	9998.7	    	79.6	    	    	    	
Average: 	521.5	374.0	9998.7	    	79.6	    	    	    	

Query		Q17	Q18	Q19	Q20	Q21	Q22	RF1	RF2	
Stream 1:	    	    	    	    	    	    	    	    	
Minimum: 	    	    	    	    	    	    	    	    	
Maximum: 	    	    	    	    	    	    	    	    	
Average: 	    	    	    	    	    	    	    	    	

