
Version:                Openlink BIBM Test Driver 0.7.7
Start date:             Sat Dec 19 06:11:03 EST 2015
Scale factor:           1.0
Explore Endpoint:       jdbc:mysql://localhost/ssb1?user=root
Update Endpoint:        jdbc:mysql://localhost/ssb1?user=root
Use case:               /home/ec2-user/development/evaluation/bibm/./../mysql/queries
Query Streams of Throughput Test:1
Seed:                   808080
TPC-H Power:            21.3 qph*scale (geom)
TPC-H Throughput:       0.0 qph*scale
TPC-H Composite:        0.0
Measurment Interval:    1450526733.6 seconds

Duration of stream execution:
                Query Start         Query End       Duration     RF1 Start           RF2 End           RF2 Start          RF2 End  
Stream 1:	19/12/2015 06:11:04	19/12/2015 07:05:33	00:54:29	

TPC Timing intervals (in seconds):

Query		Q1	Q2	Q3	Q4	Q5	Q6	Q7	Q8	
Stream 1:	26.2	17.7	17.7	343.5	340.1	337.5	348.3	288.3	
Minimum: 	26.2	17.7	17.7	343.5	340.1	337.5	348.3	288.3	
Maximum: 	26.2	17.7	17.7	343.5	340.1	337.5	348.3	288.3	
Average: 	26.2	17.7	17.7	343.5	340.1	337.5	348.3	288.3	

Query		Q9	Q10	Q11	Q12	Q13	Q14	Q15	Q16	
Stream 1:	277.8	277.3	351.7	350.4	292.9	    	    	    	
Minimum: 	277.8	277.3	351.7	350.4	292.9	    	    	    	
Maximum: 	277.8	277.3	351.7	350.4	292.9	    	    	    	
Average: 	277.8	277.3	351.7	350.4	292.9	    	    	    	

Query		Q17	Q18	Q19	Q20	Q21	Q22	RF1	RF2	
Stream 1:	    	    	    	    	    	    	    	    	
Minimum: 	    	    	    	    	    	    	    	    	
Maximum: 	    	    	    	    	    	    	    	    	
Average: 	    	    	    	    	    	    	    	    	

