Printing 56 rows from table , null
+------------+-----------------------------------------------------+---------------------------------------------------------+
| LO_REVENUE |                LO_ORDERDATEYEARLEVEL                |                  LO_PARTKEYBRAND1LEVEL                  |
+------------+-----------------------------------------------------+---------------------------------------------------------+
| 6454889774 | <http://lod2.eu/schemas/rdfh#lo_orderdateYear1992>  | <http://lod2.eu/schemas/rdfh#lo_partkeyBrand1MFGR-2221> |
+------------+-----------------------------------------------------+---------------------------------------------------------+
| 6145529840 | <http://lod2.eu/schemas/rdfh#lo_orderdateYear1992>  | <http://lod2.eu/schemas/rdfh#lo_partkeyBrand1MFGR-2222> |
+------------+-----------------------------------------------------+---------------------------------------------------------+
| 6963662726 | <http://lod2.eu/schemas/rdfh#lo_orderdateYear1992>  | <http://lod2.eu/schemas/rdfh#lo_partkeyBrand1MFGR-2223> |
+------------+-----------------------------------------------------+---------------------------------------------------------+
| 6342052111 | <http://lod2.eu/schemas/rdfh#lo_orderdateYear1992>  | <http://lod2.eu/schemas/rdfh#lo_partkeyBrand1MFGR-2224> |
+------------+-----------------------------------------------------+---------------------------------------------------------+
| 6362152529 | <http://lod2.eu/schemas/rdfh#lo_orderdateYear1992>  | <http://lod2.eu/schemas/rdfh#lo_partkeyBrand1MFGR-2225> |
+------------+-----------------------------------------------------+---------------------------------------------------------+
| 6480017777 | <http://lod2.eu/schemas/rdfh#lo_orderdateYear1992>  | <http://lod2.eu/schemas/rdfh#lo_partkeyBrand1MFGR-2226> |
+------------+-----------------------------------------------------+---------------------------------------------------------+
| 6851682713 | <http://lod2.eu/schemas/rdfh#lo_orderdateYear1992>  | <http://lod2.eu/schemas/rdfh#lo_partkeyBrand1MFGR-2227> |
+------------+-----------------------------------------------------+---------------------------------------------------------+
| 6651263325 | <http://lod2.eu/schemas/rdfh#lo_orderdateYear1992>  | <http://lod2.eu/schemas/rdfh#lo_partkeyBrand1MFGR-2228> |
+------------+-----------------------------------------------------+---------------------------------------------------------+
| 6845569463 | <http://lod2.eu/schemas/rdfh#lo_orderdateYear1993>  | <http://lod2.eu/schemas/rdfh#lo_partkeyBrand1MFGR-2221> |
+------------+-----------------------------------------------------+---------------------------------------------------------+
| 6474098398 | <http://lod2.eu/schemas/rdfh#lo_orderdateYear1993>  | <http://lod2.eu/schemas/rdfh#lo_partkeyBrand1MFGR-2222> |
+------------+-----------------------------------------------------+---------------------------------------------------------+
| 6620920223 | <http://lod2.eu/schemas/rdfh#lo_orderdateYear1993>  | <http://lod2.eu/schemas/rdfh#lo_partkeyBrand1MFGR-2223> |
+------------+-----------------------------------------------------+---------------------------------------------------------+
| 6110973460 | <http://lod2.eu/schemas/rdfh#lo_orderdateYear1993>  | <http://lod2.eu/schemas/rdfh#lo_partkeyBrand1MFGR-2224> |
+------------+-----------------------------------------------------+---------------------------------------------------------+
| 6608578845 | <http://lod2.eu/schemas/rdfh#lo_orderdateYear1993>  | <http://lod2.eu/schemas/rdfh#lo_partkeyBrand1MFGR-2225> |
+------------+-----------------------------------------------------+---------------------------------------------------------+
| 6614262841 | <http://lod2.eu/schemas/rdfh#lo_orderdateYear1993>  | <http://lod2.eu/schemas/rdfh#lo_partkeyBrand1MFGR-2226> |
+------------+-----------------------------------------------------+---------------------------------------------------------+
| 6946606249 | <http://lod2.eu/schemas/rdfh#lo_orderdateYear1993>  | <http://lod2.eu/schemas/rdfh#lo_partkeyBrand1MFGR-2227> |
+------------+-----------------------------------------------------+---------------------------------------------------------+
| 7253301550 | <http://lod2.eu/schemas/rdfh#lo_orderdateYear1993>  | <http://lod2.eu/schemas/rdfh#lo_partkeyBrand1MFGR-2228> |
+------------+-----------------------------------------------------+---------------------------------------------------------+
| 6588811668 | <http://lod2.eu/schemas/rdfh#lo_orderdateYear1994>  | <http://lod2.eu/schemas/rdfh#lo_partkeyBrand1MFGR-2221> |
+------------+-----------------------------------------------------+---------------------------------------------------------+
| 6424022190 | <http://lod2.eu/schemas/rdfh#lo_orderdateYear1994>  | <http://lod2.eu/schemas/rdfh#lo_partkeyBrand1MFGR-2222> |
+------------+-----------------------------------------------------+---------------------------------------------------------+
| 6559306902 | <http://lod2.eu/schemas/rdfh#lo_orderdateYear1994>  | <http://lod2.eu/schemas/rdfh#lo_partkeyBrand1MFGR-2223> |
+------------+-----------------------------------------------------+---------------------------------------------------------+
| 6631704291 | <http://lod2.eu/schemas/rdfh#lo_orderdateYear1994>  | <http://lod2.eu/schemas/rdfh#lo_partkeyBrand1MFGR-2224> |
+------------+-----------------------------------------------------+---------------------------------------------------------+
| 6565389460 | <http://lod2.eu/schemas/rdfh#lo_orderdateYear1994>  | <http://lod2.eu/schemas/rdfh#lo_partkeyBrand1MFGR-2225> |
+------------+-----------------------------------------------------+---------------------------------------------------------+
| 6626318100 | <http://lod2.eu/schemas/rdfh#lo_orderdateYear1994>  | <http://lod2.eu/schemas/rdfh#lo_partkeyBrand1MFGR-2226> |
+------------+-----------------------------------------------------+---------------------------------------------------------+
| 6867209133 | <http://lod2.eu/schemas/rdfh#lo_orderdateYear1994>  | <http://lod2.eu/schemas/rdfh#lo_partkeyBrand1MFGR-2227> |
+------------+-----------------------------------------------------+---------------------------------------------------------+
| 6653935901 | <http://lod2.eu/schemas/rdfh#lo_orderdateYear1994>  | <http://lod2.eu/schemas/rdfh#lo_partkeyBrand1MFGR-2228> |
+------------+-----------------------------------------------------+---------------------------------------------------------+
| 6907373892 | <http://lod2.eu/schemas/rdfh#lo_orderdateYear1995>  | <http://lod2.eu/schemas/rdfh#lo_partkeyBrand1MFGR-2221> |
+------------+-----------------------------------------------------+---------------------------------------------------------+
| 6332573724 | <http://lod2.eu/schemas/rdfh#lo_orderdateYear1995>  | <http://lod2.eu/schemas/rdfh#lo_partkeyBrand1MFGR-2222> |
+------------+-----------------------------------------------------+---------------------------------------------------------+
| 6667064959 | <http://lod2.eu/schemas/rdfh#lo_orderdateYear1995>  | <http://lod2.eu/schemas/rdfh#lo_partkeyBrand1MFGR-2223> |
+------------+-----------------------------------------------------+---------------------------------------------------------+
| 6565064864 | <http://lod2.eu/schemas/rdfh#lo_orderdateYear1995>  | <http://lod2.eu/schemas/rdfh#lo_partkeyBrand1MFGR-2224> |
+------------+-----------------------------------------------------+---------------------------------------------------------+
| 6371083887 | <http://lod2.eu/schemas/rdfh#lo_orderdateYear1995>  | <http://lod2.eu/schemas/rdfh#lo_partkeyBrand1MFGR-2225> |
+------------+-----------------------------------------------------+---------------------------------------------------------+
| 6672328128 | <http://lod2.eu/schemas/rdfh#lo_orderdateYear1995>  | <http://lod2.eu/schemas/rdfh#lo_partkeyBrand1MFGR-2226> |
+------------+-----------------------------------------------------+---------------------------------------------------------+
| 6549754603 | <http://lod2.eu/schemas/rdfh#lo_orderdateYear1995>  | <http://lod2.eu/schemas/rdfh#lo_partkeyBrand1MFGR-2227> |
+------------+-----------------------------------------------------+---------------------------------------------------------+
| 6911313136 | <http://lod2.eu/schemas/rdfh#lo_orderdateYear1995>  | <http://lod2.eu/schemas/rdfh#lo_partkeyBrand1MFGR-2228> |
+------------+-----------------------------------------------------+---------------------------------------------------------+
| 6933778608 | <http://lod2.eu/schemas/rdfh#lo_orderdateYear1996>  | <http://lod2.eu/schemas/rdfh#lo_partkeyBrand1MFGR-2221> |
+------------+-----------------------------------------------------+---------------------------------------------------------+
| 6096192174 | <http://lod2.eu/schemas/rdfh#lo_orderdateYear1996>  | <http://lod2.eu/schemas/rdfh#lo_partkeyBrand1MFGR-2222> |
+------------+-----------------------------------------------------+---------------------------------------------------------+
| 6951514377 | <http://lod2.eu/schemas/rdfh#lo_orderdateYear1996>  | <http://lod2.eu/schemas/rdfh#lo_partkeyBrand1MFGR-2223> |
+------------+-----------------------------------------------------+---------------------------------------------------------+
| 6334737765 | <http://lod2.eu/schemas/rdfh#lo_orderdateYear1996>  | <http://lod2.eu/schemas/rdfh#lo_partkeyBrand1MFGR-2224> |
+------------+-----------------------------------------------------+---------------------------------------------------------+
| 5945421981 | <http://lod2.eu/schemas/rdfh#lo_orderdateYear1996>  | <http://lod2.eu/schemas/rdfh#lo_partkeyBrand1MFGR-2225> |
+------------+-----------------------------------------------------+---------------------------------------------------------+
| 6733596764 | <http://lod2.eu/schemas/rdfh#lo_orderdateYear1996>  | <http://lod2.eu/schemas/rdfh#lo_partkeyBrand1MFGR-2226> |
+------------+-----------------------------------------------------+---------------------------------------------------------+
| 6814712632 | <http://lod2.eu/schemas/rdfh#lo_orderdateYear1996>  | <http://lod2.eu/schemas/rdfh#lo_partkeyBrand1MFGR-2227> |
+------------+-----------------------------------------------------+---------------------------------------------------------+
| 6930419088 | <http://lod2.eu/schemas/rdfh#lo_orderdateYear1996>  | <http://lod2.eu/schemas/rdfh#lo_partkeyBrand1MFGR-2228> |
+------------+-----------------------------------------------------+---------------------------------------------------------+
| 6551395246 | <http://lod2.eu/schemas/rdfh#lo_orderdateYear1997>  | <http://lod2.eu/schemas/rdfh#lo_partkeyBrand1MFGR-2221> |
+------------+-----------------------------------------------------+---------------------------------------------------------+
| 6592998383 | <http://lod2.eu/schemas/rdfh#lo_orderdateYear1997>  | <http://lod2.eu/schemas/rdfh#lo_partkeyBrand1MFGR-2222> |
+------------+-----------------------------------------------------+---------------------------------------------------------+
| 6431394307 | <http://lod2.eu/schemas/rdfh#lo_orderdateYear1997>  | <http://lod2.eu/schemas/rdfh#lo_partkeyBrand1MFGR-2223> |
+------------+-----------------------------------------------------+---------------------------------------------------------+
| 6546742375 | <http://lod2.eu/schemas/rdfh#lo_orderdateYear1997>  | <http://lod2.eu/schemas/rdfh#lo_partkeyBrand1MFGR-2224> |
+------------+-----------------------------------------------------+---------------------------------------------------------+
| 6375193223 | <http://lod2.eu/schemas/rdfh#lo_orderdateYear1997>  | <http://lod2.eu/schemas/rdfh#lo_partkeyBrand1MFGR-2225> |
+------------+-----------------------------------------------------+---------------------------------------------------------+
| 6565505960 | <http://lod2.eu/schemas/rdfh#lo_orderdateYear1997>  | <http://lod2.eu/schemas/rdfh#lo_partkeyBrand1MFGR-2226> |
+------------+-----------------------------------------------------+---------------------------------------------------------+
| 6491504059 | <http://lod2.eu/schemas/rdfh#lo_orderdateYear1997>  | <http://lod2.eu/schemas/rdfh#lo_partkeyBrand1MFGR-2227> |
+------------+-----------------------------------------------------+---------------------------------------------------------+
| 6566717020 | <http://lod2.eu/schemas/rdfh#lo_orderdateYear1997>  | <http://lod2.eu/schemas/rdfh#lo_partkeyBrand1MFGR-2228> |
+------------+-----------------------------------------------------+---------------------------------------------------------+
| 3891658885 | <http://lod2.eu/schemas/rdfh#lo_orderdateYear1998>  | <http://lod2.eu/schemas/rdfh#lo_partkeyBrand1MFGR-2221> |
+------------+-----------------------------------------------------+---------------------------------------------------------+
| 3806608435 | <http://lod2.eu/schemas/rdfh#lo_orderdateYear1998>  | <http://lod2.eu/schemas/rdfh#lo_partkeyBrand1MFGR-2222> |
+------------+-----------------------------------------------------+---------------------------------------------------------+
| 4052037378 | <http://lod2.eu/schemas/rdfh#lo_orderdateYear1998>  | <http://lod2.eu/schemas/rdfh#lo_partkeyBrand1MFGR-2223> |
+------------+-----------------------------------------------------+---------------------------------------------------------+
| 3654877625 | <http://lod2.eu/schemas/rdfh#lo_orderdateYear1998>  | <http://lod2.eu/schemas/rdfh#lo_partkeyBrand1MFGR-2224> |
+------------+-----------------------------------------------------+---------------------------------------------------------+
| 3822889226 | <http://lod2.eu/schemas/rdfh#lo_orderdateYear1998>  | <http://lod2.eu/schemas/rdfh#lo_partkeyBrand1MFGR-2225> |
+------------+-----------------------------------------------------+---------------------------------------------------------+
| 3944653926 | <http://lod2.eu/schemas/rdfh#lo_orderdateYear1998>  | <http://lod2.eu/schemas/rdfh#lo_partkeyBrand1MFGR-2226> |
+------------+-----------------------------------------------------+---------------------------------------------------------+
| 3727587631 | <http://lod2.eu/schemas/rdfh#lo_orderdateYear1998>  | <http://lod2.eu/schemas/rdfh#lo_partkeyBrand1MFGR-2227> |
+------------+-----------------------------------------------------+---------------------------------------------------------+
| 4123005412 | <http://lod2.eu/schemas/rdfh#lo_orderdateYear1998>  | <http://lod2.eu/schemas/rdfh#lo_partkeyBrand1MFGR-2228> |
+------------+-----------------------------------------------------+---------------------------------------------------------+


Execution Time: 139

