
Version:                Openlink BIBM Test Driver 0.7.7
Start date:             Thu Dec 10 20:42:25 EST 2015
Scale factor:           1.0
Explore Endpoint:       jdbc:mysql://localhost/ssb1?user=root
Update Endpoint:        jdbc:mysql://localhost/ssb1?user=root
Use case:               /mnt/my-data/evaluation/bibm/./../mysql/queries
Query Streams of Throughput Test:1
Seed:                   808080
TPC-H Power:            824.6 qph*scale (geom)
TPC-H Throughput:       0.0 qph*scale
TPC-H Composite:        0.2
Measurment Interval:    1449798226.6 seconds

Duration of stream execution:
                Query Start         Query End       Duration     RF1 Start           RF2 End           RF2 Start          RF2 End  
Stream 1:	10/12/2015 08:42:25	10/12/2015 08:43:46	00:01:20	

TPC Timing intervals (in seconds):

Query		Q1	Q2	Q3	Q4	Q5	Q6	Q7	Q8	
Stream 1:	1.2	0.9	0.9	12.8	12.5	12.2	8.4	6.4	
Minimum: 	1.2	0.9	0.9	12.8	12.5	12.2	8.4	6.4	
Maximum: 	1.2	0.9	0.9	12.8	12.5	12.2	8.4	6.4	
Average: 	1.2	0.9	0.9	12.8	12.5	12.2	8.4	6.4	

Query		Q9	Q10	Q11	Q12	Q13	Q14	Q15	Q16	
Stream 1:	6.2	2.4	9.1	4.2	4.0	    	    	    	
Minimum: 	6.2	2.4	9.1	4.2	4.0	    	    	    	
Maximum: 	6.2	2.4	9.1	4.2	4.0	    	    	    	
Average: 	6.2	2.4	9.1	4.2	4.0	    	    	    	

Query		Q17	Q18	Q19	Q20	Q21	Q22	RF1	RF2	
Stream 1:	    	    	    	    	    	    	    	    	
Minimum: 	    	    	    	    	    	    	    	    	
Maximum: 	    	    	    	    	    	    	    	    	
Average: 	    	    	    	    	    	    	    	    	

