
Version:                Openlink BIBM Test Driver 0.7.7
Start date:             Thu Dec 10 20:39:57 EST 2015
Scale factor:           1.0
Explore Endpoint:       jdbc:mysql://localhost/ssb1?user=root
Update Endpoint:        jdbc:mysql://localhost/ssb1?user=root
Use case:               /mnt/my-data/evaluation/bibm/./../mysql/queries
Query Streams of Throughput Test:1
Seed:                   808080
TPC-H Power:            837.0 qph*scale (geom)
TPC-H Throughput:       0.0 qph*scale
TPC-H Composite:        0.2
Measurment Interval:    1449798076.9 seconds

Duration of stream execution:
                Query Start         Query End       Duration     RF1 Start           RF2 End           RF2 Start          RF2 End  
Stream 1:	10/12/2015 08:39:57	10/12/2015 08:41:16	00:01:19	

TPC Timing intervals (in seconds):

Query		Q1	Q2	Q3	Q4	Q5	Q6	Q7	Q8	
Stream 1:	1.2	0.8	0.8	12.4	12.0	11.9	8.3	6.3	
Minimum: 	1.2	0.8	0.8	12.4	12.0	11.9	8.3	6.3	
Maximum: 	1.2	0.8	0.8	12.4	12.0	11.9	8.3	6.3	
Average: 	1.2	0.8	0.8	12.4	12.0	11.9	8.3	6.3	

Query		Q9	Q10	Q11	Q12	Q13	Q14	Q15	Q16	
Stream 1:	6.1	2.4	9.1	4.2	4.0	    	    	    	
Minimum: 	6.1	2.4	9.1	4.2	4.0	    	    	    	
Maximum: 	6.1	2.4	9.1	4.2	4.0	    	    	    	
Average: 	6.1	2.4	9.1	4.2	4.0	    	    	    	

Query		Q17	Q18	Q19	Q20	Q21	Q22	RF1	RF2	
Stream 1:	    	    	    	    	    	    	    	    	
Minimum: 	    	    	    	    	    	    	    	    	
Maximum: 	    	    	    	    	    	    	    	    	
Average: 	    	    	    	    	    	    	    	    	

